Random waveform, random seed
Total number of intervals = 130 (33653, 143834, 57742, 54606, 18963, 12765, 141945, 152668, 133604, 160144, 125608, 171001, 63716, 8437, 20993, 6457, 168118, 80787, 87695, 153051, 83958, 5752, 52865, 150508, 47425, 72904, 61371, 142633, 165753, 57039, 141291, 11518, 11531, 43631, 13695, 27830, 112961, 66404, 34652, 142528, 165951, 62615, 47354, 108454, 99638, 146887, 85431, 73851, 67942, 155159, 162638, 36731, 74311, 83795, 66616, 94296, 147212, 128926, 111506, 113454, 128555, 174538, 179750, 111985, 105961, 21464, 40560, 30369, 82404, 131029, 101205, 59740, 35310, 166544, 66578, 150440, 139207, 160853, 131515, 41514, 140376, 48337, 7849, 126041, 94573, 72193, 13272, 93341, 15249, 66611, 172854, 60335, 48429, 152398, 136107, 49974, 44905, 71813, 109358, 58771, 9950, 85594, 15183, 176153, 24634, 118965, 177662, 20753, 170066, 96357, 131214, 56239, 166407, 35849, 123079, 10220, 67288, 5825, 51365, 140408, 61356, 65886, 66660, 136237, 122950, 125690, 146081, 20920, 173472, 126801)
Average QPS expected = 89587
Timestamp start: 1746541907832
Timestamp end: 1746543208089

#type       avg     std     min      p5     p10     p50     p67     p75     p80     p85     p90     p95     p99    p999   p9999      QPS   target
read      229.6   202.0    50.7   106.2   118.4   216.1   251.5   269.0   281.4   295.6   316.1   350.0   518.7  3288.7  7544.0  33600.4    33653
read      272.7   324.4    59.1   111.6   124.5   206.5   250.1   276.0   296.4   322.4   363.9   538.0  1601.3  3379.1  7864.4 143927.1   143834
read      257.5   307.0    59.1   101.5   112.0   219.4   273.9   301.8   321.2   345.8   378.6   435.2  1082.4  5204.2  7833.7  57880.9    57742
read      291.7   468.4    59.1   100.5   111.5   228.9   287.6   319.5   342.0   367.8   400.9   464.5  1985.3  7056.5  9460.4  54587.5    54606
read      228.0   169.5    59.1   107.4   121.2   209.7   243.2   261.0   272.7   288.1   308.7   345.9   797.5  2306.5  5137.5  18959.0    18963
read      217.4   295.5    63.8   109.3   123.5   192.5   217.2   232.7   244.7   258.8   277.3   316.1   836.7  2603.4 14415.9  12745.0    12765
read      285.5   344.3    54.7   112.4   126.1   211.9   255.8   282.8   304.3   332.8   379.8   724.5  1605.8  3525.0  8257.2 141932.8   141945
read      251.4   276.7    50.7   116.4   130.3   209.1   251.5   277.8   298.0   322.8   358.7   429.2  1007.3  3457.7  7891.6 152655.2   152668
read      227.7   223.7    54.7   106.2   117.1   188.1   231.9   261.2   283.1   308.9   341.2   399.4   888.0  3136.5  7329.8 133622.6   133604
read      232.3   253.0    54.7   112.3   125.0   197.1   235.9   261.4   280.2   303.9   335.3   390.4   797.6  3290.4  7974.3 160042.3   160144
read      224.2   224.8    54.7   103.9   114.2   184.4   229.8   259.7   281.6   307.2   338.2   392.3   874.9  3188.2  7419.8 125685.4   125608
read      235.5   242.0    54.7   116.5   130.2   203.9   242.2   266.0   283.9   306.1   336.3   389.9   671.2  3354.4  7750.8 170983.5   171001
read      251.2   343.5    54.7    98.6   108.7   209.4   264.3   293.2   313.2   337.2   368.8   426.1  1090.4  5830.6  8593.8  63810.5    63716
read      192.2   142.6    59.1   104.1   117.0   175.5   196.5   208.8   217.7   231.3   251.2   291.6   646.8  1874.2  5043.5   8450.6     8437
read      227.6   236.8    63.8   102.7   115.3   203.5   235.6   254.2   267.4   283.1   304.9   346.7   920.4  2945.2  8116.8  20929.1    20993
read      191.8   215.0    59.1   103.4   115.3   169.2   188.2   199.8   209.4   221.0   239.7   281.8   760.2  2753.3  7922.9   6455.6     6457
read      292.9   321.3    54.7   124.9   141.6   231.1   273.0   299.5   320.7   350.9   401.4   577.7  1544.6  3483.2  8036.2 167877.6   168118
read      252.6   350.1    54.7    99.3   109.3   202.3   262.1   294.7   317.3   344.3   382.0   447.5  1196.6  6098.6 10638.7  80610.1    80787
read      273.7   373.9    54.7   100.7   111.5   210.9   277.2   317.7   345.8   378.5   420.0   494.1  1434.2  5821.4 10256.9  87754.3    87695
read      259.9   298.3    54.7   112.5   125.8   206.5   249.6   275.6   296.2   321.3   360.2   458.9  1476.9  3591.4  8086.6 153195.4   153051
read      254.2   330.7    54.7    99.6   109.8   203.3   265.4   300.3   324.4   353.7   392.6   458.8  1104.5  5406.1  9272.1  83837.1    83958
read      178.9   150.8    68.9   101.6   112.4   162.7   181.3   192.2   200.4   211.9   228.4   262.3   585.5  2039.0  7101.6   5778.6     5752
read      278.8   423.4    54.7    98.0   108.4   217.9   276.4   307.4   327.5   350.8   382.5   448.7  1953.3  6223.2  8771.6  52865.9    52865
read      241.8   266.7    54.7   108.5   120.1   193.9   233.8   259.2   278.3   302.9   336.3   402.4  1443.7  3287.1  7237.7 150582.5   150508
read      261.8   376.7    50.7    99.4   109.8   214.7   263.8   290.0   308.5   329.9   358.7   412.8  1578.5  6268.7  8353.1  47486.1    47425
read      280.8   417.1    54.7    99.0   109.6   215.7   279.7   316.7   342.5   372.6   411.9   489.2  1602.8  6670.5  9706.6  72827.9    72904
read      284.9   464.1    54.7    98.3   108.7   218.9   279.4   313.1   336.1   362.6   396.9   464.9  1850.7  7059.6 10715.2  61365.3    61371
read      248.6   276.2    54.7   109.3   121.0   197.7   240.8   267.8   287.9   312.6   346.0   423.2  1462.9  3340.5  7565.2 142588.0   142633
read      227.4   196.8    59.1   115.3   128.7   200.1   237.2   261.0   278.2   299.7   328.5   375.3   619.3  2773.3  5984.8 165847.0   165753
read      248.4   303.4    50.7    98.5   108.6   213.0   265.6   293.6   313.4   336.8   367.1   417.7   971.4  5194.9  8271.6  56898.5    57039
read      269.4   307.5    54.7   110.1   122.4   205.3   250.8   277.4   298.1   324.1   364.6   530.9  1559.0  3188.7  7476.3 141111.0   141291
read      200.3   215.9    59.1   107.6   121.2   183.7   205.4   217.8   228.1   240.4   258.5   289.8   521.2  2368.1 10596.0  11490.7    11518
read      194.4   129.8    59.1   103.9   117.2   182.3   205.2   217.8   228.2   240.4   258.1   289.5   484.7  2076.7  3612.2  11521.2    11531
read      256.1   302.2    54.7    99.4   110.4   219.1   273.8   301.6   319.2   339.8   366.4   413.4  1155.6  4634.9  8131.2  43566.8    43631
read      201.7   151.8    50.7   104.5   118.1   188.7   213.2   227.6   238.3   252.3   269.7   298.1   522.8  2088.9  7408.6  13686.0    13695
read      235.3   188.0    59.1   101.8   113.7   214.4   255.9   276.1   290.4   306.9   328.1   368.1   936.2  2510.1  4319.4  27870.4    27830
read      265.3   315.9    54.7   105.5   116.7   200.0   256.0   291.5   319.1   357.0   418.1   556.7  1420.7  3740.9  9457.9 112967.9   112961
read      251.0   321.5    54.7    99.5   109.6   210.9   268.8   298.3   318.8   343.5   375.4   429.2   960.0  5489.8  8713.7  66352.8    66404
read      246.3   267.5    59.1   100.4   111.7   215.9   263.7   286.6   302.1   319.2   342.3   384.3  1123.5  3736.6  8212.0  34664.6    34652
read      235.2   253.4    59.1   107.4   118.6   190.8   233.8   260.9   280.3   304.0   335.2   390.4  1404.6  2784.6  7964.7 142301.7   142528
read      228.3   210.6    59.1   116.0   129.5   201.1   238.5   261.9   278.7   299.5   327.0   371.2   557.8  3030.1  7175.1 166057.7   165951
read      252.5   339.9    54.7    98.9   108.8   213.3   270.1   299.9   320.5   345.5   377.5   429.8   974.0  5575.4 10576.9  62758.0    62615
read      256.2   296.0    54.7    99.4   110.0   218.6   274.9   304.2   322.3   343.7   371.5   423.8  1093.4  4299.8  7917.6  47317.1    47354
read      236.0   187.3    54.7   104.8   115.6   194.8   249.3   284.7   310.4   340.2   382.4   464.6   785.2  2113.0  5502.1 108542.6   108454
read      240.5   333.9    54.7   102.7   112.9   194.4   251.8   287.0   312.2   341.9   382.3   451.7   805.7  3329.4 11969.8  99676.1    99638
read      222.3   184.8    59.1   110.7   122.3   192.6   232.6   258.5   277.6   301.1   331.2   378.2   645.8  2431.6  4382.0 146603.3   146887
read      250.0   275.6    59.1   102.1   112.4   204.9   268.0   304.2   329.6   359.9   398.9   460.4   871.1  4002.4  9714.4  85531.3    85431
read      264.6   361.5    54.7   100.0   110.5   216.6   281.9   318.7   344.6   373.6   409.0   465.4  1079.1  6168.5 10984.8  73963.2    73851
read      262.6   329.3    59.1    99.1   109.4   217.2   280.1   315.7   339.8   367.1   400.2   454.3  1152.8  5550.6  8651.4  67891.7    67942
read      279.5   317.4    59.1   117.6   132.2   220.4   263.6   288.5   307.7   332.3   369.3   487.2  1565.9  3396.7  8150.5 155178.8   155159
read      224.9   225.6    50.7   114.6   127.8   198.7   236.1   260.2   277.4   298.9   326.8   371.3   522.6  2738.7 10467.1 162601.0   162638
read      229.8   255.9    59.1   102.2   113.0   213.1   253.8   274.6   289.7   306.7   327.9   363.4   546.0  2615.5 13348.5  36743.6    36731
read      261.4   327.9    54.7    99.1   109.4   214.1   279.4   315.8   341.3   369.9   404.3   460.3  1115.7  5651.7  9049.8  74396.1    74311
read      259.6   342.5    59.1    99.6   109.8   207.5   273.0   311.8   339.1   369.0   403.8   459.4  1184.3  5389.2 10512.2  83934.8    83795
read      255.8   333.5    54.7    97.9   107.6   213.3   274.7   308.8   332.0   357.8   389.2   436.3   997.8  5762.9  9834.3  66679.4    66616
read      238.2   265.7    54.7   100.7   110.6   193.9   254.9   291.1   316.8   347.2   386.8   447.2   714.5  3444.2  9188.9  94257.5    94296
read      227.0   222.9    54.7   107.9   118.9   188.4   228.8   253.8   272.7   295.7   325.6   376.0  1309.2  2592.3  7009.9 147456.1   147212
read      207.7   145.0    54.7   103.2   113.0   177.7   219.1   247.5   269.2   294.1   323.7   368.8   651.9  1563.5  4732.2 129084.5   128926
read      231.0   214.2    54.7   103.5   113.6   187.4   239.0   273.2   298.3   327.9   368.4   450.0   801.1  2527.4  7521.1 111571.6   111506
read      237.0   210.4    54.7   103.4   113.8   190.4   245.7   282.2   309.9   344.3   396.2   483.9   797.3  2373.9  6939.4 113317.8   113454
read      210.1   166.7    54.7   102.1   111.8   176.9   219.0   248.4   270.2   295.2   325.9   373.5   702.1  2171.3  4637.8 128511.0   128555
read      235.6   266.6    59.1   118.8   132.7   206.2   242.7   264.9   281.2   301.5   329.1   374.5   739.0  3239.7  7178.4 174820.5   174538
read      235.0   207.5    54.7   122.2   136.8   211.2   247.5   269.1   285.4   305.0   331.4   374.8   541.8  3008.9  7309.9 179651.7   179750
read      228.1   192.9    54.7   102.1   111.9   185.4   239.2   275.1   301.9   333.3   375.5   456.4   727.8  1917.8  7163.6 112012.7   111985
read      237.5   251.1    54.7   101.5   111.4   189.0   246.0   283.0   310.1   341.5   385.0   459.4   940.2  3085.1 10528.1 105957.8   105961
read      219.1   162.3    59.1   102.7   114.8   204.0   236.3   255.3   268.1   283.1   302.6   336.8   647.9  2378.3  4985.3  21513.5    21464
read      262.7   347.6    59.1    98.4   109.2   217.2   269.6   295.2   312.8   333.1   360.3   414.4  1578.6  5028.9  8927.3  40545.3    40560
read      226.8   179.9    54.7   100.9   112.2   211.1   252.6   272.8   286.9   302.4   321.0   354.8   619.2  2660.3  6755.2  30293.4    30369
read      236.9   172.1    54.7    98.8   109.0   204.5   270.1   307.3   331.9   359.5   392.2   439.2   576.2  2282.5  4601.9  82462.7    82404
read      238.0   245.6    50.7   103.9   114.3   185.9   232.0   261.4   282.7   308.1   341.4   420.7  1437.8  2642.3  6919.7 131015.2   131029
read      220.8   124.2    46.9   100.1   110.2   193.7   253.3   288.0   311.6   337.4   368.1   411.3   503.5   712.9  3012.9 101403.7   101205
read      216.1    98.4    54.7    97.2   106.9   204.7   257.7   283.5   300.3   318.1   340.0   370.9   436.2   605.9  1709.0  59742.6    59740
read      217.0   111.6    46.9   100.1   110.9   211.7   250.8   269.7   282.7   296.7   315.8   344.5   437.3  1168.3  3206.0  35189.2    35310
read      261.3   268.8    54.7   116.6   130.7   211.8   251.5   275.1   294.2   317.9   353.4   437.1  1485.8  3035.1  7031.5 166539.9   166544
read      211.5   138.0    54.7    98.2   107.8   197.8   248.6   273.5   290.2   308.4   330.3   363.5   435.0   642.6  4816.9  66572.7    66578
read      259.1   289.3    54.7   111.1   123.6   201.3   240.5   265.6   285.4   311.2   348.9   462.5  1524.1  3234.9  7168.4 150584.9   150440
read      201.7   127.3    59.1   104.3   114.2   177.9   217.0   243.4   264.4   288.6   317.4   359.5   466.4  1097.2  2702.0 139168.9   139207
read      208.5   127.3    50.7   111.1   122.6   188.1   224.3   247.6   265.6   287.1   314.5   357.0   465.0  1149.9  2902.2 160711.9   160853
read      198.7   138.5    54.7   101.9   111.4   174.6   215.9   243.7   265.2   289.2   316.5   354.6   439.8   969.3  2635.0 131556.9   131515
read      206.4   273.8    54.7   101.7   111.9   202.7   232.9   248.9   260.3   272.7   289.9   315.6   385.6   702.6 11653.7  41510.9    41514
read      205.4   118.7    54.7   105.7   116.3   183.8   224.6   251.2   271.3   294.7   322.1   363.1   458.8   755.6  2748.5 140420.3   140376
read      205.5   140.4    54.7   102.1   112.6   205.1   239.3   255.7   266.8   279.1   294.9   319.0   375.6   533.4  2759.8  48273.6    48337
read      171.9    63.8    54.7   105.9   118.5   169.1   185.0   194.4   200.8   209.7   220.1   239.2   292.0   464.4  2627.7   7888.4     7849
read      196.7   115.5    54.7   101.5   110.9   174.3   216.7   245.1   266.4   289.5   315.0   347.9   414.3   562.5  2899.1 125913.8   126041
read      198.7    98.6    50.7    98.0   107.1   178.5   229.9   258.7   276.4   294.8   315.9   345.2   405.8   546.8  1647.7  94377.0    94573
read      202.3    85.1    54.7    98.4   108.0   190.0   239.6   262.7   276.9   292.7   311.9   339.6   397.2   533.8  1626.9  71989.2    72193
read      181.6   192.5    59.1   105.9   118.7   176.0   193.5   202.6   210.5   218.5   231.2   251.8   307.1   683.7 11209.5  13308.5    13272
read      198.4    95.5    50.7    98.2   107.3   178.9   229.9   258.1   275.2   293.3   314.4   343.7   404.6   532.4  2412.4  93138.7    93341
read      185.5   205.5    59.1   106.9   120.1   181.2   199.3   209.9   217.1   227.3   240.2   264.8   326.6   550.4  5475.0  15313.7    15249
read      203.1   104.6    50.7    98.8   108.6   193.3   240.2   261.6   274.7   290.1   308.5   335.6   396.1   567.5  3065.1  66563.7    66611
read      215.3   136.4    54.7   115.6   128.7   198.1   234.3   257.3   274.1   294.9   320.9   362.3   453.1   704.2  4153.5 172935.7   172854
read      206.0    87.1    54.7   100.0   110.0   200.1   243.6   263.5   275.8   290.9   309.2   336.4   401.8   609.5  2279.6  60404.7    60335
read      205.0    84.2    54.7   101.6   111.9   204.9   239.5   256.3   268.0   281.1   297.0   321.2   383.0   551.9  1517.7  48451.5    48429
read      201.2   122.0    54.7   107.3   117.9   181.8   219.2   244.0   263.4   285.8   312.8   349.0   423.5   586.5  2145.7 152312.2   152398
read      198.0   102.7    54.7   103.5   113.4   177.0   217.2   244.0   264.8   287.9   314.3   348.6   419.5   570.9  2882.0 135977.0   136107
read      203.3    83.6    54.7   100.9   111.0   203.0   237.8   254.8   266.5   279.2   295.3   319.3   373.5   521.4  2511.0  49904.6    49974
read      203.6    80.6    54.7   102.1   112.4   204.6   236.8   253.3   264.7   276.6   293.0   317.2   370.2   483.2  1548.2  44865.8    44905
read      203.2   126.2    54.7    98.4   107.9   191.0   240.5   263.2   277.2   292.4   310.8   337.7   396.5   539.4  3538.6  71801.2    71813
read      198.0   133.6    50.7    99.6   108.9   175.6   222.9   252.5   272.8   294.0   317.1   348.9   414.2   554.0  2586.0 109341.8   109358
read      204.2    81.1    54.7    99.9   109.9   200.0   242.0   261.4   273.5   288.0   305.2   331.0   387.1   511.4  1560.5  58767.8    58771
read      176.2    56.6    59.1   109.7   122.5   173.8   189.6   198.8   205.7   214.3   226.2   246.1   294.5   477.4  2046.7   9939.3     9950
read      200.6    90.5    54.7    98.5   107.8   183.1   235.3   261.7   277.6   294.5   314.5   342.5   400.6   529.1  2263.4  85574.7    85594
read      180.5    50.4    54.7   106.9   120.1   179.8   197.0   206.5   213.7   222.1   233.6   254.2   311.2   447.2   836.2  15153.7    15183
read      217.2   119.3    54.7   117.6   130.8   200.7   236.6   259.6   276.1   296.6   322.8   364.0   453.9   657.0  3861.2 176164.6   176153
read      192.2    64.8    63.8   105.4   117.0   193.1   214.0   225.1   232.6   242.8   255.4   277.9   336.4   558.4  2017.8  24520.9    24634
read      196.1    99.7    54.7   100.3   109.7   174.4   219.0   247.9   268.3   290.1   314.1   345.5   409.5   539.3  2104.9 118985.2   118965
read      219.3   124.5    54.7   118.7   132.1   203.1   239.5   262.4   279.0   299.1   325.3   365.9   455.3   668.6  3319.2 177544.3   177662
read      189.2   111.8    59.1   106.6   118.7   188.6   207.8   217.7   225.9   234.5   248.5   270.0   318.3   468.7  4623.2  20715.7    20753
read      209.3   120.7    54.7   113.2   125.6   192.3   228.2   250.6   268.0   288.8   314.9   353.7   434.1   634.6  3015.3 169963.9   170066
read      198.5    91.0    50.7    98.4   107.7   178.6   229.3   257.8   275.4   293.7   314.7   343.7   405.1   553.2  1791.8  96411.2    96357
read      197.5   110.4    54.7   102.2   111.9   175.9   217.5   245.3   266.4   289.2   314.6   348.1   417.5   588.0  3107.0 131212.3   131214
read      202.1    83.5    54.7    99.7   109.7   200.1   238.8   256.8   268.6   281.8   297.0   320.7   373.4   491.5  2127.6  56294.0    56239
read      209.9   115.9    54.7   113.1   125.4   192.4   228.8   251.8   269.6   290.7   317.1   357.2   437.9   639.9  3096.3 166539.2   166407
read      198.3    80.0    54.7   103.2   113.9   201.2   226.5   239.1   248.8   259.9   273.6   296.4   350.8   525.7  2011.4  35841.8    35849
read      197.3   107.3    54.7   100.5   110.0   174.5   218.7   247.9   268.8   291.3   316.2   349.7   423.0   646.8  2941.9 122984.7   123079
read      175.0    73.3    54.7   106.6   119.5   172.5   188.6   198.1   204.8   213.9   225.8   245.5   295.5   459.1  3051.5  10264.0    10220
read      202.4    83.4    54.7    98.7   108.4   194.1   240.8   261.3   274.1   288.9   306.7   333.1   392.6   516.3  1431.7  67180.3    67288
read      165.9    61.6    54.7   104.1   115.8   162.7   177.9   186.2   193.2   200.7   212.3   231.1   290.8   471.0  2016.0   5826.7     5825
read      205.0    84.0    50.7   100.5   110.6   204.0   240.8   258.4   270.3   284.3   301.1   327.3   387.0   522.5  2240.9  51365.2    51365
read      199.8   101.7    54.7   104.4   114.6   179.4   219.1   245.4   265.7   288.8   315.8   352.2   424.3   584.7  2336.0 140354.9   140408
read      207.5   140.2    54.7    99.6   109.6   200.2   244.2   264.0   276.5   291.5   309.5   336.1   398.3   645.3  6809.6  61325.9    61356
read      205.1    94.9    54.7    99.1   108.9   196.2   243.3   265.1   278.9   294.0   312.9   340.1   398.7   543.6  2619.0  65926.0    65886
read      205.5    93.3    54.7    99.1   108.9   195.8   243.8   265.7   279.6   294.5   313.3   340.6   399.8   538.7  2539.5  66625.2    66660
read      197.5   138.9    54.7   103.0   112.7   175.8   216.3   243.2   264.3   287.7   314.3   349.6   417.7   540.9  2062.4 136018.0   136237
read      197.0   131.4    54.7   100.8   110.2   174.2   217.9   246.7   268.0   290.8   316.2   350.3   418.2   549.1  2638.6 122880.3   122950
read      197.1   118.0    50.7   101.5   110.9   174.6   217.6   246.3   267.8   291.0   316.5   350.1   416.7   542.6  2874.4 125877.2   125690
read      200.1   136.6    54.7   105.4   115.6   178.9   217.4   243.3   263.6   286.8   314.1   351.3   426.2   634.2  4225.9 145952.0   146081
read      192.7    62.8    59.1   107.2   119.7   193.0   213.7   225.0   232.8   243.4   256.8   278.3   323.2   459.0  2175.4  20946.6    20920
read      215.5   128.1    54.7   116.4   129.5   199.2   235.4   258.5   275.1   295.6   321.3   361.3   441.4   613.0  3385.6 173419.8   173472
read      196.9   100.0    54.7   101.8   111.3   174.8   217.4   246.0   267.3   290.1   315.7   349.5   416.8   555.1  2112.2 126838.5   126801

Total QPS = 89578.7 (116452376 / 1300.0s)

Total connections = 64
Misses = 0 (0.0%)
Skipped TXs = 0 (0.0%)

RX 28763737366 bytes :   21.1 MB/s
TX          0 bytes :    0.0 MB/s
Warning! Detected max cpu usage > 95%
CPU Usage Stats (avg/min/max): 99.88%,19.40%,100.00%
