Random waveform, random seed
Total number of intervals = 130 (125188, 103579, 67118, 128396, 126776, 19465, 48546, 15957, 65561, 29292, 11091, 178628, 152414, 64288, 162003, 44378, 146767, 171238, 23828, 50551, 122807, 171460, 84117, 43352, 59347, 67663, 10493, 98785, 167456, 157710, 157497, 88149, 93051, 48924, 81203, 75326, 173207, 43862, 53609, 59424, 149964, 176803, 105022, 169131, 133362, 115900, 111464, 101997, 66192, 134382, 95708, 76352, 88284, 73572, 91645, 38702, 134496, 92148, 102990, 130309, 77418, 153591, 66048, 165009, 159435, 103607, 177888, 141386, 38941, 113273, 63732, 97934, 30005, 90004, 111919, 59405, 179087, 164969, 20723, 6576, 79691, 43264, 154546, 21064, 136220, 19624, 92694, 176822, 78801, 133463, 65002, 82384, 153545, 170173, 143432, 130321, 100771, 123601, 28454, 85680, 68851, 24015, 36047, 124543, 112911, 106966, 117086, 90350, 156934, 67487, 29288, 112047, 98305, 144340, 158662, 69614, 77725, 73242, 146378, 114676, 9123, 7949, 44277, 29783, 24700, 173128, 118195, 6940, 64705, 170301)
Average QPS expected = 95384
Timestamp start: 1746537116585
Timestamp end: 1746538416827

#type       avg     std     min      p5     p10     p50     p67     p75     p80     p85     p90     p95     p99    p999   p9999      QPS   target
read      243.1   236.8    54.7   101.6   112.1   187.3   235.4   265.8   287.9   315.5   362.0   565.3  1289.8  2232.6  6416.8 125335.2   125188
read      215.4   185.9    50.7    97.6   107.0   181.4   234.5   264.6   285.3   309.4   341.1   400.4   602.5  2219.1  7387.7 103590.2   103579
read      266.0   413.7    54.7    94.7   103.9   216.1   270.9   302.6   325.4   352.5   387.4   446.4  1435.3  6537.6 10547.6  67071.9    67118
read      224.9   219.9    54.7   100.4   110.3   179.4   225.4   253.7   274.1   297.8   329.2   392.1  1298.6  2518.9  6140.4 128474.5   128396
read      204.8   163.5    54.7    98.9   108.5   173.0   217.3   246.1   267.6   292.2   322.2   372.5   607.2  1724.3  4514.6 126665.2   126776
read      201.6   156.4    59.1   100.2   111.8   191.4   216.2   229.4   238.8   251.1   267.5   294.5   483.2  2201.3  5846.6  19454.6    19465
read      256.3   366.6    50.7    94.1   103.3   217.0   265.9   292.9   311.5   332.5   359.2   403.2  1217.2  5826.0  8389.5  48621.0    48546
read      204.2   226.0    54.7    99.1   111.3   188.2   212.0   224.9   233.8   245.8   261.6   290.7   623.7  3350.8  8020.0  15953.1    15957
read      260.0   357.6    54.7    94.4   103.5   216.9   272.4   304.9   327.4   353.5   386.0   437.3  1196.1  5681.3  9195.1  65461.4    65561
read      227.8   200.5    59.1    96.4   107.0   209.6   244.9   263.5   276.0   292.1   312.9   350.4   922.9  3000.0  6164.6  29292.7    29292
read      190.7   206.7    63.8    99.9   112.1   174.1   193.7   204.3   212.8   222.6   235.2   263.9   641.9  2751.2  8012.3  11103.5    11091
read      283.0   310.2    54.7   123.7   140.6   232.8   274.9   300.0   319.0   343.4   379.1   459.6  1531.0  3480.1  8076.1 178397.1   178628
read      215.0   234.9    54.7   104.1   114.6   181.2   220.6   245.0   263.8   286.0   314.5   360.6   668.3  3260.4  7846.9 152355.2   152414
read      240.5   317.1    54.7    95.1   104.0   206.1   255.6   281.9   301.1   324.5   356.8   408.1   866.3  5210.4  8462.0  64283.2    64288
read      239.7   269.8    54.7   108.9   120.7   195.6   236.2   261.8   280.5   303.9   335.9   396.8  1420.1  3355.2  7675.5 162063.1   162003
read      239.1   281.5    54.7    95.3   104.9   210.7   251.9   274.5   292.0   312.1   338.1   385.5  1038.1  4167.0  7855.8  44429.6    44378
read      260.2   302.3    54.7   105.4   117.1   197.0   242.5   269.3   289.6   314.9   352.5   485.6  1559.3  3144.5  7433.6 146801.4   146767
read      214.1   173.5    50.7   111.2   123.2   192.6   229.6   252.4   269.9   290.9   317.8   361.8   477.0  1868.5  6097.4 171079.9   171238
read      203.5   168.4    54.7    98.9   110.3   192.0   217.0   230.7   240.8   253.1   270.5   299.7   509.3  2816.2  5056.0  23769.2    23828
read      264.3   390.5    54.7    94.7   104.2   218.9   269.2   296.9   316.4   338.6   367.4   420.5  1497.8  5641.1  8063.9  50482.3    50551
read      288.5   329.0    54.7   103.7   115.4   200.9   253.2   286.4   313.6   355.2   485.2   929.3  1539.2  3130.7  7469.6 122742.4   122807
read      217.2   173.5    54.7   113.9   126.7   195.7   231.8   253.9   271.0   291.7   318.2   361.9   469.5  2600.6  5668.5 171502.9   171460
read      244.4   276.4    54.7    96.1   105.6   202.1   261.6   294.4   318.7   348.7   388.8   452.8   945.6  4297.4  8065.7  84116.1    84117
read      250.9   298.5    54.7    94.7   104.3   217.0   263.5   288.5   305.9   325.4   351.1   400.9  1255.7  4040.6  8046.1  43263.4    43352
read      271.5   449.6    50.7    94.1   103.2   219.0   272.3   303.1   324.6   349.0   381.0   435.6  1507.0  7340.4 10112.8  59383.6    59347
read      270.2   425.3    50.7    94.6   103.8   218.3   274.8   307.5   330.6   357.3   391.3   449.9  1404.7  7303.5  9834.9  67730.4    67663
read      191.4   234.2    59.1   100.4   112.6   172.1   191.6   202.0   211.0   221.1   234.9   264.8   767.1  2771.4 10390.2  10498.3    10493
read      236.4   262.8    54.7    97.5   107.2   191.7   248.8   280.2   303.5   332.9   374.0   447.9   932.9  3772.1  7913.4  98697.9    98785
read      214.6   172.3    59.1   111.4   123.3   191.3   227.9   250.4   267.8   288.7   315.8   359.8   476.7  2550.0  6229.0 167700.0   167456
read      211.8   201.9    59.1   107.6   118.5   184.8   223.5   247.7   266.1   287.9   315.5   358.9   481.2  3095.6  7811.8 157389.6   157710
read      218.5   174.4    54.7   109.7   121.1   192.7   232.5   257.3   275.5   297.9   327.5   373.5   518.1  2439.9  6144.4 157208.5   157497
read      232.3   240.5    50.7    97.3   107.0   196.3   255.2   287.2   309.8   336.2   370.2   427.7   647.1  3108.5  8713.9  88225.4    88149
read      227.5   268.9    54.7    97.7   107.2   189.2   247.4   280.2   303.8   332.0   369.3   434.3   678.8  2302.5  7633.2  93140.6    93051
read      245.2   232.6    54.7    96.4   106.6   220.3   269.2   296.2   315.4   337.4   365.2   409.2   878.2  3395.7  7223.1  48853.8    48924
read      260.3   296.7    59.1    97.5   107.8   215.3   280.3   318.6   345.4   375.9   413.5   471.4  1073.8  4109.6  9307.7  81268.8    81203
read      257.2   319.5    50.7    96.6   106.5   216.5   278.9   314.8   340.1   369.0   403.7   459.6   915.6  5915.2  9194.8  75319.3    75326
read      298.9   282.0    59.1   130.5   149.4   251.7   299.0   328.9   352.2   382.6   425.4   504.0  1489.8  3366.0  7749.2 173444.0   173207
read      235.2   200.2    54.7    97.8   108.3   216.2   260.9   284.8   301.7   320.9   345.6   387.5   682.9  3064.2  5901.1  43837.3    43862
read      252.6   299.0    54.7    95.4   105.4   221.5   275.4   306.0   326.6   349.3   378.3   424.5   925.2  4467.0  7786.7  53564.1    53609
read      256.4   295.4    54.7    95.3   105.0   221.2   277.6   310.0   332.3   357.4   389.0   437.5  1023.0  4635.9  7877.8  59506.4    59424
read      277.3   311.3    59.1   112.9   126.9   214.7   259.8   286.3   306.8   333.5   374.0   503.4  1582.3  3373.0  7636.5 150033.6   149964
read      248.5   195.0    54.7   121.8   137.5   223.7   267.8   293.7   313.7   338.0   370.2   423.3   549.5  3046.6  7037.2 176853.5   176803
read      224.7   189.3    54.7   100.1   110.1   185.9   240.3   273.6   298.4   328.1   366.7   432.2   672.0  2104.1  7157.6 104811.1   105022
read      236.7   184.3    59.1   117.2   131.3   212.2   253.9   278.9   297.6   320.4   351.7   401.8   544.3  2530.9  5614.7 169237.6   169131
read      212.7   167.8    54.7   103.4   113.6   181.9   224.5   251.3   271.6   295.5   325.9   372.3   614.9  2312.5  3543.6 133460.4   133362
read      240.8   233.8    54.7   102.0   112.4   188.3   239.3   272.2   297.7   330.5   379.6   519.6  1151.5  2287.1  8162.3 115896.2   115900
read      250.0   266.6    54.7   102.6   113.2   194.4   249.9   285.5   313.5   349.9   408.6   540.3  1163.3  2691.1 10206.3 111377.8   111464
read      237.3   276.5    54.7    99.7   109.9   189.7   246.4   280.3   305.7   336.3   377.5   455.8   933.7  3330.3 10352.7 101934.4   101997
read      251.0   282.8    50.7    96.0   105.8   217.0   273.9   306.6   329.4   355.4   388.0   436.3   892.4  4242.6  8787.7  66260.7    66192
read      252.6   290.5    54.7   107.1   118.6   196.7   242.4   269.8   290.3   315.4   350.1   429.6  1512.0  3211.4  7741.6 134476.8   134382
read      224.3   182.5    54.7    99.3   109.2   189.1   246.7   279.9   303.9   331.6   366.5   424.5   607.1  1978.2  8067.5  95853.4    95708
read      261.7   303.4    50.7    98.3   109.1   219.5   282.3   318.8   344.3   373.5   410.1   466.3  1041.9  4575.3  8123.2  76271.9    76352
read      244.1   270.6    54.7    98.8   109.1   200.7   263.0   297.8   323.5   353.5   392.1   453.9   824.0  3617.3  9777.4  88141.1    88284
read      242.3   255.5    50.7    97.6   107.5   208.6   267.6   298.8   321.1   347.3   382.2   434.4   699.7  3688.7  8445.8  73560.5    73572
read      227.3   200.7    54.7    97.9   107.7   191.8   249.5   279.6   301.5   328.0   365.6   429.8   634.6  2795.8  7698.9  91829.1    91645
read      234.1   216.5    54.7    97.7   108.7   215.0   256.7   279.4   296.0   316.0   340.7   381.5   754.6  2727.5 10003.8  38625.2    38702
read      279.8   351.0    54.7   105.3   117.0   201.5   250.7   278.5   299.4   326.4   369.1   742.4  1640.4  3616.0  7769.0 134446.4   134496
read      221.6   190.7    54.7    97.8   107.4   188.1   245.0   276.1   297.9   323.9   357.7   413.6   583.5  2353.0  6936.7  92197.7    92148
read      248.1   243.3    54.7   101.7   112.3   199.3   259.8   298.0   328.1   364.5   412.5   490.8   892.4  3481.7  7727.2 102978.8   102990
read      209.9   172.0    54.7   100.0   109.8   175.4   219.4   247.8   268.8   292.9   323.1   372.4   784.4  1814.7  3923.6 130175.8   130309
read      240.5   263.3    50.7    97.2   106.9   205.0   263.4   294.3   317.0   343.7   379.6   435.9   759.9  3661.9  9552.7  77352.2    77418
read      272.1   341.7    54.7   109.2   121.6   205.7   251.0   277.0   296.8   321.2   360.1   498.9  1584.5  3448.2  7961.6 153513.4   153591
read      237.2   237.5    50.7    96.7   106.4   209.8   263.1   291.2   312.0   336.4   367.9   418.8   690.7  3451.6  7959.4  66015.3    66048
read      299.1   321.4    54.7   122.0   138.8   234.7   279.8   307.5   329.3   358.8   403.6   554.1  1597.5  3397.4  7521.2 165108.5   165009
read      217.1   179.1    54.7   109.7   120.9   189.4   228.4   252.5   270.9   293.1   321.3   368.0   549.3  2158.8  6094.7 159582.8   159435
read      222.4   165.4    50.7    98.5   108.4   185.4   240.6   274.6   299.9   330.5   370.6   437.8   620.8  1779.7  5402.3 103705.2   103607
read      279.2   277.0    54.7   124.1   141.1   235.7   281.0   308.7   330.0   357.5   396.3   468.4  1444.3  3561.0  7811.0 177943.0   177888
read      208.5   194.4    54.7   102.5   112.6   177.8   217.8   243.7   263.5   286.7   315.9   360.8   599.0  2437.0  8065.8 141084.6   141386
read      223.2   132.9    59.1    97.4   108.0   215.2   256.6   278.8   294.7   313.5   336.4   369.9   455.1  1525.7  3769.5  39026.4    38941
read      231.8   185.5    54.7   100.6   110.9   187.4   240.9   274.8   302.0   337.3   392.2   504.3   803.2  1495.6  3902.9 113356.5   113273
read      240.3   211.9    54.7    96.1   106.0   217.6   272.2   302.6   324.2   348.6   379.7   427.6   603.5  3060.7  7031.1  63718.5    63732
read      225.9   192.9    54.7    98.5   108.4   188.4   245.3   277.8   301.3   329.3   366.2   430.7   640.0  2712.8  7104.1  97765.1    97934
read      235.3   287.4    59.1   100.1   111.9   215.9   254.4   274.1   288.8   305.8   327.7   364.7   757.9  3047.2 11600.5  30072.1    30005
read      226.4   200.9    54.7    98.2   107.9   191.1   249.5   281.4   304.0   330.8   366.0   425.5   630.2  2171.3  8540.3  90031.4    90004
read      249.5   238.8    54.7   102.5   113.2   193.8   249.6   286.5   316.3   357.9   425.6   556.8  1036.9  2666.7  6387.7 112142.1   111919
read      238.5   190.0    54.7    96.9   106.9   214.8   266.0   293.8   314.7   339.0   370.5   423.7   754.4  2611.1  5860.3  59343.0    59405
read      318.8   328.4    54.7   137.9   158.1   261.9   312.0   343.2   368.1   399.0   443.4   535.8  1599.5  3735.4  9001.3 179097.8   179087
read      226.6   202.2    50.7   112.4   125.4   199.5   238.9   263.4   281.6   304.0   333.9   383.3   570.5  2696.8  7668.2 164873.7   164969
read      194.4    78.8    50.7   105.6   118.6   193.6   216.3   228.4   236.2   247.4   260.9   282.3   333.8   632.8  2591.4  20626.5    20723
read      171.9   209.3    54.7   101.7   113.4   165.2   181.4   190.5   197.4   205.3   215.9   233.0   282.8  1823.9 10983.9   6544.4     6576
read      197.5    89.7    54.7    95.4   104.3   182.8   232.7   256.7   271.8   288.8   309.5   339.4   398.0   496.2  1473.6  79610.0    79691
read      203.2    78.3    54.7   100.0   111.1   204.1   236.9   252.9   264.3   276.3   292.9   317.3   367.7   454.9  2108.4  43215.1    43264
read      194.5   182.1    54.7   103.8   113.9   174.7   210.9   234.0   252.3   273.5   299.8   336.8   403.6   540.1  4635.1 154648.3   154546
read      202.5   386.7    63.8   105.4   118.2   192.1   213.6   225.1   232.9   243.2   255.4   274.9   323.1  4195.7 19048.8  21061.9    21064
read      193.7   120.9    54.7   100.9   110.5   172.5   212.8   238.5   258.6   280.6   306.9   342.7   412.4   649.0  2369.7 136205.8   136220
read      200.0   265.0    54.7   106.4   119.4   193.6   215.8   227.6   235.2   246.0   258.8   278.2   325.6  1092.8 11550.0  19703.0    19624
read      197.9   173.5    46.9    95.8   104.6   177.5   228.9   255.5   271.8   289.5   310.7   341.0   400.6   509.3 11196.8  92612.7    92694
read      204.2   107.0    54.7   112.6   124.7   189.4   223.2   243.8   259.7   278.5   303.4   340.5   414.1   540.6  2321.2 176754.9   176822
read      201.5   172.4    50.7    96.0   105.3   185.6   236.7   260.7   275.5   292.6   313.4   343.0   401.3   507.5  3661.1  78900.7    78801
read      195.4   110.8    54.7   100.8   110.5   174.6   216.0   242.7   262.5   284.4   310.5   345.8   416.4   531.4  2387.1 133280.4   133463
read      203.7    97.5    54.7    97.1   106.9   192.7   240.0   261.6   275.3   291.7   312.6   343.4   409.8   566.1  2353.6  65140.4    65002
read      200.7    88.8    50.7    96.4   105.6   184.6   236.5   261.7   277.2   294.5   316.2   346.8   406.3   508.6  1973.2  82218.7    82384
read      196.5   100.2    50.7   105.6   116.0   178.2   214.9   238.1   256.5   277.7   304.4   341.4   409.9   537.0  1791.6 153620.5   153545
read      202.9   123.2    54.7   110.8   122.4   187.0   221.6   243.0   259.6   279.1   304.8   341.7   415.0   546.1  1853.0 169944.3   170173
read      194.7   111.4    54.7   102.4   112.3   174.6   213.3   238.1   257.6   279.6   306.4   342.6   409.7   535.6  3588.9 143428.8   143432
read      193.5   147.4    50.7    99.6   109.3   172.3   214.0   240.7   260.7   282.6   308.4   343.2   406.3   505.4  2694.8 130204.0   130321
read      197.0    95.4    50.7    96.5   105.6   176.6   226.9   255.2   273.2   292.7   315.9   348.0   413.1   515.3  1265.8 100723.5   100771
read      194.0   143.9    50.7    99.0   108.4   171.9   215.3   243.4   263.7   285.4   310.6   344.8   408.1   506.6  3002.6 123600.2   123601
read      198.4   138.3    50.7   103.3   115.2   198.4   223.6   235.9   245.9   256.3   270.5   292.1   340.9   438.2  8703.5  28533.1    28454
read      197.9    90.1    54.7    95.9   104.8   181.4   232.9   258.2   273.8   291.1   312.0   341.8   400.2   495.9  1184.5  85633.4    85680
read      204.1   223.2    50.7    96.7   106.3   191.7   239.6   261.8   275.3   291.3   311.0   339.9   398.0   512.2 10273.0  68682.8    68851
read      200.4   213.6    54.7   105.5   118.0   198.1   222.5   234.4   243.8   253.9   268.1   288.9   335.6   457.3 11404.1  23903.8    24015
read      205.1   147.8    54.7   102.2   113.4   205.3   235.4   250.6   261.2   272.6   288.4   312.1   364.6   491.4 10369.4  36148.7    36047
read      194.5   104.2    54.7    99.4   109.0   172.9   216.6   244.4   264.2   285.6   310.5   344.9   412.9   544.7  2854.5 124445.2   124543
read      194.0    98.0    50.7    97.5   106.6   172.3   219.1   247.9   267.4   288.0   312.0   345.1   408.0   513.9  2226.6 113098.2   112911
read      194.7   103.9    50.7    96.7   105.6   173.3   221.9   250.6   269.4   289.2   312.6   344.9   406.3   512.1  2154.0 107024.9   106966
read      192.9   107.3    54.7    97.4   106.4   171.0   216.4   245.0   264.6   285.5   309.9   343.4   406.8   524.5  2890.9 117270.8   117086
read      198.3   102.3    50.7    96.1   105.1   179.8   232.1   258.4   274.5   292.1   313.4   343.9   403.4   522.1  2320.0  90535.2    90350
read      195.8   113.9    54.7   105.2   115.5   177.3   213.4   235.9   254.2   275.3   301.9   339.5   408.9   569.9  3111.3 157139.5   156934
read      202.3    88.3    50.7    96.9   106.6   192.7   241.1   262.3   275.4   290.9   309.8   337.9   394.2   486.0  1447.8  67559.9    67487
read      197.2    73.6    59.1   103.4   115.0   199.2   224.1   236.1   246.1   256.7   271.2   293.2   341.9   429.3  2165.8  29336.4    29288
read      193.2   103.4    50.7    97.2   106.2   172.4   219.6   247.7   266.0   285.1   307.2   338.7   401.2   538.9  2717.4 112157.4   112047
read      194.9    98.1    50.7    96.4   105.3   175.1   226.3   253.7   270.3   288.0   309.0   339.3   399.9   507.9  2240.3  98239.1    98305
read      194.3   109.5    46.9   102.4   112.4   174.5   213.6   238.4   257.7   278.9   304.3   339.6   407.7   548.9  2309.5 144389.8   144340
read      197.4   120.9    54.7   105.9   116.5   179.2   215.5   238.1   256.2   276.9   302.7   339.4   411.0   597.8  3175.3 158614.8   158662
read      200.8   130.9    50.7    96.2   105.5   189.9   238.3   259.2   272.2   287.0   305.0   333.1   392.4   506.8  4097.1  69529.8    69614
read      198.8    83.7    54.7    96.1   105.2   185.3   236.9   259.7   273.7   289.6   308.8   337.5   395.8   478.1  1007.7  77592.2    77725
read      199.5    85.9    54.7    96.2   105.4   188.1   237.9   259.4   272.6   287.9   306.4   334.8   393.8   495.3  2128.8  73139.2    73242
read      195.1   125.3    54.7   103.2   113.2   175.4   213.8   238.1   257.2   278.7   304.8   340.6   408.9   552.0  3080.7 146427.6   146378
read      194.2   105.4    54.7    97.7   106.8   172.6   219.9   248.5   267.5   287.6   311.1   343.6   407.0   517.2  1324.2 114643.2   114676
read      172.5    67.7    59.1   107.5   119.1   170.2   187.2   197.0   203.6   212.7   223.9   241.8   286.2   402.9  2193.9   9143.6     9123
read      170.8    59.1    54.7   106.5   118.3   168.3   185.5   195.3   201.8   210.9   221.5   238.3   286.4   424.8  3028.9   7942.5     7949
read      205.2    79.5    54.7   101.2   111.8   207.0   240.3   256.4   267.5   279.9   295.2   319.7   373.0   467.6  1120.4  44318.6    44277
read      203.8    74.0    54.7   107.3   119.4   205.8   231.4   244.8   253.8   265.6   279.4   302.1   355.6   459.2  2175.3  29855.5    29783
read      198.4    66.7    59.1   106.7   119.1   200.0   223.6   235.0   244.5   254.3   268.5   289.6   338.5   462.9  2152.1  24683.1    24700
read      207.7   122.4    54.7   112.9   125.3   192.3   227.2   248.5   264.9   284.3   309.4   346.2   424.4   589.4  3257.3 173029.1   173128
read      194.9   105.2    50.7    98.3   107.7   172.8   218.7   247.4   267.0   287.7   311.8   344.9   413.2   577.1  3166.5 118292.1   118195
read      170.8    55.5    59.1   106.9   118.4   167.4   185.1   195.2   201.9   211.4   222.6   240.1   292.7   590.8  1892.1   6959.3     6940
read      203.5   194.0    50.7    97.0   106.6   194.2   240.8   260.6   273.1   287.7   305.4   332.8   391.2   509.1  4059.6  64717.5    64705
read      199.4   126.5    54.7   109.6   120.4   183.4   217.5   238.6   255.1   274.7   299.8   337.2   407.0   531.2  2026.0 170224.2   170301

Total QPS = 95380.7 (123994856 / 1300.0s)

Total connections = 64
Misses = 0 (0.0%)
Skipped TXs = 0 (0.0%)

RX 30626728691 bytes :   22.5 MB/s
TX          0 bytes :    0.0 MB/s
Warning! Detected max cpu usage > 95%
CPU Usage Stats (avg/min/max): 99.87%,17.68%,100.00%
Random waveform, random seed
Total number of intervals = 130 (62128, 79754, 46994, 10301, 24895, 133209, 171407, 71258, 61323, 29152, 105705, 99269, 69319, 16840, 23276, 50347, 16649, 135798, 94275, 149546, 161264, 47420, 171768, 5863, 167927, 22339, 45928, 113268, 141501, 52048, 84495, 98962, 156636, 134742, 32356, 52469, 145022, 67345, 86169, 56127, 28050, 129944, 65893, 18605, 108756, 86287, 109026, 75542, 138191, 72730, 115253, 86508, 156372, 85746, 124661, 6542, 21044, 151505, 172678, 72066, 154108, 11101, 172197, 48792, 132863, 116666, 31436, 157046, 23757, 78364, 128085, 145951, 113480, 36558, 140107, 70935, 59108, 87564, 50465, 75992, 163216, 124055, 147435, 25130, 60693, 127212, 167825, 57719, 18456, 60266, 123974, 173761, 83556, 71829, 27299, 104910, 25981, 8576, 82686, 151907, 116765, 122469, 85445, 145007, 178016, 9298, 144255, 140289, 151271, 100184, 59833, 14938, 91337, 113329, 130314, 156651, 36252, 68197, 69016, 168521, 28349, 87586, 79260, 147055, 121908, 100777, 48531, 120011, 83358, 59790)
Average QPS expected = 90304
Timestamp start: 1746545955415
Timestamp end: 1746547255666

#type       avg     std     min      p5     p10     p50     p67     p75     p80     p85     p90     p95     p99    p999   p9999      QPS   target
read      213.4   125.6    50.7   100.2   110.3   202.1   246.2   266.9   281.1   297.2   319.7   359.1   463.5  1252.9  4088.6  62110.9    62128
read      252.3   291.1    54.7    99.8   109.9   208.3   268.9   304.4   329.1   356.9   391.6   447.7   997.6  4499.7  8090.9  79677.9    79754
read      231.3   210.4    50.7    97.2   107.0   210.4   258.2   283.7   300.7   319.2   342.5   380.0   661.4  2923.2  7797.0  46972.5    46994
read      183.5   140.9    54.7    96.3   109.4   172.3   191.8   202.0   210.5   219.6   233.0   259.0   575.7  2014.2  3192.2  10335.0    10301
read      213.8   168.8    54.7    97.5   108.6   200.9   232.7   249.3   261.1   274.1   292.7   324.6   675.3  2232.0  5641.0  24936.7    24895
read      276.7   326.3    59.1   110.6   122.8   201.6   244.3   271.1   292.7   321.1   375.2   806.3  1557.8  3328.9  7476.5 133417.4   133209
read      219.7   158.3    59.1   116.6   130.0   199.1   233.1   254.1   270.4   290.4   316.9   362.2   508.1  1749.6  5376.4 171401.4   171407
read      227.3   157.0    50.7    98.7   108.3   202.5   257.1   284.9   305.2   329.9   362.5   411.6   583.6  2118.0  3958.1  71312.6    71258
read      250.3   356.9    50.7    98.1   108.0   213.9   269.7   300.7   322.0   345.5   374.5   421.5   848.2  5217.0  9738.2  61299.7    61323
read      225.3   201.0    54.7    97.9   109.1   207.8   244.6   263.7   276.2   291.8   311.9   345.1   811.1  2816.3  7618.7  29173.3    29152
read      228.1   230.1    54.7   101.5   111.3   186.4   238.8   271.5   294.9   323.3   363.2   431.7   718.9  3150.6  7970.5 105529.1   105705
read      221.0   195.1    54.7    99.6   109.0   182.8   236.1   267.8   289.7   315.1   349.6   411.3   668.9  2930.7  4660.6  99047.2    99269
read      253.8   317.6    54.7    98.4   108.3   211.5   269.8   303.2   326.4   352.3   385.0   436.3  1042.4  5168.2  8346.5  69308.1    69319
read      206.8   189.6    54.7    97.6   110.2   190.1   215.4   229.3   239.3   252.0   269.5   302.4   801.6  2811.5  7325.6  16887.0    16840
read      215.9   182.8    54.7    98.6   110.3   201.2   231.6   247.7   259.1   272.3   290.8   322.3   780.3  2424.0  6258.9  23336.9    23276
read      265.0   423.6    54.7    98.8   109.2   214.8   265.6   293.2   312.3   333.9   361.7   410.2  1533.6  6717.9 12972.3  50470.5    50347
read      206.1   198.2    54.7    97.3   110.0   188.4   213.5   227.0   236.0   248.9   266.0   296.6   822.2  2832.3  7730.7  16580.3    16649
read      229.7   254.6    54.7   102.8   112.9   180.6   222.0   248.3   268.4   292.7   325.8   400.5  1341.2  3168.0  7139.8 135616.3   135798
read      223.0   262.5    54.7   100.2   109.6   184.0   236.1   266.2   286.5   309.9   340.3   394.3   659.9  3806.6  9198.8  94285.8    94275
read      272.6   339.5    54.7   110.6   123.0   202.1   241.0   265.2   283.9   308.6   346.6   668.0  1580.1  3529.7  8003.0 149584.4   149546
read      216.1   234.7    54.7   108.1   119.0   184.8   221.5   244.0   261.2   281.6   308.5   351.3   655.4  3293.7  7499.4 161254.5   161264
read      248.2   375.3    54.7    97.8   107.7   209.6   254.1   278.5   296.2   317.2   343.5   390.7  1160.3  5528.7 12656.8  47391.4    47420
read      263.7   303.1    54.7   117.4   131.8   212.2   249.8   271.7   288.9   310.5   341.6   420.8  1524.3  3475.7  7436.0 171848.8   171768
read      169.1   138.9    54.7    94.3   105.6   159.7   174.9   183.9   190.5   198.8   210.8   232.7   468.0  1822.6  4453.1   5841.5     5863
read      277.5   321.3    54.7   117.8   132.7   215.7   253.8   276.9   295.3   319.0   357.5   515.5  1555.8  3221.0  7492.2 167646.2   167927
read      205.0   158.0    54.7    99.3   112.0   194.3   219.6   233.3   244.1   256.5   274.1   307.4   541.8  2131.1  6197.9  22349.6    22339
read      233.4   239.0    54.7    97.8   108.3   211.1   255.8   279.3   295.3   313.8   337.3   374.4   726.6  3385.7  7974.6  45826.0    45928
read      211.3   155.8    54.7   101.4   111.0   179.7   228.0   258.7   280.5   305.6   337.6   394.6   576.3  1532.1  4362.2 113297.5   113268
read      199.3   146.8    50.7   104.6   114.6   176.6   213.8   237.6   256.8   279.0   306.6   345.6   456.7  1226.0  4175.7 141495.5   141501
read      225.6   162.6    54.7    98.0   108.0   209.2   254.7   278.9   295.9   316.6   342.6   383.2   519.4  2608.7  4432.1  52026.0    52048
read      225.0   216.3    54.7    99.2   108.8   191.0   247.4   276.7   297.3   321.9   356.8   414.0   587.5  2936.7  7975.8  84444.9    84495
read      218.3   187.6    54.7   101.1   110.6   183.9   236.3   266.9   287.8   312.3   344.5   403.6   595.5  2412.6  8119.7  98840.8    98962
read      239.1   252.2    54.7   111.3   123.5   196.2   234.7   258.7   276.0   297.9   328.2   387.4  1428.1  2492.8  7478.8 156428.7   156636
read      197.3   125.4    54.7   103.3   113.1   175.0   213.7   238.6   258.2   280.5   307.9   345.6   440.9   980.5  3233.9 134898.0   134742
read      216.2   144.0    50.7    99.1   110.0   204.4   239.2   257.8   270.8   286.7   307.3   341.5   634.3  1880.1  3789.8  32344.4    32356
read      243.8   230.7    50.7    98.8   109.1   213.9   266.1   294.5   314.2   336.1   363.2   406.4   927.4  3488.5  6222.3  52491.6    52469
read      258.4   314.9    54.7   111.3   123.5   200.9   241.4   265.9   284.5   308.2   342.6   444.2  1520.1  3169.6  7804.0 145247.7   145022
read      244.0   269.5    59.1   100.1   109.9   207.1   261.4   290.3   311.5   337.0   371.0   430.2   884.4  3931.9  7929.9  67295.9    67345
read      230.2   237.4    54.7   101.2   110.7   192.5   248.3   278.8   300.4   325.9   361.6   423.8   694.4  3293.1  8493.1  86190.4    86169
read      238.9   254.7    50.7    98.6   108.4   210.4   260.0   287.2   306.5   328.7   357.1   401.6   794.1  4027.0  7687.5  56205.1    56127
read      216.2   163.8    54.7    98.3   109.4   201.6   236.3   254.9   267.7   282.4   301.2   336.3   698.5  2288.7  5465.8  27971.9    28050
read      267.5   321.1    54.7   107.7   119.1   195.9   239.3   266.7   288.0   316.0   365.5   742.8  1529.5  3247.3  7774.5 129828.5   129944
read      227.7   203.1    59.1    98.9   108.6   202.7   254.0   280.7   299.6   321.8   351.8   399.3   579.8  3113.8  7186.2  65730.2    65893
read      199.9   129.5    54.7    97.3   109.5   190.0   217.1   231.2   241.6   253.9   270.9   299.5   550.6  1837.3  3153.0  18636.4    18605
read      222.5   209.2    54.7   102.5   112.4   183.8   232.9   264.3   287.3   315.0   353.3   427.2   710.9  2117.6  8975.7 108827.2   108756
read      219.3   186.9    54.7   100.5   110.0   188.0   242.0   271.4   291.8   315.3   345.5   398.7   563.2  2231.2  7343.6  86219.6    86287
read      211.6   148.9    54.7   102.3   112.0   180.5   227.3   256.6   277.6   302.3   334.5   392.7   603.1  1573.4  3795.0 108928.6   109026
read      234.9   234.0    54.7   100.2   110.1   202.0   257.8   288.2   310.3   336.7   370.5   424.3   634.1  3218.8  8058.6  75550.8    75542
read      245.7   273.5    54.7   107.5   118.8   192.8   233.9   259.1   277.5   300.7   333.6   408.4  1490.9  2937.3  7234.9 138207.2   138191
read      237.3   232.1    54.7   100.5   110.4   203.8   258.8   288.4   309.9   335.7   369.3   424.3   760.6  3771.6  7695.3  72712.4    72730
read      218.2   174.7    54.7   103.4   113.4   182.5   228.3   257.8   279.4   305.3   340.0   410.4   721.1  1823.9  6094.8 115308.3   115253
read      218.5   196.6    54.7   101.4   110.7   187.4   239.9   268.6   288.1   310.2   338.5   388.3   557.4  2807.4  7695.6  86313.5    86508
read      263.9   286.6    54.7   114.3   128.1   208.0   247.2   270.6   288.8   311.9   345.5   453.1  1509.6  2920.9  7483.1 156240.6   156372
read      220.1   199.5    54.7   101.2   110.5   187.8   240.7   269.2   288.8   311.4   340.7   393.3   586.4  2559.8  7091.8  85642.2    85746
read      232.0   212.5    54.7   105.2   115.7   185.8   230.4   260.1   283.3   312.4   355.9   488.0  1041.3  1916.1  7053.7 124696.0   124661
read      167.6   106.4    54.7    94.5   106.5   160.0   176.1   185.1   192.5   201.1   214.3   236.0   379.5  1182.7  4224.8   6529.7     6542
read      208.5   149.3    59.1   100.0   112.3   195.7   224.7   239.7   250.8   264.4   282.3   315.1   636.4  2062.5  3657.8  21018.5    21044
read      286.8   342.1    54.7   114.3   128.6   215.7   256.1   280.6   299.5   324.9   368.0   747.2  1601.5  3452.0  8021.7 151504.3   151505
read      218.7   156.6    59.1   116.6   129.8   198.1   231.8   252.3   268.1   287.4   313.0   355.5   502.3  2084.0  3924.0 172349.9   172678
read      234.0   195.9    50.7    99.5   109.4   204.0   259.8   289.9   311.6   337.1   369.7   421.0   670.4  2797.3  6199.2  72062.3    72066
read      228.6   215.0    54.7   109.1   120.3   190.1   228.8   252.5   270.6   292.5   320.8   373.9  1372.9  2438.7  4107.9 153997.2   154108
read      182.7   131.8    54.7    99.3   113.8   173.6   192.5   202.7   211.5   221.1   234.1   259.0   414.7  1805.5  5753.3  11034.5    11101
read      271.3   291.3    59.1   122.1   138.1   222.1   260.1   282.4   299.2   320.6   354.6   437.8  1524.3  3434.7  7762.0 172088.7   172197
read      228.5   210.0    54.7    99.3   109.7   206.2   248.4   271.1   288.2   308.6   334.8   375.8   695.4  3259.1  7290.5  48843.1    48792
read      246.2   275.9    54.7   106.1   117.6   192.4   233.7   259.8   279.3   304.3   340.6   454.3  1423.1  2899.5  8010.8 132777.6   132863
read      201.0   121.1    50.7   100.6   110.1   175.3   219.1   246.9   266.7   288.8   315.4   359.1   507.0  1202.9  3021.0 116575.5   116666
read      210.6   127.5    54.7   100.1   111.2   200.4   233.6   251.6   264.6   279.3   298.2   331.7   516.1  1683.6  3063.4  31571.4    31436
read      273.6   318.3    50.7   112.4   126.2   209.4   249.1   272.7   291.7   316.2   357.0   568.4  1572.1  3422.1  7476.6 157148.4   157046
read      206.9   141.1    54.7   102.0   114.6   197.5   225.7   240.6   251.9   265.8   283.5   313.7   466.5  1927.4  5230.9  23751.8    23757
read      245.6   285.3    54.7   102.0   112.3   203.5   259.6   289.8   312.0   339.6   377.2   440.3   922.7  4326.2  8067.4  78370.1    78364
read      222.6   204.0    54.7   103.9   114.3   182.7   225.0   252.0   272.5   296.8   329.9   398.1  1067.0  2151.2  7084.9 128151.7   128085
read      216.8   216.6    54.7   106.7   117.7   184.7   222.7   246.4   264.8   287.0   315.8   365.5   764.9  2853.1  7604.9 146220.1   145951
read      209.1   179.4    50.7   101.5   111.0   177.8   222.5   250.6   271.2   294.7   323.7   373.1   589.1  2379.9  6183.3 113511.6   113480
read      220.0   109.2    54.7   100.3   111.5   211.3   251.1   272.8   289.0   307.9   332.2   370.4   462.2  1015.4  3110.2  36528.9    36558
read      261.9   302.5    59.1   111.4   124.0   202.8   245.2   271.0   291.3   317.1   357.6   490.1  1536.6  3431.3  7936.9 140207.1   140107
read      227.0   130.8    54.7   100.3   110.2   205.6   261.1   290.9   312.3   337.6   369.5   417.8   525.8  1186.3  2987.2  70917.3    70935
read      232.0   146.8    50.7   100.0   110.7   214.9   267.6   296.0   315.7   338.1   365.6   404.6   505.6  1678.4  4762.9  59349.0    59108
read      234.1   209.1    59.1   102.6   112.7   196.8   253.6   285.7   309.2   338.0   377.7   444.7   675.0  2541.7  8185.8  87768.3    87564
read      233.8   211.4    54.7   101.4   112.0   211.3   254.9   278.5   295.6   316.4   343.6   391.3   683.4  3281.0  6520.6  50388.3    50465
read      205.6    89.5    54.7   102.0   112.4   193.8   240.9   262.8   276.5   292.3   311.4   339.7   405.0   554.6  1872.1  75989.2    75992
read      225.2   122.9    54.7   114.9   128.5   205.9   249.2   274.9   294.0   316.3   344.7   390.8   494.1   672.4  3062.0 163079.6   163216
read      199.7   106.4    54.7   103.0   113.2   180.7   223.3   249.4   267.6   287.6   311.0   343.5   414.0   575.4  3053.7 124131.5   124055
read      206.8   124.3    54.7   107.6   118.7   187.3   227.9   252.8   271.1   291.9   317.1   355.6   440.9   740.2  3451.3 147419.4   147435
read      198.1    67.8    54.7   107.7   121.9   199.6   222.0   233.2   241.8   251.6   265.1   285.4   329.9   426.3  1803.9  25151.6    25130
read      204.1    91.2    54.7   102.1   112.7   198.7   240.0   258.6   270.5   284.3   300.4   324.9   378.3   470.9  2587.4  60579.8    60693
read      196.2   108.3    50.7   102.3   112.1   176.7   218.5   244.9   263.7   284.0   307.6   340.3   403.9   533.6  2152.8 127189.4   127212
read      234.6   134.8    59.1   116.8   130.5   212.1   259.1   287.5   308.5   333.7   366.8   420.2   538.4   716.4  3445.1 168000.0   167825
read      204.2    82.6    54.7   102.3   113.0   201.2   240.0   257.5   268.8   281.8   296.8   320.7   374.5   482.1  1953.4  57608.8    57719
read      193.1    66.3    54.7   108.1   124.2   193.5   212.7   222.8   230.2   238.4   251.0   270.7   318.5   822.0  2350.6  18430.2    18456
read      204.0    80.0    50.7   102.2   112.9   199.5   239.6   257.4   269.1   282.4   297.7   322.4   381.8   512.3  1987.8  60309.8    60266
read      199.1   104.4    54.7   102.7   112.8   179.9   222.8   249.2   267.6   287.7   311.3   344.1   415.6   561.8  2026.1 124063.9   123974
read      254.6   150.6    59.1   121.1   136.6   230.2   284.4   316.4   340.4   368.8   404.3   461.6   577.6   744.1  2953.8 173686.8   173761
read      200.5    92.0    54.7   100.1   110.1   185.8   234.0   257.5   272.2   288.4   307.7   336.2   396.5   523.1  2296.5  83454.4    83556
read      202.8    90.2    59.1   101.0   111.2   191.8   238.0   259.1   272.2   287.4   305.6   333.1   393.4   529.8  1941.1  71885.0    71829
read      196.2    60.1    50.7   105.6   119.0   198.4   220.9   232.1   240.3   250.3   263.4   283.6   332.1   436.8  1548.5  27284.3    27299
read      196.9    91.2    50.7    99.8   109.7   178.7   224.9   250.7   267.6   285.8   307.2   338.0   403.0   537.9  2149.5 104699.9   104910
read      192.6    96.3    54.7   103.8   116.4   193.2   215.2   226.9   234.5   245.1   257.7   278.1   329.7   481.4  2707.7  25926.6    25981
read      169.2    70.5    59.1   101.0   115.4   166.2   181.9   190.6   197.6   205.7   216.9   235.7   290.1   900.0  1547.7   8577.7     8576
read      198.8    86.1    59.1    99.7   109.6   184.6   232.5   255.4   269.7   285.5   304.4   332.6   394.0   509.6  2291.0  82553.0    82686
read      205.0   125.0    59.1   108.1   119.1   186.4   225.6   250.0   267.9   288.6   313.8   350.8   432.5   602.0  3133.6 151822.7   151907
read      195.4    99.9    54.7   100.9   110.6   176.0   219.3   245.8   264.0   283.3   305.8   337.6   402.9   552.2  1872.7 116806.9   116765
read      196.5    98.2    54.7   102.1   112.0   177.3   219.8   246.3   264.8   284.6   307.7   339.8   403.6   528.2  2690.5 122591.3   122469
read      197.9    99.8    54.7    99.4   109.2   182.6   230.8   254.2   268.8   284.8   303.7   331.7   391.5   498.3  2722.2  85428.5    85445
read      200.9   103.7    54.7   105.6   116.3   182.6   222.3   247.0   265.2   285.8   310.6   345.2   420.2   578.0  2203.2 144940.9   145007
read      272.2   166.1    59.1   124.6   140.9   240.8   302.5   341.3   370.4   404.1   448.2   511.8   635.3   822.7  3664.8 177912.0   178016
read      170.6    83.1    54.7   101.0   115.9   167.8   183.6   192.8   199.4   208.0   218.2   235.3   280.3   907.6  2922.6   9316.4     9298
read      203.5   103.3    54.7   106.7   117.6   185.0   225.2   249.9   268.1   288.7   313.6   349.2   429.0   622.2  2183.1 144123.7   144255
read      201.9   107.7    50.7   105.6   116.3   183.0   223.5   248.6   267.1   288.0   312.9   347.8   425.5   574.2  2340.5 140202.1   140289
read      219.1   120.3    50.7   115.9   129.5   202.1   240.6   264.8   282.3   303.0   329.3   369.3   461.4   639.7  2125.0 151388.6   151271
read      202.4    88.9    54.7   102.5   112.6   184.6   231.7   257.9   274.7   292.8   314.3   344.7   410.4   539.2  2199.6 100035.6   100184
read      207.0    84.3    54.7   103.3   113.9   202.9   243.7   262.0   273.5   287.3   303.8   329.4   387.2   523.8  2077.5  59757.0    59833
read      190.7    72.0    54.7   109.2   125.4   190.0   208.7   218.4   226.4   234.5   247.5   267.5   316.5   878.7  2120.2  14952.6    14938
read      200.2    94.9    50.7   100.3   110.1   182.7   231.9   257.5   273.2   290.4   310.9   340.5   402.6   558.8  1910.4  91220.2    91337
read      198.8    95.2    54.7   101.9   111.7   179.2   224.4   251.4   269.5   289.1   312.0   344.2   410.8   536.5  2862.2 113431.6   113329
read      199.1   112.7    50.7   103.9   114.0   179.7   221.2   247.2   265.9   286.3   310.3   343.5   413.4   546.2  2966.7 130231.8   130314
read      215.8   115.9    54.7   112.4   124.8   197.1   237.8   263.4   281.8   303.2   330.3   371.3   465.4   636.1  2046.2 156654.6   156651
read      203.5    72.3    54.7   105.2   116.9   206.7   233.3   246.7   255.4   266.9   280.3   302.2   352.1   489.6  2444.6  36223.4    36252
read      203.6    94.8    50.7   101.6   111.7   193.9   239.9   260.1   272.6   287.1   304.5   331.5   393.1   535.0  2896.2  68278.9    68197
read      203.2    88.6    54.7   101.4   111.3   193.9   239.8   259.7   272.2   286.8   304.3   331.5   393.0   553.4  2148.7  68939.9    69016
read      248.2   137.5    59.1   120.3   135.1   224.2   274.8   305.7   328.5   356.5   393.0   450.4   573.3   745.0  3441.0 168346.4   168521
read      200.2    86.3    50.7   106.1   118.8   201.7   225.4   236.9   246.5   256.7   270.9   292.8   342.3   488.4  2908.8  28407.7    28349
read      202.2    93.4    54.7   101.2   111.1   185.4   234.8   259.8   275.0   292.0   312.5   342.7   410.0   546.9  2040.3  87524.1    87586
read      204.2    87.4    59.1   101.5   111.5   189.5   238.3   261.6   276.0   292.5   313.2   344.7   418.4   536.7  1394.9  79294.4    79260
read      208.3   105.1    54.7   109.8   120.8   189.3   229.7   254.6   272.8   293.7   318.9   357.6   442.4   693.1  2422.2 147114.4   147055
read      198.3   109.8    54.7   102.6   112.4   177.7   220.4   247.3   266.1   286.4   310.0   343.2   416.8   687.0  3190.9 121933.8   121908
read      201.0    95.0    54.7   101.7   111.5   182.4   230.6   257.3   274.0   292.0   313.5   344.0   409.3   538.2  1956.8 100653.2   100777
read      206.1    79.7    54.7   103.5   114.7   207.1   241.0   256.5   267.2   278.9   294.0   317.5   370.8   470.7  2027.5  48615.5    48531
read      199.0   108.9    54.7   102.7   112.7   179.1   222.8   249.8   268.4   288.5   311.9   344.2   410.3   545.4  2758.6 119761.8   120011
read      201.4    86.9    54.7   101.0   110.8   186.4   235.8   259.7   274.1   290.2   309.5   338.1   398.8   513.9  1338.1  83342.6    83358
read      205.3    90.9    54.7   102.3   112.6   200.6   242.2   260.4   271.9   285.7   302.1   327.6   385.2   499.1  2441.1  59904.0    59790

Total QPS = 90287.0 (117373040 / 1300.0s)

Total connections = 64
Misses = 0 (0.0%)
Skipped TXs = 0 (0.0%)

RX 28991140139 bytes :   21.3 MB/s
TX          0 bytes :    0.0 MB/s
Warning! Detected max cpu usage > 95%
CPU Usage Stats (avg/min/max): 99.87%,18.09%,100.00%
