Random waveform, supplied seed
Total number of intervals = 112 (8195, 158594, 149766, 10382, 170548, 150565, 137144, 143496, 144743, 116745, 129314, 144723, 117379, 119931, 132052, 143350, 143518, 172981, 94027, 170019, 179090, 47130, 19439, 128963, 23787, 61848, 101968, 108767, 97139, 158594, 141240, 41405, 57997, 133577, 53832, 139832, 170515, 128494, 20789, 63647, 64802, 55719, 174179, 106356, 178750, 105831, 110667, 8803, 45662, 30867, 45656, 100938, 132360, 67591, 33910, 85729, 12884, 45621, 36938, 56902, 102243, 14085, 94103, 58175, 151312, 83333, 165153, 123975, 28449, 14903, 31189, 40636, 80574, 168820, 162621, 101621, 58592, 153042, 112238, 160265, 57109, 88551, 8385, 34088, 113600, 131842, 112066, 72585, 133669, 11820, 12639, 118548, 165754, 86823, 16898, 123124, 72278, 47757, 60510, 25237, 97783, 118966, 16631, 11743, 115026, 122371, 7198, 25022, 157513, 171975, 154918, 139185)
Average QPS expected = 93505
Timestamp start: 1747332604044
Timestamp end: 1747333604288

#type       avg     std     min      p5     p10     p50     p67     p75     p80     p85     p90     p95     p99    p999   p9999      QPS   target
read      226.5   165.4    59.1   111.7   139.2   219.8   240.7   252.5   261.9   272.5   288.5   315.3   419.4  2658.7  7650.0   8113.8     8195
read      311.2   454.9    63.8   160.3   172.2   234.4   264.7   284.0   299.2   320.3   353.0   429.8  2938.4  5162.4  9269.6 158499.3   158594
read      252.0   256.6    63.8   151.1   161.2   218.0   253.0   275.4   293.3   315.1   343.3   388.3   719.8  3325.8  7775.7 149942.2   149766
read      239.5   251.4    68.9   114.7   151.3   227.3   250.3   263.3   272.1   284.2   298.9   329.1   525.0  2769.6 11286.9  10346.4    10382
read      309.9   337.2    63.8   165.6   178.9   245.2   276.7   296.7   313.6   336.0   372.2   629.6  1540.1  4074.6  8818.3 170535.7   170548
read      248.3   241.1    63.8   152.2   162.3   217.6   251.7   274.0   291.5   312.8   340.4   382.2   544.4  3373.2  8045.0 150550.6   150565
read      249.1   200.6    63.8   149.8   159.1   215.5   253.4   279.4   299.3   323.4   353.6   398.6   688.8  2609.9  6790.9 137260.1   137144
read      254.7   267.3    63.8   152.4   162.6   220.8   257.9   282.1   300.3   322.3   351.2   395.0   621.8  4026.5 10392.0 143580.7   143496
read      249.9   234.5    63.8   152.0   162.2   219.8   256.2   280.1   298.0   320.2   348.1   391.3   545.9  3293.0  7350.0 144830.4   144743
read      250.8   210.0    63.8   146.8   155.6   214.7   259.6   289.1   310.6   334.9   363.3   403.6   630.6  3068.6  7398.1 116643.8   116745
read      257.3   272.9    63.8   150.2   159.4   217.3   256.7   283.2   303.3   327.2   356.9   399.7   914.9  3677.9  8047.8 129192.8   129314
read      253.2   226.7    63.8   151.8   161.8   219.6   255.8   279.7   297.7   320.3   349.0   393.7   796.7  3127.1  7052.9 144785.7   144723
read      248.1   203.9    59.1   147.6   156.2   214.5   259.0   288.6   310.2   334.4   362.4   401.9   591.0  2745.5  7014.4 117367.1   117379
read      251.3   238.8    63.8   147.3   156.0   215.1   258.7   287.6   308.9   333.0   361.4   402.9   655.3  2977.1  9140.8 120111.0   119931
read      249.7   231.1    63.8   149.2   158.0   215.0   253.9   280.6   300.5   324.4   354.0   397.0   744.6  3023.7  6882.3 132139.3   132052
read      248.6   224.7    63.8   151.0   160.9   216.9   253.4   277.6   296.1   318.8   347.0   391.2   664.4  2626.3  7414.5 143383.3   143350
read      252.2   233.3    63.8   151.2   161.1   217.2   253.1   276.7   295.3   318.0   346.8   391.7   783.6  3323.0  7561.2 143592.4   143518
read      261.9   251.2    68.9   161.8   173.5   234.3   266.2   285.4   299.6   318.0   343.0   385.9   642.3  3401.4  7748.8 173039.1   172981
read      252.6   198.4    59.1   144.5   153.6   216.8   270.1   300.8   321.2   343.0   368.5   405.9   616.0  2752.8  7179.5  94202.4    94027
read      267.8   277.7    68.9   162.3   174.1   236.9   269.8   289.4   304.0   321.3   346.0   389.3   640.5  4075.8  8480.2 170053.4   170019
read      265.1   223.4    59.1   166.5   179.2   244.2   275.3   294.3   308.7   325.3   347.8   388.0   504.5  3155.6  8984.7 179161.1   179090
read      258.0   149.3    59.1   144.9   155.9   248.1   290.5   310.6   324.3   340.7   361.6   393.8   502.0  1802.6  4149.5  47125.7    47130
read      252.6   264.8    63.8   143.1   163.9   241.8   267.7   281.5   291.5   304.0   320.1   347.9   442.0  2647.6 11448.8  19468.7    19439
read      252.5   231.1    63.8   148.7   157.2   214.9   254.9   282.4   303.2   328.0   358.4   402.6   803.6  3192.9  7444.5 128675.2   128963
read      250.6   119.8    63.8   146.3   163.1   245.7   273.1   288.0   297.8   312.4   330.5   360.0   442.8  1868.8  3013.6  23765.8    23787
read      258.6   171.1    59.1   144.4   154.4   236.2   289.8   313.5   329.5   346.4   368.7   402.5   542.1  2382.8  4466.1  61838.7    61848
read      262.7   261.3    63.8   147.1   156.1   219.6   270.8   301.8   323.1   345.9   372.8   417.3   838.8  3971.0  8043.6 102082.4   101968
read      255.3   218.6    59.1   147.6   156.2   217.4   265.9   296.6   318.3   342.0   369.3   409.6   630.3  3258.5  7392.5 108769.7   108767
read      260.2   233.2    59.1   145.9   154.8   218.5   271.4   302.6   323.9   346.6   373.3   419.2   835.8  3345.3  7339.2  97127.2    97139
read      259.0   225.5    63.8   156.5   167.1   227.5   261.9   283.6   300.0   320.5   348.5   395.5   845.7  3287.5  7208.8 158524.7   158594
read      249.3   214.5    63.8   151.5   161.6   219.0   256.6   281.6   300.2   322.8   351.6   394.1   549.6  3105.5  8150.9 141261.7   141240
read      252.3   126.4    63.8   144.5   156.1   249.8   288.1   306.2   318.5   334.1   352.8   381.3   447.6   661.4  3196.4  41329.3    41405
read      251.3   124.2    59.1   143.8   153.9   238.3   289.3   311.6   326.6   343.4   364.4   394.6   465.0   765.1  4187.5  57970.0    57997
read      247.2   231.5    63.8   150.0   159.2   216.1   255.2   281.9   301.9   325.9   355.0   397.2   566.4  2684.8  6851.5 133582.4   133577
read      249.5   168.4    63.8   143.7   153.9   240.2   287.2   307.8   321.0   337.3   357.2   387.5   457.4   667.4  3263.1  53913.3    53832
read      240.8   201.7    59.1   149.1   157.5   211.5   248.3   273.3   292.8   315.8   344.3   386.2   524.5  2533.0  7392.9 139894.2   139832
read      245.4   174.7    63.8   157.1   167.5   224.4   255.1   274.5   290.1   308.9   334.1   373.1   476.4  2238.1  7258.2 170461.2   170515
read      237.2   161.8    63.8   146.1   154.6   208.2   247.7   275.2   296.1   320.1   348.7   389.1   503.5  1579.6  5824.3 128569.1   128494
read      237.5   118.8    59.1   140.6   160.4   236.2   262.0   275.1   285.9   296.8   313.9   340.0   398.6   582.8  2180.2  20802.3    20789
read      245.2   151.7    59.1   141.9   151.3   228.2   281.4   304.0   318.6   336.1   357.1   388.0   455.6   720.5  9190.9  63656.8    63647
read      244.1   152.6    59.1   141.9   151.2   227.0   280.5   303.3   318.1   335.3   356.0   387.4   459.5   673.3  4212.2  64878.4    64802
read      243.9   163.5    59.1   141.5   151.2   232.4   279.7   299.5   313.6   329.4   347.6   376.2   440.4   639.2 10826.6  55685.9    55719
read      246.9   220.0    59.1   157.9   168.2   224.6   254.2   272.9   287.8   305.8   330.2   369.5   475.8  2902.7  7559.2 174148.4   174179
read      238.5   180.9    63.8   143.2   151.9   208.6   257.1   288.2   309.3   332.6   359.3   395.3   479.7   981.1  7831.8 106341.2   106356
read      253.6   200.3    63.8   161.6   172.8   231.7   262.2   280.7   294.8   313.1   337.6   377.4   505.3  3050.3  7064.0 179040.7   178750
read      237.5   165.4    59.1   142.9   151.5   208.0   257.0   287.9   308.9   331.8   358.3   395.5   481.4  1095.6  4388.1 105698.3   105831
read      239.6   184.1    59.1   143.9   152.6   209.5   256.8   287.5   309.0   332.5   359.7   398.2   490.8  1069.1  8958.5 110675.1   110667
read      220.9    89.7    63.8   105.3   138.0   218.4   240.7   253.2   263.3   274.0   290.3   316.8   398.3  1303.2  2353.3   8796.1     8803
read      283.4   249.2    63.8   140.5   150.7   254.3   311.3   339.8   358.3   377.8   401.9   441.2   876.8  3704.7  7552.5  45616.2    45662
read      277.3   237.7    63.8   141.9   155.7   261.9   305.5   328.1   343.5   361.5   383.4   420.5   690.3  2686.3 11431.1  30808.7    30867
read      285.2   262.2    59.1   141.0   152.1   255.4   313.2   342.3   361.0   381.4   405.3   447.6   879.9  3642.7  7525.5  45534.6    45656
read      260.6   245.6    63.8   146.0   155.1   221.7   275.3   308.2   331.5   357.6   389.0   436.1   605.2  2946.9 10612.6 100803.8   100938
read      240.6   185.8    59.1   149.0   157.4   212.1   250.7   277.6   298.0   322.3   351.7   392.5   524.0  1425.7  4576.3 132395.1   132360
read      247.6   189.5    63.8   142.6   152.1   227.2   282.9   307.7   324.1   342.3   364.4   395.7   464.4   739.4 10257.7  67689.0    67591
read      253.9   253.1    63.8   144.9   158.0   247.7   281.3   297.2   310.1   323.7   342.2   370.1   435.4   813.3 12724.2  34004.4    33910
read      239.7   130.7    63.8   142.2   151.0   213.0   269.5   298.7   317.6   337.9   361.3   394.0   463.8   706.9  4299.4  85703.3    85729
read      239.8   106.9    63.8   116.3   158.3   236.2   262.4   276.0   287.2   298.9   316.5   344.0   431.2  1280.1  4125.8  12964.6    12884
read      287.7   263.2    63.8   142.3   153.5   257.1   315.3   344.6   363.2   383.7   408.0   450.5   832.4  4063.9  7803.9  45582.4    45621
read      286.0   198.6    63.8   143.4   156.0   263.9   315.8   342.2   359.9   379.2   403.9   448.1   913.4  2924.0  3927.1  37013.3    36938
read      264.3   207.9    63.8   144.6   155.0   243.0   295.0   319.7   337.2   357.0   381.2   419.9   530.2  2583.2  8742.3  56984.6    56902
read      243.4   186.6    63.8   145.3   154.2   214.0   263.6   294.3   315.6   338.5   364.5   400.1   482.8   981.7  7138.8 102147.9   102243
read      254.2   155.4    68.9   127.6   164.4   249.7   276.5   291.7   302.8   316.3   335.6   366.0   481.0  1217.3  5689.6  14067.8    14085
read      255.8   197.1    63.8   145.1   154.2   219.8   274.4   306.1   328.0   352.4   381.5   426.5   576.2  2409.2  7435.8  93953.3    94103
read      248.6   116.1    63.8   143.2   153.0   235.8   285.7   307.3   321.3   338.4   359.0   389.9   464.3   945.9  3722.8  58168.2    58175
read      240.1   222.8    59.1   151.2   161.0   214.7   248.4   270.7   288.0   308.9   335.8   374.0   469.0  2888.7  6285.8 151210.3   151312
read      241.0   141.0    59.1   142.5   151.5   215.1   271.3   299.1   317.0   336.3   359.0   391.7   463.7   821.5  4374.9  83633.2    83333
read      247.2   182.7    63.8   156.9   167.3   225.3   257.4   277.4   293.1   312.5   338.1   377.5   483.5  2544.5  7527.6 165201.9   165153
read      240.3   198.2    63.8   146.6   155.2   210.1   251.1   279.2   299.8   323.5   351.7   390.7   511.9  2136.5  6022.6 123787.2   123975
read      246.8   107.7    63.8   145.6   160.8   246.0   274.4   289.6   299.9   313.7   331.3   358.7   422.0   740.5  4057.7  28391.4    28449
read      236.6    96.9    68.9   124.6   158.0   234.7   260.6   274.0   284.8   296.1   313.7   340.9   407.9   808.1  3305.0  14929.2    14903
read      272.6   183.8    63.8   143.1   157.0   268.3   312.0   334.0   348.7   365.6   386.1   417.1   493.8  1120.1 10945.2  31143.2    31189
read      275.1   177.0    63.8   142.9   154.8   263.1   317.8   344.2   361.6   380.3   402.1   434.5   508.0  1812.7  8426.3  40593.9    40636
read      247.6   170.7    63.8   142.8   152.3   221.4   277.8   306.1   325.0   345.4   370.3   406.9   492.6   919.8  7710.9  80581.8    80574
read      245.2   158.1    63.8   159.5   169.8   226.9   257.6   276.6   292.0   310.6   335.3   372.7   459.8  1273.1  5109.6 168685.9   168820
read      242.2   188.5    59.1   156.1   166.4   221.9   253.0   273.1   289.1   308.6   334.4   372.6   459.4  1450.6  6445.3 162723.3   162621
read      235.0   147.4    63.8   143.0   151.9   208.1   256.5   287.3   307.4   328.9   353.1   386.0   452.5   639.1  5224.5 101497.1   101621
read      246.1   183.8    54.7   142.1   152.4   233.1   281.2   301.7   315.8   332.4   352.1   381.2   439.9   606.3 11360.7  58521.9    58592
read      238.0   170.4    63.8   152.2   162.3   216.5   249.9   271.8   289.0   309.8   336.5   373.8   457.3  1026.1  7202.8 153043.8   153042
read      234.6   129.1    63.8   144.5   153.5   208.5   252.4   282.0   302.5   324.8   350.0   384.6   454.5   659.1  4358.0 112221.7   112238
read      241.2   166.6    63.8   155.2   165.5   221.4   253.5   274.3   290.8   310.8   336.9   375.1   461.0   930.7  6031.8 160162.2   160265
read      245.2   122.3    59.1   142.3   152.8   236.1   282.1   302.0   315.6   331.6   350.7   380.0   444.9   580.0  3484.1  57150.6    57109
read      238.7   149.2    54.7   142.5   151.7   213.3   266.8   295.1   313.3   332.8   355.1   386.5   452.1   660.9  6123.3  88627.9    88551
read      227.9   236.2    63.8   109.8   137.3   222.5   244.8   256.7   266.2   275.9   291.7   316.9   390.1  1786.3 11284.2   8412.6     8385
read      271.4   154.6    63.8   142.6   155.8   263.6   310.0   333.5   348.9   367.2   389.6   423.3   507.3  1598.0  4347.4  34087.4    34088
read      267.9   206.6    63.8   147.4   156.6   220.9   272.1   305.9   330.3   358.9   398.9   524.0   951.0  1562.3  4424.0 113603.1   113600
read      237.5   179.4    63.8   148.8   157.1   211.6   249.6   275.4   295.4   318.6   345.7   383.8   462.9  1325.3  7117.6 131945.6   131842
read      236.3   150.9    54.7   144.6   153.6   209.9   254.3   284.3   305.0   327.2   352.2   386.9   461.1   714.6  6280.0 111983.4   112066
read      242.3   151.2    63.8   142.1   151.7   222.7   276.7   300.4   316.0   333.4   353.6   382.6   446.0   596.7  7174.8  72550.1    72585
read      236.4   156.3    59.1   149.4   158.1   212.7   250.3   275.8   295.3   318.0   344.8   381.9   457.7   801.7  4466.1 133601.3   133669
read      235.6    81.6    63.8   118.1   156.4   234.8   259.9   273.1   283.7   295.3   312.5   339.4   403.4   654.5  2705.6  11819.8    11820
read      243.6   117.4    68.9   120.8   157.6   244.1   270.1   284.2   293.9   307.1   322.9   349.4   412.4   760.5  2531.5  12623.1    12639
read      431.7   491.7    63.8   161.9   177.1   259.0   297.9   339.6   398.0   661.7  1205.0  1475.8  2261.6  3854.7  8019.8 118325.6   118548
read      245.5   192.3    63.8   157.9   168.3   225.7   257.2   276.8   292.5   311.5   336.4   373.6   462.2  1524.8  7016.7 165470.1   165754
read      242.6   160.1    63.8   142.5   151.8   216.1   269.4   297.5   316.4   336.8   360.8   395.7   485.0  1111.8  4373.1  86569.4    86823
read      245.6   145.4    63.8   130.2   158.5   241.3   268.4   283.4   294.1   308.0   324.9   354.0   433.4  1515.5  6073.6  16932.4    16898
read      248.3   180.6    63.8   147.8   156.6   218.1   263.6   292.8   314.7   339.8   370.5   420.9   541.1  1479.1  5417.4 122943.2   123124
read      237.9   140.6    59.1   140.7   150.1   219.3   273.0   295.4   310.0   325.7   344.7   372.6   433.4   637.9  7181.4  72214.8    72278
read      241.3    95.9    63.8   141.4   152.5   238.5   276.0   292.5   304.6   318.3   337.4   365.5   425.4   568.0  2293.9  47622.1    47757
read      243.4   127.9    59.1   142.0   152.1   231.9   280.2   299.9   313.8   329.4   347.0   375.1   441.1   726.0  4049.9  60560.2    60510
read      241.5   101.0    59.1   143.6   161.0   240.6   266.6   279.9   289.9   301.5   318.0   344.9   412.7   769.9  4160.6  25350.1    25237
read      233.6   121.5    59.1   142.9   151.8   210.1   259.4   288.4   306.3   324.5   344.8   372.6   431.5   575.4  4195.4  97893.7    97783
read      231.8   177.5    63.8   144.3   153.0   206.3   247.5   275.5   295.5   317.2   340.9   371.2   431.5   678.3  5539.2 118902.7   118966
read      227.0   114.7    63.8   127.2   159.7   225.8   248.0   260.0   268.8   279.0   293.1   316.7   373.1   562.0  5549.3  16591.9    16631
read      218.9    84.7    63.8   114.4   155.2   218.1   238.0   249.6   257.8   268.5   282.3   305.7   363.7   567.8  3042.2  11763.2    11743
read      234.1   176.8    59.1   145.1   153.8   209.0   252.1   281.0   301.5   323.4   346.6   376.7   434.8   578.3  6514.8 115051.1   115026
read      234.3   180.9    63.8   146.8   155.3   209.7   250.2   277.8   298.2   320.5   345.0   376.2   434.5   591.3  4629.9 122297.0   122371
read      214.2   255.3    59.1   109.5   128.0   210.1   229.7   240.2   248.3   257.4   270.8   292.0   357.3   683.0 17680.1   7178.8     7198
read      239.5    86.1    63.8   144.2   161.2   241.2   265.8   278.0   287.7   297.5   314.0   339.2   395.9   563.2  2338.9  25065.4    25022
read      238.3   198.8    63.8   153.4   163.4   217.3   250.0   271.2   287.7   307.8   333.5   369.8   436.0  1058.9  7332.5 157547.8   157513
read      238.2   141.9    63.8   156.5   166.5   221.4   251.8   271.1   286.1   304.3   328.3   364.9   432.7   593.9  6125.3 171949.4   171975
read      233.0   179.7    63.8   150.4   159.6   211.5   244.1   266.1   283.0   303.4   329.6   366.3   430.7  1334.1  6181.2 154801.9   154918
read      227.9   122.6    68.9   146.4   154.7   206.8   242.7   267.8   286.5   308.9   335.5   368.2   427.2   554.9  2894.9  15525.4   139185

Total QPS = 93133.3 (93133264 / 1000.0s)

Total connections = 64
Misses = 0 (0.0%)
Skipped TXs = 0 (0.0%)

RX 23003915220 bytes :   21.9 MB/s
TX          0 bytes :    0.0 MB/s
Warning! Detected max cpu usage > 95%
CPU Usage Stats (avg/min/max): 99.87%,33.50%,100.00%
