Random waveform, random seed
Total number of intervals = 130 (125188, 103579, 67118, 128396, 126776, 19465, 48546, 15957, 65561, 29292, 11091, 178628, 152414, 64288, 162003, 44378, 146767, 171238, 23828, 50551, 122807, 171460, 84117, 43352, 59347, 67663, 10493, 98785, 167456, 157710, 157497, 88149, 93051, 48924, 81203, 75326, 173207, 43862, 53609, 59424, 149964, 176803, 105022, 169131, 133362, 115900, 111464, 101997, 66192, 134382, 95708, 76352, 88284, 73572, 91645, 38702, 134496, 92148, 102990, 130309, 77418, 153591, 66048, 165009, 159435, 103607, 177888, 141386, 38941, 113273, 63732, 97934, 30005, 90004, 111919, 59405, 179087, 164969, 20723, 6576, 79691, 43264, 154546, 21064, 136220, 19624, 92694, 176822, 78801, 133463, 65002, 82384, 153545, 170173, 143432, 130321, 100771, 123601, 28454, 85680, 68851, 24015, 36047, 124543, 112911, 106966, 117086, 90350, 156934, 67487, 29288, 112047, 98305, 144340, 158662, 69614, 77725, 73242, 146378, 114676, 9123, 7949, 44277, 29783, 24700, 173128, 118195, 6940, 64705, 170301)
Average QPS expected = 95384
Timestamp start: 1746537116585
Timestamp end: 1746538416827

#type       avg     std     min      p5     p10     p50     p67     p75     p80     p85     p90     p95     p99    p999   p9999      QPS   target
read      243.1   236.8    54.7   101.6   112.1   187.3   235.4   265.8   287.9   315.5   362.0   565.3  1289.8  2232.6  6416.8 125335.2   125188
read      215.4   185.9    50.7    97.6   107.0   181.4   234.5   264.6   285.3   309.4   341.1   400.4   602.5  2219.1  7387.7 103590.2   103579
read      266.0   413.7    54.7    94.7   103.9   216.1   270.9   302.6   325.4   352.5   387.4   446.4  1435.3  6537.6 10547.6  67071.9    67118
read      224.9   219.9    54.7   100.4   110.3   179.4   225.4   253.7   274.1   297.8   329.2   392.1  1298.6  2518.9  6140.4 128474.5   128396
read      204.8   163.5    54.7    98.9   108.5   173.0   217.3   246.1   267.6   292.2   322.2   372.5   607.2  1724.3  4514.6 126665.2   126776
read      201.6   156.4    59.1   100.2   111.8   191.4   216.2   229.4   238.8   251.1   267.5   294.5   483.2  2201.3  5846.6  19454.6    19465
read      256.3   366.6    50.7    94.1   103.3   217.0   265.9   292.9   311.5   332.5   359.2   403.2  1217.2  5826.0  8389.5  48621.0    48546
read      204.2   226.0    54.7    99.1   111.3   188.2   212.0   224.9   233.8   245.8   261.6   290.7   623.7  3350.8  8020.0  15953.1    15957
read      260.0   357.6    54.7    94.4   103.5   216.9   272.4   304.9   327.4   353.5   386.0   437.3  1196.1  5681.3  9195.1  65461.4    65561
read      227.8   200.5    59.1    96.4   107.0   209.6   244.9   263.5   276.0   292.1   312.9   350.4   922.9  3000.0  6164.6  29292.7    29292
read      190.7   206.7    63.8    99.9   112.1   174.1   193.7   204.3   212.8   222.6   235.2   263.9   641.9  2751.2  8012.3  11103.5    11091
read      283.0   310.2    54.7   123.7   140.6   232.8   274.9   300.0   319.0   343.4   379.1   459.6  1531.0  3480.1  8076.1 178397.1   178628
read      215.0   234.9    54.7   104.1   114.6   181.2   220.6   245.0   263.8   286.0   314.5   360.6   668.3  3260.4  7846.9 152355.2   152414
read      240.5   317.1    54.7    95.1   104.0   206.1   255.6   281.9   301.1   324.5   356.8   408.1   866.3  5210.4  8462.0  64283.2    64288
read      239.7   269.8    54.7   108.9   120.7   195.6   236.2   261.8   280.5   303.9   335.9   396.8  1420.1  3355.2  7675.5 162063.1   162003
read      239.1   281.5    54.7    95.3   104.9   210.7   251.9   274.5   292.0   312.1   338.1   385.5  1038.1  4167.0  7855.8  44429.6    44378
read      260.2   302.3    54.7   105.4   117.1   197.0   242.5   269.3   289.6   314.9   352.5   485.6  1559.3  3144.5  7433.6 146801.4   146767
read      214.1   173.5    50.7   111.2   123.2   192.6   229.6   252.4   269.9   290.9   317.8   361.8   477.0  1868.5  6097.4 171079.9   171238
read      203.5   168.4    54.7    98.9   110.3   192.0   217.0   230.7   240.8   253.1   270.5   299.7   509.3  2816.2  5056.0  23769.2    23828
read      264.3   390.5    54.7    94.7   104.2   218.9   269.2   296.9   316.4   338.6   367.4   420.5  1497.8  5641.1  8063.9  50482.3    50551
read      288.5   329.0    54.7   103.7   115.4   200.9   253.2   286.4   313.6   355.2   485.2   929.3  1539.2  3130.7  7469.6 122742.4   122807
read      217.2   173.5    54.7   113.9   126.7   195.7   231.8   253.9   271.0   291.7   318.2   361.9   469.5  2600.6  5668.5 171502.9   171460
read      244.4   276.4    54.7    96.1   105.6   202.1   261.6   294.4   318.7   348.7   388.8   452.8   945.6  4297.4  8065.7  84116.1    84117
read      250.9   298.5    54.7    94.7   104.3   217.0   263.5   288.5   305.9   325.4   351.1   400.9  1255.7  4040.6  8046.1  43263.4    43352
read      271.5   449.6    50.7    94.1   103.2   219.0   272.3   303.1   324.6   349.0   381.0   435.6  1507.0  7340.4 10112.8  59383.6    59347
read      270.2   425.3    50.7    94.6   103.8   218.3   274.8   307.5   330.6   357.3   391.3   449.9  1404.7  7303.5  9834.9  67730.4    67663
read      191.4   234.2    59.1   100.4   112.6   172.1   191.6   202.0   211.0   221.1   234.9   264.8   767.1  2771.4 10390.2  10498.3    10493
read      236.4   262.8    54.7    97.5   107.2   191.7   248.8   280.2   303.5   332.9   374.0   447.9   932.9  3772.1  7913.4  98697.9    98785
read      214.6   172.3    59.1   111.4   123.3   191.3   227.9   250.4   267.8   288.7   315.8   359.8   476.7  2550.0  6229.0 167700.0   167456
read      211.8   201.9    59.1   107.6   118.5   184.8   223.5   247.7   266.1   287.9   315.5   358.9   481.2  3095.6  7811.8 157389.6   157710
read      218.5   174.4    54.7   109.7   121.1   192.7   232.5   257.3   275.5   297.9   327.5   373.5   518.1  2439.9  6144.4 157208.5   157497
read      232.3   240.5    50.7    97.3   107.0   196.3   255.2   287.2   309.8   336.2   370.2   427.7   647.1  3108.5  8713.9  88225.4    88149
read      227.5   268.9    54.7    97.7   107.2   189.2   247.4   280.2   303.8   332.0   369.3   434.3   678.8  2302.5  7633.2  93140.6    93051
read      245.2   232.6    54.7    96.4   106.6   220.3   269.2   296.2   315.4   337.4   365.2   409.2   878.2  3395.7  7223.1  48853.8    48924
read      260.3   296.7    59.1    97.5   107.8   215.3   280.3   318.6   345.4   375.9   413.5   471.4  1073.8  4109.6  9307.7  81268.8    81203
read      257.2   319.5    50.7    96.6   106.5   216.5   278.9   314.8   340.1   369.0   403.7   459.6   915.6  5915.2  9194.8  75319.3    75326
read      298.9   282.0    59.1   130.5   149.4   251.7   299.0   328.9   352.2   382.6   425.4   504.0  1489.8  3366.0  7749.2 173444.0   173207
read      235.2   200.2    54.7    97.8   108.3   216.2   260.9   284.8   301.7   320.9   345.6   387.5   682.9  3064.2  5901.1  43837.3    43862
read      252.6   299.0    54.7    95.4   105.4   221.5   275.4   306.0   326.6   349.3   378.3   424.5   925.2  4467.0  7786.7  53564.1    53609
read      256.4   295.4    54.7    95.3   105.0   221.2   277.6   310.0   332.3   357.4   389.0   437.5  1023.0  4635.9  7877.8  59506.4    59424
read      277.3   311.3    59.1   112.9   126.9   214.7   259.8   286.3   306.8   333.5   374.0   503.4  1582.3  3373.0  7636.5 150033.6   149964
read      248.5   195.0    54.7   121.8   137.5   223.7   267.8   293.7   313.7   338.0   370.2   423.3   549.5  3046.6  7037.2 176853.5   176803
read      224.7   189.3    54.7   100.1   110.1   185.9   240.3   273.6   298.4   328.1   366.7   432.2   672.0  2104.1  7157.6 104811.1   105022
read      236.7   184.3    59.1   117.2   131.3   212.2   253.9   278.9   297.6   320.4   351.7   401.8   544.3  2530.9  5614.7 169237.6   169131
read      212.7   167.8    54.7   103.4   113.6   181.9   224.5   251.3   271.6   295.5   325.9   372.3   614.9  2312.5  3543.6 133460.4   133362
read      240.8   233.8    54.7   102.0   112.4   188.3   239.3   272.2   297.7   330.5   379.6   519.6  1151.5  2287.1  8162.3 115896.2   115900
read      250.0   266.6    54.7   102.6   113.2   194.4   249.9   285.5   313.5   349.9   408.6   540.3  1163.3  2691.1 10206.3 111377.8   111464
read      237.3   276.5    54.7    99.7   109.9   189.7   246.4   280.3   305.7   336.3   377.5   455.8   933.7  3330.3 10352.7 101934.4   101997
read      251.0   282.8    50.7    96.0   105.8   217.0   273.9   306.6   329.4   355.4   388.0   436.3   892.4  4242.6  8787.7  66260.7    66192
read      252.6   290.5    54.7   107.1   118.6   196.7   242.4   269.8   290.3   315.4   350.1   429.6  1512.0  3211.4  7741.6 134476.8   134382
read      224.3   182.5    54.7    99.3   109.2   189.1   246.7   279.9   303.9   331.6   366.5   424.5   607.1  1978.2  8067.5  95853.4    95708
read      261.7   303.4    50.7    98.3   109.1   219.5   282.3   318.8   344.3   373.5   410.1   466.3  1041.9  4575.3  8123.2  76271.9    76352
read      244.1   270.6    54.7    98.8   109.1   200.7   263.0   297.8   323.5   353.5   392.1   453.9   824.0  3617.3  9777.4  88141.1    88284
read      242.3   255.5    50.7    97.6   107.5   208.6   267.6   298.8   321.1   347.3   382.2   434.4   699.7  3688.7  8445.8  73560.5    73572
read      227.3   200.7    54.7    97.9   107.7   191.8   249.5   279.6   301.5   328.0   365.6   429.8   634.6  2795.8  7698.9  91829.1    91645
read      234.1   216.5    54.7    97.7   108.7   215.0   256.7   279.4   296.0   316.0   340.7   381.5   754.6  2727.5 10003.8  38625.2    38702
read      279.8   351.0    54.7   105.3   117.0   201.5   250.7   278.5   299.4   326.4   369.1   742.4  1640.4  3616.0  7769.0 134446.4   134496
read      221.6   190.7    54.7    97.8   107.4   188.1   245.0   276.1   297.9   323.9   357.7   413.6   583.5  2353.0  6936.7  92197.7    92148
read      248.1   243.3    54.7   101.7   112.3   199.3   259.8   298.0   328.1   364.5   412.5   490.8   892.4  3481.7  7727.2 102978.8   102990
read      209.9   172.0    54.7   100.0   109.8   175.4   219.4   247.8   268.8   292.9   323.1   372.4   784.4  1814.7  3923.6 130175.8   130309
read      240.5   263.3    50.7    97.2   106.9   205.0   263.4   294.3   317.0   343.7   379.6   435.9   759.9  3661.9  9552.7  77352.2    77418
read      272.1   341.7    54.7   109.2   121.6   205.7   251.0   277.0   296.8   321.2   360.1   498.9  1584.5  3448.2  7961.6 153513.4   153591
read      237.2   237.5    50.7    96.7   106.4   209.8   263.1   291.2   312.0   336.4   367.9   418.8   690.7  3451.6  7959.4  66015.3    66048
read      299.1   321.4    54.7   122.0   138.8   234.7   279.8   307.5   329.3   358.8   403.6   554.1  1597.5  3397.4  7521.2 165108.5   165009
read      217.1   179.1    54.7   109.7   120.9   189.4   228.4   252.5   270.9   293.1   321.3   368.0   549.3  2158.8  6094.7 159582.8   159435
read      222.4   165.4    50.7    98.5   108.4   185.4   240.6   274.6   299.9   330.5   370.6   437.8   620.8  1779.7  5402.3 103705.2   103607
read      279.2   277.0    54.7   124.1   141.1   235.7   281.0   308.7   330.0   357.5   396.3   468.4  1444.3  3561.0  7811.0 177943.0   177888
read      208.5   194.4    54.7   102.5   112.6   177.8   217.8   243.7   263.5   286.7   315.9   360.8   599.0  2437.0  8065.8 141084.6   141386
read      223.2   132.9    59.1    97.4   108.0   215.2   256.6   278.8   294.7   313.5   336.4   369.9   455.1  1525.7  3769.5  39026.4    38941
read      231.8   185.5    54.7   100.6   110.9   187.4   240.9   274.8   302.0   337.3   392.2   504.3   803.2  1495.6  3902.9 113356.5   113273
read      240.3   211.9    54.7    96.1   106.0   217.6   272.2   302.6   324.2   348.6   379.7   427.6   603.5  3060.7  7031.1  63718.5    63732
read      225.9   192.9    54.7    98.5   108.4   188.4   245.3   277.8   301.3   329.3   366.2   430.7   640.0  2712.8  7104.1  97765.1    97934
read      235.3   287.4    59.1   100.1   111.9   215.9   254.4   274.1   288.8   305.8   327.7   364.7   757.9  3047.2 11600.5  30072.1    30005
read      226.4   200.9    54.7    98.2   107.9   191.1   249.5   281.4   304.0   330.8   366.0   425.5   630.2  2171.3  8540.3  90031.4    90004
read      249.5   238.8    54.7   102.5   113.2   193.8   249.6   286.5   316.3   357.9   425.6   556.8  1036.9  2666.7  6387.7 112142.1   111919
read      238.5   190.0    54.7    96.9   106.9   214.8   266.0   293.8   314.7   339.0   370.5   423.7   754.4  2611.1  5860.3  59343.0    59405
read      318.8   328.4    54.7   137.9   158.1   261.9   312.0   343.2   368.1   399.0   443.4   535.8  1599.5  3735.4  9001.3 179097.8   179087
read      226.6   202.2    50.7   112.4   125.4   199.5   238.9   263.4   281.6   304.0   333.9   383.3   570.5  2696.8  7668.2 164873.7   164969
read      194.4    78.8    50.7   105.6   118.6   193.6   216.3   228.4   236.2   247.4   260.9   282.3   333.8   632.8  2591.4  20626.5    20723
read      171.9   209.3    54.7   101.7   113.4   165.2   181.4   190.5   197.4   205.3   215.9   233.0   282.8  1823.9 10983.9   6544.4     6576
read      197.5    89.7    54.7    95.4   104.3   182.8   232.7   256.7   271.8   288.8   309.5   339.4   398.0   496.2  1473.6  79610.0    79691
read      203.2    78.3    54.7   100.0   111.1   204.1   236.9   252.9   264.3   276.3   292.9   317.3   367.7   454.9  2108.4  43215.1    43264
read      194.5   182.1    54.7   103.8   113.9   174.7   210.9   234.0   252.3   273.5   299.8   336.8   403.6   540.1  4635.1 154648.3   154546
read      202.5   386.7    63.8   105.4   118.2   192.1   213.6   225.1   232.9   243.2   255.4   274.9   323.1  4195.7 19048.8  21061.9    21064
read      193.7   120.9    54.7   100.9   110.5   172.5   212.8   238.5   258.6   280.6   306.9   342.7   412.4   649.0  2369.7 136205.8   136220
read      200.0   265.0    54.7   106.4   119.4   193.6   215.8   227.6   235.2   246.0   258.8   278.2   325.6  1092.8 11550.0  19703.0    19624
read      197.9   173.5    46.9    95.8   104.6   177.5   228.9   255.5   271.8   289.5   310.7   341.0   400.6   509.3 11196.8  92612.7    92694
read      204.2   107.0    54.7   112.6   124.7   189.4   223.2   243.8   259.7   278.5   303.4   340.5   414.1   540.6  2321.2 176754.9   176822
read      201.5   172.4    50.7    96.0   105.3   185.6   236.7   260.7   275.5   292.6   313.4   343.0   401.3   507.5  3661.1  78900.7    78801
read      195.4   110.8    54.7   100.8   110.5   174.6   216.0   242.7   262.5   284.4   310.5   345.8   416.4   531.4  2387.1 133280.4   133463
read      203.7    97.5    54.7    97.1   106.9   192.7   240.0   261.6   275.3   291.7   312.6   343.4   409.8   566.1  2353.6  65140.4    65002
read      200.7    88.8    50.7    96.4   105.6   184.6   236.5   261.7   277.2   294.5   316.2   346.8   406.3   508.6  1973.2  82218.7    82384
read      196.5   100.2    50.7   105.6   116.0   178.2   214.9   238.1   256.5   277.7   304.4   341.4   409.9   537.0  1791.6 153620.5   153545
read      202.9   123.2    54.7   110.8   122.4   187.0   221.6   243.0   259.6   279.1   304.8   341.7   415.0   546.1  1853.0 169944.3   170173
read      194.7   111.4    54.7   102.4   112.3   174.6   213.3   238.1   257.6   279.6   306.4   342.6   409.7   535.6  3588.9 143428.8   143432
read      193.5   147.4    50.7    99.6   109.3   172.3   214.0   240.7   260.7   282.6   308.4   343.2   406.3   505.4  2694.8 130204.0   130321
read      197.0    95.4    50.7    96.5   105.6   176.6   226.9   255.2   273.2   292.7   315.9   348.0   413.1   515.3  1265.8 100723.5   100771
read      194.0   143.9    50.7    99.0   108.4   171.9   215.3   243.4   263.7   285.4   310.6   344.8   408.1   506.6  3002.6 123600.2   123601
read      198.4   138.3    50.7   103.3   115.2   198.4   223.6   235.9   245.9   256.3   270.5   292.1   340.9   438.2  8703.5  28533.1    28454
read      197.9    90.1    54.7    95.9   104.8   181.4   232.9   258.2   273.8   291.1   312.0   341.8   400.2   495.9  1184.5  85633.4    85680
read      204.1   223.2    50.7    96.7   106.3   191.7   239.6   261.8   275.3   291.3   311.0   339.9   398.0   512.2 10273.0  68682.8    68851
read      200.4   213.6    54.7   105.5   118.0   198.1   222.5   234.4   243.8   253.9   268.1   288.9   335.6   457.3 11404.1  23903.8    24015
read      205.1   147.8    54.7   102.2   113.4   205.3   235.4   250.6   261.2   272.6   288.4   312.1   364.6   491.4 10369.4  36148.7    36047
read      194.5   104.2    54.7    99.4   109.0   172.9   216.6   244.4   264.2   285.6   310.5   344.9   412.9   544.7  2854.5 124445.2   124543
read      194.0    98.0    50.7    97.5   106.6   172.3   219.1   247.9   267.4   288.0   312.0   345.1   408.0   513.9  2226.6 113098.2   112911
read      194.7   103.9    50.7    96.7   105.6   173.3   221.9   250.6   269.4   289.2   312.6   344.9   406.3   512.1  2154.0 107024.9   106966
read      192.9   107.3    54.7    97.4   106.4   171.0   216.4   245.0   264.6   285.5   309.9   343.4   406.8   524.5  2890.9 117270.8   117086
read      198.3   102.3    50.7    96.1   105.1   179.8   232.1   258.4   274.5   292.1   313.4   343.9   403.4   522.1  2320.0  90535.2    90350
read      195.8   113.9    54.7   105.2   115.5   177.3   213.4   235.9   254.2   275.3   301.9   339.5   408.9   569.9  3111.3 157139.5   156934
read      202.3    88.3    50.7    96.9   106.6   192.7   241.1   262.3   275.4   290.9   309.8   337.9   394.2   486.0  1447.8  67559.9    67487
read      197.2    73.6    59.1   103.4   115.0   199.2   224.1   236.1   246.1   256.7   271.2   293.2   341.9   429.3  2165.8  29336.4    29288
read      193.2   103.4    50.7    97.2   106.2   172.4   219.6   247.7   266.0   285.1   307.2   338.7   401.2   538.9  2717.4 112157.4   112047
read      194.9    98.1    50.7    96.4   105.3   175.1   226.3   253.7   270.3   288.0   309.0   339.3   399.9   507.9  2240.3  98239.1    98305
read      194.3   109.5    46.9   102.4   112.4   174.5   213.6   238.4   257.7   278.9   304.3   339.6   407.7   548.9  2309.5 144389.8   144340
read      197.4   120.9    54.7   105.9   116.5   179.2   215.5   238.1   256.2   276.9   302.7   339.4   411.0   597.8  3175.3 158614.8   158662
read      200.8   130.9    50.7    96.2   105.5   189.9   238.3   259.2   272.2   287.0   305.0   333.1   392.4   506.8  4097.1  69529.8    69614
read      198.8    83.7    54.7    96.1   105.2   185.3   236.9   259.7   273.7   289.6   308.8   337.5   395.8   478.1  1007.7  77592.2    77725
read      199.5    85.9    54.7    96.2   105.4   188.1   237.9   259.4   272.6   287.9   306.4   334.8   393.8   495.3  2128.8  73139.2    73242
read      195.1   125.3    54.7   103.2   113.2   175.4   213.8   238.1   257.2   278.7   304.8   340.6   408.9   552.0  3080.7 146427.6   146378
read      194.2   105.4    54.7    97.7   106.8   172.6   219.9   248.5   267.5   287.6   311.1   343.6   407.0   517.2  1324.2 114643.2   114676
read      172.5    67.7    59.1   107.5   119.1   170.2   187.2   197.0   203.6   212.7   223.9   241.8   286.2   402.9  2193.9   9143.6     9123
read      170.8    59.1    54.7   106.5   118.3   168.3   185.5   195.3   201.8   210.9   221.5   238.3   286.4   424.8  3028.9   7942.5     7949
read      205.2    79.5    54.7   101.2   111.8   207.0   240.3   256.4   267.5   279.9   295.2   319.7   373.0   467.6  1120.4  44318.6    44277
read      203.8    74.0    54.7   107.3   119.4   205.8   231.4   244.8   253.8   265.6   279.4   302.1   355.6   459.2  2175.3  29855.5    29783
read      198.4    66.7    59.1   106.7   119.1   200.0   223.6   235.0   244.5   254.3   268.5   289.6   338.5   462.9  2152.1  24683.1    24700
read      207.7   122.4    54.7   112.9   125.3   192.3   227.2   248.5   264.9   284.3   309.4   346.2   424.4   589.4  3257.3 173029.1   173128
read      194.9   105.2    50.7    98.3   107.7   172.8   218.7   247.4   267.0   287.7   311.8   344.9   413.2   577.1  3166.5 118292.1   118195
read      170.8    55.5    59.1   106.9   118.4   167.4   185.1   195.2   201.9   211.4   222.6   240.1   292.7   590.8  1892.1   6959.3     6940
read      203.5   194.0    50.7    97.0   106.6   194.2   240.8   260.6   273.1   287.7   305.4   332.8   391.2   509.1  4059.6  64717.5    64705
read      199.4   126.5    54.7   109.6   120.4   183.4   217.5   238.6   255.1   274.7   299.8   337.2   407.0   531.2  2026.0 170224.2   170301

Total QPS = 95380.7 (123994856 / 1300.0s)

Total connections = 64
Misses = 0 (0.0%)
Skipped TXs = 0 (0.0%)

RX 30626728691 bytes :   22.5 MB/s
TX          0 bytes :    0.0 MB/s
Warning! Detected max cpu usage > 95%
CPU Usage Stats (avg/min/max): 99.87%,17.68%,100.00%
