Total number of intervals = 130 (141540, 9994, 115116, 51626, 160061, 132580, 96338, 169563, 51150, 39660, 130077, 20426, 96677, 91563, 70624, 75995, 41637, 105593, 129375, 124130, 174732, 116883, 179960, 141024, 73565, 159283, 170444, 151785, 164978, 168837, 93450, 107612, 117688, 58128, 64186, 32057, 94960, 112527, 122530, 63866, 78595, 168697, 17288, 38254, 131480, 159952, 39643, 25252, 179526, 16777, 15873, 57328, 94461, 121368, 138195, 127487, 71368, 146915, 46754, 173491, 84290, 145970, 79235, 79929, 12949, 77238, 109857, 39727, 24915, 108768, 112567, 95880, 165452, 82546, 73776, 20922, 38179, 92960, 99589, 20128, 155087, 12198, 63692, 129265, 32750, 26375, 148415, 55494, 74597, 168225, 144018, 172241, 86416, 177359, 171536, 124599, 15102, 40786, 155820, 82522, 11358, 126679, 149586, 126137, 133715, 98483, 158457, 119684, 173047, 154564, 141504, 93030, 39372, 5657, 28987, 122231, 115976, 161315, 24477, 107204, 76743, 15116, 108074, 9912, 141516, 128084, 136666, 166915, 168077, 106988)
Average QPS expected = 98629
Timestamp start: 1746535280606
Timestamp end: 1746536580918

#type       avg     std     min      p5     p10     p50     p67     p75     p80     p85     p90     p95     p99    p999   p9999      QPS   target
read      308.5   344.1    46.9   113.9   128.5   207.5   249.9   281.9   313.0   370.4   586.9  1070.1  1661.0  2908.0  4814.7 141540.8    88406
read      174.0   105.3    54.7   106.6   119.9   168.2   184.4   193.6   200.0   208.6   218.7   237.3   296.9  1373.0  4833.3  10005.5    34452
read      234.1   234.3    54.7   102.8   113.0   188.1   240.3   273.9   299.6   332.1   379.1   463.0   856.9  2743.1  9163.8 115037.7    94169
read      239.7   276.1    54.7    97.8   107.8   209.3   254.4   279.3   297.5   319.8   348.1   395.9   929.8  4219.7  7947.9  51517.1   111853
read      248.2   258.2    59.1   112.9   125.7   201.1   240.2   264.1   281.9   304.2   335.5   401.2  1478.8  3014.4  5501.4 160345.1   168081
read      206.9   176.4    54.7   102.6   112.3   176.4   216.7   242.6   262.5   285.3   313.6   357.4   632.4  2248.2  5576.3 132665.8   159772
read      216.2   226.9    63.8    98.2   107.4   181.4   233.7   263.7   283.8   306.7   336.6   389.1   582.5  2798.2  8846.7  96234.2   171419
read      277.3   336.4    59.1   118.4   133.2   218.0   256.4   279.3   296.7   319.5   355.5   469.5  1550.7  3580.2  9425.0 169400.8    92986
read      236.4   302.1    59.1    96.4   105.7   204.2   248.9   273.0   290.9   311.6   338.1   381.3   927.8  4368.0  7513.7  51173.4     7645
read      234.0   263.4    54.7    96.5   106.4   206.3   251.2   274.1   290.1   308.3   331.2   371.4  1057.2  2813.9 13651.1  39730.1     8443
read      235.6   301.4    54.7   102.3   112.2   181.2   224.6   251.9   272.6   297.8   334.4   432.3  1379.9  3164.0 14197.7 129980.1   128281
read      201.0   258.7    54.7   100.7   112.3   185.2   209.6   222.7   232.2   244.6   261.0   289.7   577.2  2704.3 15106.3  20418.2   114613
read      239.3   292.9    46.9    98.6   108.2   189.0   245.6   278.7   303.2   333.0   372.4   438.6  1119.8  4346.3  7973.3  96730.1     6430
read      234.1   323.2    54.7    97.6   106.8   188.0   244.7   276.9   300.2   328.4   366.4   426.6   835.9  4291.2 14698.0  91498.9    77661
read      258.5   393.0    54.7    96.3   105.4   205.1   261.8   295.4   319.1   345.7   378.5   432.1  1404.8  6023.8 10928.7  70518.2    39261
read      260.7   434.6    54.7    96.7   106.0   204.3   263.2   297.8   322.9   351.3   386.2   441.1  1305.5  7066.6 14667.9  75982.2    67470
read      245.4   342.6    59.1    96.2   105.9   207.3   253.5   278.0   294.8   314.1   339.0   386.7  1255.7  3921.3 15472.0  41779.1   101262
read      220.2   203.8    54.7    99.1   108.5   181.4   234.0   266.3   289.1   316.2   354.8   421.8   644.5  2702.3  7459.9 105514.9   151181
read      200.8   196.7    59.1   102.0   111.3   172.9   213.4   239.7   259.9   282.2   309.0   346.8   470.7  1905.1  8211.3 129339.0   165928
read      216.6   216.8    50.7   102.4   112.2   179.2   224.7   255.1   277.7   304.7   341.8   424.0   709.6  1484.0 13021.9 124228.5    39192
read      216.0   205.4    50.7   115.5   128.5   194.6   228.5   249.3   265.2   284.5   310.0   349.5   462.4  2308.3  7974.0 174834.1   132255
read      212.8   234.9    54.7   100.5   110.0   176.9   223.9   254.3   276.3   302.2   336.2   398.2   625.8  2110.4 14891.1 116960.2    59473
read      218.7   224.7    54.7   118.3   131.2   198.2   231.4   251.7   267.2   286.0   310.9   349.7   456.2  2724.1 12705.6 179977.8    92433
read      201.1   200.1    54.7   103.4   113.1   174.2   212.3   236.5   255.7   277.7   305.4   344.6   467.4  2137.9  8121.5 140790.6   160581
read      232.4   275.8    54.7    96.6   105.5   196.1   248.4   275.5   296.2   320.7   354.0   405.9   831.9  4236.2  7811.3  73613.1   123191
read      262.3   305.4    54.7   112.6   125.7   204.1   242.8   266.0   283.7   306.3   339.8   440.6  1503.9  3353.4  7104.2 159457.1   140262
read      210.1   162.4    50.7   113.0   125.0   188.9   223.2   244.1   260.5   280.1   306.1   345.8   461.7  2095.8  4840.1 170269.9    49160
read      211.4   188.0    54.7   107.9   118.4   182.8   220.4   244.0   262.3   283.9   311.5   354.6   580.4  2439.1  5327.1 151932.1    14025
read      221.0   195.0    54.7   113.3   125.8   194.3   230.7   253.1   270.0   290.3   316.6   360.5   562.1  2755.5  5275.4 165096.4   136616
read      228.9   211.3    54.7   117.0   130.3   201.4   237.9   260.6   276.7   296.7   323.3   368.4   602.8  3079.6  6223.1 168808.1    23706
read      223.1   232.5    50.7    98.9   108.3   184.3   237.6   268.8   290.1   314.5   345.8   402.8   699.3  3231.7  8162.7  93370.6   103184
read      248.4   338.2    54.7   102.3   112.9   193.1   246.1   280.5   307.4   341.1   389.8   479.0  1198.5  3771.2 15087.5 107453.2    76850
read      222.6   193.5    54.7   102.1   112.0   182.4   230.1   261.9   285.9   314.7   354.8   434.6   775.8  2312.4  4489.3 117677.5    63678
read      243.3   324.9    59.1    96.1   105.4   206.6   256.7   284.7   304.6   327.5   356.1   400.9  1039.8  5166.7 10824.7  58180.3    57918
read      257.5   373.7    54.7    96.0   105.3   209.2   264.2   296.8   319.7   345.2   375.7   429.8  1274.8  6040.1  9222.1  64282.3    25004
read      228.4   312.2    59.1    97.4   108.1   203.2   240.9   260.6   273.9   290.3   311.5   348.2   922.3  3378.1 15418.6  32025.9    34902
read      232.2   267.5    54.7    99.5   109.2   189.0   245.6   279.3   303.3   331.6   368.4   430.6   780.0  3195.9 10837.3  94875.8   129869
read      224.5   243.2    54.7   101.5   111.3   183.1   232.5   264.6   288.3   316.3   354.8   427.4   739.8  2905.0 10095.1 112454.9    24141
read      229.6   257.2    59.1   103.5   113.8   185.1   231.8   262.7   286.2   315.1   356.6   447.9   898.8  2646.1 12616.3 122313.1    58138
read      247.5   346.6    54.7    96.9   106.3   206.4   258.6   287.3   308.1   332.4   363.6   414.8  1070.2  5850.7  9443.9  63883.5    49241
read      255.7   384.8    50.7    97.4   107.2   205.5   265.8   301.6   327.2   356.1   391.0   446.8  1129.6  5560.2 15155.5  78591.6   143615
read      263.7   300.9    50.7   120.3   135.5   216.6   255.0   278.3   295.8   318.2   351.0   425.3  1466.5  3294.7  8941.5 168634.5    58832
read      194.9   252.1    59.1   101.2   113.1   181.6   204.2   216.2   225.2   235.0   250.6   276.1   504.0  2252.8 15579.0  17324.1   167315
read      228.3   267.7    59.1    96.8   106.9   206.5   247.2   268.2   282.8   299.3   320.3   359.1   862.2  2952.2 14794.4  38182.7    72152
read      271.2   319.3    54.7   107.0   118.7   196.8   239.7   267.8   290.0   319.4   372.8   822.7  1535.5  2946.4  7232.3 131386.4    27023
read      216.8   188.2    50.7   111.7   123.7   191.9   228.1   250.4   267.5   288.2   315.0   359.0   518.9  2583.2  5043.2 159844.5    22750
read      227.4   367.1    54.7    97.2   107.2   205.0   244.1   265.2   279.9   297.2   319.5   356.8   702.2  2962.5 16071.8  39614.2   135390
read      223.1   395.0    54.7    98.6   110.0   199.0   230.9   247.8   259.7   273.2   292.4   325.4   806.0  3134.9 16031.8  25274.1    62314
read      267.5   249.4    54.7   130.7   147.8   233.0   271.7   294.2   311.7   333.3   364.1   423.9  1364.0  3071.1  5329.1 179568.8    63895
read      195.0   350.6    59.1   102.4   114.3   181.3   203.5   215.5   224.2   233.9   248.6   272.5   436.9  2312.2 16011.8  16787.9    32826
read      210.1   443.3    50.7   101.5   113.9   181.4   205.0   217.4   226.8   236.7   252.6   284.0   788.2  7054.8 16087.5  15883.5    75364
read      249.6   332.2    59.1    96.5   105.9   211.4   263.8   294.4   315.5   338.7   367.3   413.5  1056.8  5426.8 10614.9  57263.4   116875
read      226.2   229.1    63.8   100.4   109.9   186.7   242.2   273.9   296.4   323.0   360.0   423.5   657.5  3099.1  7423.9  94493.6    48249
read      203.8   145.9    59.1   102.0   111.5   176.1   218.1   245.5   266.0   289.4   317.8   362.4   569.0  1383.2  3455.6 121300.5   106047
read      210.9   202.9    59.1   105.4   115.6   180.9   220.1   245.3   264.6   287.2   315.6   361.0   613.1  2227.4  7940.5 137964.8    68280
read      200.6   163.2    54.7   102.7   112.2   175.0   215.6   242.1   262.3   284.9   312.1   351.4   465.9  1492.4  4049.4 127471.3    48804
read      231.0   223.8    63.8    97.7   107.1   200.7   254.1   281.6   301.7   326.8   360.8   413.2   677.2  3334.9  7345.3  71343.3   165435
read      270.4   325.5    59.1   110.4   122.7   204.6   246.4   270.9   289.9   314.2   351.6   529.0  1603.0  3334.3  6114.8 146641.8   153326
read      238.0   351.6    54.7    97.5   107.3   205.3   245.7   267.4   283.2   302.4   329.3   374.5  1128.0  3974.7 15754.7  46953.6   165245
read      303.9   340.0    59.1   129.2   147.8   240.4   280.0   304.0   322.2   347.9   391.5   557.3  1606.1  3625.3  8623.2 173419.2   108174
read      220.3   208.6    54.7    97.3   106.3   187.7   242.8   270.9   290.6   314.7   348.2   405.7   578.5  2717.9  7065.4  84217.1   118026
read      245.3   289.1    54.7   104.4   115.2   187.5   229.5   254.3   273.1   296.1   329.5   416.1  1529.9  3005.4  7116.2 145719.1   141275
read      229.0   235.3    54.7    96.7   105.7   193.0   249.4   279.0   300.7   327.3   363.3   418.8   688.7  3660.8  7532.4  79324.7   101276
read      246.6   338.5    54.7    97.1   106.4   201.6   265.1   302.7   329.1   358.1   392.3   442.6   829.0  4440.4 15396.5  79698.8    30827
read      187.2   312.2    59.1   102.1   114.2   171.8   192.7   203.6   212.2   221.8   234.1   255.7   450.6  2203.3 15738.2  12945.2    72667
read      248.3   379.4    54.7    97.1   106.3   203.2   265.1   301.4   327.1   355.4   389.1   437.5   792.8  5760.4 15598.2  77313.2   103382
read      233.0   293.1    54.7   100.3   110.2   185.0   238.0   272.1   297.5   330.4   378.4   461.4   816.6  3291.7 14390.5 109924.7    80142
read      230.2   411.9    54.7    96.8   106.7   202.0   241.4   263.4   278.8   296.8   319.7   359.4   848.9  3461.7 16902.4  39714.0    96883
read      208.4   203.5    54.7    98.1   108.9   193.6   225.5   241.7   253.1   267.1   284.9   315.0   660.2  2152.7  7003.2  24909.7    50888
read      232.0   254.2    54.7   101.4   111.2   185.9   240.0   275.2   302.5   336.4   384.1   464.1   738.7  2736.3 12061.6 108785.2    13399
read      222.2   218.8    54.7   100.8   110.5   182.5   233.6   266.4   290.4   319.2   362.0   437.2   661.5  2102.8  8433.8 112375.5   116634
read      218.2   164.8    54.7    98.5   107.7   184.2   241.9   276.0   300.4   329.3   366.9   424.0   547.5  1491.0  6083.5  95716.3    25730
read      228.4   281.3    54.7   112.1   124.5   194.3   230.5   252.5   269.3   290.0   317.6   366.2   926.5  3419.7 11915.4 165357.3   171074
read      219.9   170.1    54.7    97.2   106.3   191.7   250.1   281.9   304.6   331.3   365.5   414.6   520.1  1393.4  4791.4  82442.8    71311
read      230.4   175.7    59.1    96.9   105.9   203.8   265.3   300.3   324.7   351.2   382.5   425.9   527.7  1749.6  4111.1  73844.1    70249
read      203.1   211.0    59.1   100.1   111.6   194.2   223.8   238.7   250.1   263.4   279.7   307.7   388.2  1559.4 15120.4  20988.5    73310
read      221.8   197.7    54.7    97.2   107.3   206.8   249.7   272.2   287.8   305.2   326.1   360.6   550.5  1970.4  7167.0  37984.5    75894
read      222.5   209.1    54.7    98.7   108.0   185.6   241.0   272.8   295.1   321.1   357.4   415.8   610.2  2795.2  6430.7  92829.3    98935
read      220.7   195.4    54.7    98.9   108.5   183.7   238.3   271.5   294.9   322.9   361.9   425.3   607.3  2323.1  5284.2  99573.2    54966
read      201.7   350.1    54.7   101.3   113.3   184.3   208.2   221.0   230.3   241.5   256.2   284.0   471.0  2995.5 16022.9  20155.5   110739
read      287.5   341.9    46.9   113.9   128.4   217.5   259.1   283.3   302.1   327.3   369.1   606.2  1671.3  3623.7  7191.8 155102.2   162501
read      179.2   176.8    54.7   101.8   113.8   168.9   187.9   198.7   206.6   215.9   229.2   251.9   417.5  1686.4  8698.8  12140.5     6170
read      247.4   298.4    59.1    96.2   105.4   208.2   265.0   297.6   319.9   344.8   374.9   424.7  1012.7  4883.6  7909.2  63648.5    78301
read      224.9   228.0    54.7   102.6   112.6   181.8   225.4   252.4   272.1   294.7   323.4   376.5  1328.0  2617.2  4395.9 129191.9   119218
read      194.5   189.6    59.1   101.2   112.0   194.8   219.3   231.1   239.5   249.8   263.2   283.8   332.4   543.8 14538.7  32886.6    45498
read      188.5   134.5    54.7   102.6   114.3   189.7   210.6   221.1   228.9   237.1   249.8   269.2   315.8   486.1  6033.4  26362.5    61423
read      204.0   221.5    59.1   106.0   116.4   181.5   220.4   245.3   264.1   285.7   311.9   348.6   428.8   895.4 14582.2 148254.6   145158
read      200.7   201.7    54.7    98.1   107.9   196.6   234.0   250.2   261.1   272.6   288.4   311.6   365.0   727.9 14189.8  55411.0    91593
read      198.8   157.6    50.7    96.9   106.1   185.9   234.8   256.1   269.3   283.9   301.0   327.0   385.0   518.2  5691.7  74561.6    37086
read      226.9   186.9    50.7   115.1   128.7   205.7   248.2   273.9   293.5   316.5   346.2   394.8   500.4   698.9  8115.5 168431.8    93344
read      202.2   153.3    54.7   106.0   116.6   182.6   222.4   247.4   266.1   287.6   313.3   348.9   422.7   568.7  3367.6 144190.5    63439
read      248.3   140.8    59.1   119.8   134.9   225.1   276.1   307.0   329.5   356.9   392.5   448.5   564.3   729.1  3067.6 172304.2    71080
read      197.3   101.7    54.7    97.3   106.3   181.0   231.8   256.4   271.1   287.2   306.0   333.5   392.1   524.9  2345.2  86387.4    35940
read      276.9   158.0    59.1   123.7   140.1   245.4   310.5   350.3   380.2   415.4   459.8   525.3   647.2   828.7  3922.4 177364.4    85928
read      249.0   136.3    54.7   120.3   135.4   224.7   275.3   306.4   329.5   358.0   395.5   455.0   575.5   744.3  2669.8 171350.7    27862
read      195.5    98.8    54.7   101.4   110.8   175.1   217.9   245.3   264.7   285.5   309.3   341.7   404.4   525.6  2268.9 124574.3   127899
read      176.2    73.9    50.7   106.8   119.7   174.0   191.0   200.2   207.6   215.8   227.6   246.7   302.8   505.4  2562.6  15033.9   174219
read      194.4    76.3    54.7   100.0   110.3   196.8   226.0   239.1   248.4   258.8   271.7   292.3   340.2   489.0  2028.8  40907.9    80809
read      206.7   111.5    54.7   109.7   120.7   188.0   227.3   251.6   269.7   290.9   316.9   355.5   433.2   600.6  3099.1 155897.6   108736
read      197.1    83.1    54.7    97.2   106.2   181.5   232.6   257.0   271.4   287.4   306.3   334.0   391.7   515.5  1626.4  82596.4   112913
read      180.2   101.7    54.7   110.2   123.5   170.4   186.4   196.2   202.5   212.6   226.3   259.3   487.1   725.7  3117.4  11438.0   133350
read      195.6   101.3    54.7   101.7   111.2   175.6   217.8   245.0   264.4   285.1   308.9   341.4   404.3   532.6  2139.8 126564.8    84257
read      201.3   106.3    54.7   107.0   117.7   182.9   221.4   245.8   264.2   285.3   310.9   345.8   419.4   565.1  2707.3 149494.3   129783
read      195.4   101.6    54.7   101.8   111.3   175.1   217.1   244.4   264.0   285.0   309.1   341.6   403.5   521.6  1896.1 126128.8   152995
read      194.9    93.6    54.7   102.4   112.1   174.9   215.4   241.5   261.2   282.4   307.1   340.7   404.9   538.0  2024.9 133822.5    14162
read      195.5    96.1    59.1    98.1   107.1   176.4   225.1   252.7   269.8   287.6   308.0   337.0   396.0   508.6  2665.1  98609.5   171183
read      209.4   106.7    50.7   110.5   122.1   191.6   231.1   255.5   273.5   294.6   320.1   359.2   435.6   586.6  2327.0 158098.5   150625
read      195.8    95.8    59.1   100.8   110.2   175.5   219.6   247.4   266.7   287.1   310.3   341.7   402.4   510.6  2505.6 119698.4    93237
read      261.6   149.7    54.7   120.7   136.4   234.0   293.0   327.8   353.7   385.1   425.2   486.8   604.3   767.6  3252.7 172934.2    19503
read      211.6   109.8    54.7   111.1   122.7   193.1   233.4   258.8   276.9   298.1   324.4   364.0   445.2   612.1  2578.1 154443.3   156782
read      203.2   106.6    54.7   106.5   117.1   183.4   223.7   249.2   268.2   289.8   315.7   352.3   429.3   670.8  2909.5 141380.1   139707
read      200.1    94.0    54.7    99.3   108.7   180.8   231.9   259.0   275.5   293.3   314.2   344.0   414.0   583.1  2318.9  93078.1   168303
read      201.7    84.1    50.7   101.6   112.4   204.4   232.8   246.8   256.1   267.7   281.9   304.8   371.3   607.2  2111.0  39444.4    53197
read      173.0   182.3    50.7   102.7   117.1   166.8   182.6   191.9   198.7   207.6   219.3   243.2   324.3   645.3 10003.8   5656.2   139827
read      197.5   105.0    50.7   103.8   115.7   198.3   221.9   233.0   241.7   251.6   265.3   286.7   359.1   684.4  3780.6  28895.1    85183
read      200.2   102.3    59.1   103.1   112.9   179.4   223.3   250.8   270.2   291.4   315.6   349.1   423.4   596.3  2172.2 122197.5   116720
read      195.7   104.1    54.7   100.6   110.0   174.9   219.6   247.3   266.5   286.8   309.8   341.1   403.6   553.0  2088.4 115833.1    69303
read      214.7   111.8    54.7   112.6   125.0   196.4   236.1   261.6   279.8   301.4   328.4   368.8   458.5   626.1  2573.9 161290.2    95057
read      190.3    74.7    50.7   103.8   115.7   192.1   213.3   224.1   231.5   240.4   252.3   271.2   315.3   504.6  2886.7  24523.4   158530
read      197.9   103.1    59.1   100.7   110.0   177.5   224.8   252.7   271.1   290.4   312.5   343.1   407.5   553.6  1837.5 107202.6   126556
read      202.4   121.8    63.8    99.1   108.6   187.8   238.9   261.8   275.8   291.2   309.8   337.2   399.0   566.1  2974.9  76693.6   178785
read      179.0   103.2    59.1   107.2   120.2   177.7   195.0   204.1   211.3   218.5   229.7   246.9   289.8   459.5  4042.2  15097.6   171179
read      197.1    99.8    54.7    99.7   109.1   176.2   223.4   251.2   269.8   289.5   312.1   343.6   411.5   617.3  2580.1 107982.6    86929
read      170.1    74.7    54.7   104.1   118.1   168.8   184.0   192.8   199.0   207.0   216.9   233.9   283.3   514.8  1621.6   9927.5    64389
read      199.8   106.2    59.1   105.6   115.9   180.5   220.0   245.2   264.2   285.6   311.0   345.4   416.4   569.7  2776.9 141370.0   120042
read      200.4   200.7    54.7   103.1   112.9   178.9   221.5   248.5   268.0   289.2   313.7   347.0   417.8   565.3  5730.7 127934.7    65012
read      200.1   133.2    50.7   104.4   114.6   180.0   220.5   246.4   265.7   287.2   312.4   346.5   422.2   604.1  2915.2 136588.0    80139
read      232.0   118.7    54.7   117.2   131.1   212.2   257.1   284.0   303.7   326.9   357.9   404.6   514.1   685.9  3246.1 166757.3    46332
read      239.5   175.7    59.1   118.1   132.1   216.7   264.3   292.6   313.5   338.6   371.7   426.8   551.5   858.3  2975.4 168187.6    86470
read      197.0   101.2    54.7    99.6   109.0   177.0   224.1   251.6   269.8   289.2   311.4   342.2   403.9   556.4  2316.5 106749.0    34184

Total QPS = 98602.1 (128182784 / 1300.0s)

Total connections = 64
Misses = 0 (0.0%)
Skipped TXs = 0 (0.0%)

RX 31661146907 bytes :   23.2 MB/s
TX          0 bytes :    0.0 MB/s
Warning! Detected max cpu usage > 95%
CPU Usage Stats (avg/min/max): 99.96%,49.75%,100.00%
