Random waveform, supplied seed
Total number of intervals = 240 (8195, 158594, 149766, 10382, 170548, 150565, 137144, 143496, 144743, 116745, 129314, 144723, 117379, 119931, 132052, 143350, 143518, 172981, 94027, 170019, 179090, 47130, 19439, 128963, 23787, 61848, 101968, 108767, 97139, 158594, 141240, 41405, 57997, 133577, 53832, 139832, 170515, 128494, 20789, 63647, 64802, 55719, 174179, 106356, 178750, 105831, 110667, 8803, 45662, 30867, 45656, 100938, 132360, 67591, 33910, 85729, 12884, 45621, 36938, 56902, 102243, 14085, 94103, 58175, 151312, 83333, 165153, 123975, 28449, 14903, 31189, 40636, 80574, 168820, 162621, 101621, 58592, 153042, 112238, 160265, 57109, 88551, 8385, 34088, 113600, 131842, 112066, 72585, 133669, 11820, 12639, 118548, 165754, 86823, 16898, 123124, 72278, 47757, 60510, 25237, 97783, 118966, 16631, 11743, 115026, 122371, 7198, 25022, 157513, 171975, 154918, 139185, 152724, 20845, 140348, 88725, 134088, 66126, 78214, 55191, 54081, 112478, 179666, 100584, 127920, 6594, 25020, 129587, 10277, 148458, 66114, 49261, 133049, 106628, 23498, 103564, 161774, 39037, 163622, 132405, 131596, 174543, 90567, 116582, 13888, 119224, 156471, 164013, 41909, 128280, 107066, 46119, 10227, 10870, 146664, 19865, 113409, 70623, 52633, 104630, 42594, 95196, 52243, 37031, 39878, 110750, 8231, 63638, 90167, 50555, 15997, 43089, 12188, 76615, 143480, 63793, 71996, 41778, 21860, 45582, 81972, 42852, 51852, 109368, 55794, 35534, 90576, 95085, 100029, 72551, 84629, 74136, 130756, 69916, 72019, 78070, 99548, 36393, 172591, 8325, 73684, 48420, 6828, 118747, 7123, 175577, 147498, 35814, 59488, 167483, 88988, 9869, 111786, 92736, 178657, 108877, 19091, 65772, 79060, 99953, 24354, 144236, 168093, 22028, 77499, 128271, 126673, 43605, 103217, 93706, 23247, 77378, 10495, 134841, 120602, 36975, 151323, 105217, 110653, 127593)
Average QPS expected = 87982
Timestamp start: 1747078381374
Timestamp end: 1747079581716

#type       avg     std     min      p5     p10     p50     p67     p75     p80     p85     p90     p95     p99    p999   p9999      QPS   target
read      198.3    61.2    86.8   137.5   152.6   196.8   210.9   217.9   224.1   230.6   238.5   253.4   292.4   544.6  2970.2   8203.6     8195
read      207.9   172.2    68.9   109.6   120.2   184.0   219.4   241.8   259.2   279.8   306.7   346.4   499.4  1904.6  3605.3 158416.6   158594
read      205.1   178.0    68.9   106.0   116.3   179.6   216.0   238.9   257.2   278.7   306.1   345.6   471.0  2302.1  7160.2 149886.2   149766
read      215.0   182.4    80.4   130.4   147.3   199.5   216.9   227.1   233.8   243.7   255.6   280.9   625.0  2962.6  7369.5  10390.2    10382
read      354.1   388.1    74.4   147.8   171.3   265.2   300.5   322.0   341.3   368.8   428.8  1309.7  1658.2  3657.1  8081.3 169841.2   170548
read      218.1   176.7    68.9   110.0   121.3   189.1   227.5   251.2   269.2   290.7   318.4   364.9   744.9  2191.7  5003.5 150591.2   150565
read      219.8   216.0    68.9   107.2   117.9   185.4   225.7   251.0   270.3   293.3   322.2   370.0   795.3  3185.9  7628.7 136944.6   137144
read      211.5   185.7    68.9   107.7   118.3   183.6   222.1   246.5   265.4   287.7   315.1   357.0   525.7  2217.0  8180.2 143708.8   143496
read      219.9   238.0    68.9   109.1   119.9   187.8   227.4   251.8   270.3   292.4   319.9   364.9   641.5  3264.4  8908.1 144893.6   144743
read      238.4   248.3    68.9   105.0   115.4   190.0   239.0   270.0   292.7   320.1   361.0   454.4  1128.2  3366.0  7397.8 116929.4   116745
read      279.3   336.5    68.9   108.7   120.3   202.5   247.3   273.1   293.8   320.2   366.2   907.1  1577.3  3347.5  7543.0 129324.4   129314
read      218.2   219.0    68.9   109.1   120.0   188.3   228.3   253.1   271.7   293.5   320.5   364.5   529.5  3239.9  7693.9 144833.4   144723
read      234.1   249.5    68.9   104.7   115.1   189.2   237.9   269.6   293.5   322.4   365.1   453.4   862.7  3204.2  9063.0 117387.2   117379
read      235.9   289.3    68.9   104.5   114.9   187.7   235.0   265.3   287.6   314.1   349.8   427.8  1160.7  3679.0 11438.5 119733.2   119931
read      321.6   405.8    68.9   111.2   124.7   212.8   253.1   279.8   303.2   340.0   481.4  1326.0  1712.3  3458.4  7971.0 131791.8   132052
read      210.9   190.6    68.9   106.0   116.5   182.3   221.5   246.4   265.4   287.5   314.9   356.6   562.5  2220.3  4758.5 143257.6   143350
read      219.7   221.1    68.9   105.9   116.3   183.7   224.0   249.0   267.6   289.7   317.8   364.6  1111.9  2948.2  7611.8 143473.4   143518
read      243.6   233.8    68.9   122.3   137.5   215.4   252.7   274.5   291.7   312.5   341.5   396.9   732.8  3074.1  7586.3 173031.2   172981
read      231.9   217.8    68.9   102.6   112.2   193.7   251.7   284.4   307.6   335.2   371.5   433.1   670.1  2645.2  6444.4  93821.2    94027
read      230.8   227.4    68.9   115.8   129.2   200.9   237.9   260.3   276.0   295.7   321.0   367.1   901.7  3062.5  7419.6 170180.6   170019
read      227.7   183.8    68.9   119.7   133.5   204.5   238.7   259.2   273.8   292.3   316.1   356.7   678.0  1852.4  5495.2 179130.2   179090
read      222.5   143.1    68.9   106.5   116.7   217.1   255.2   273.2   286.0   299.8   317.9   346.8   447.6  2118.0  3457.2  47114.0    47130
read      224.8   122.5    74.4   115.5   130.0   216.0   242.8   257.4   268.0   280.0   295.7   325.6   597.5  1800.5  2746.5  19438.0    19439
read      254.3   300.5    68.9   106.5   117.4   193.1   238.0   266.3   287.7   314.7   356.5   538.9  1455.8  3426.3  8089.0 128822.8   128963
read      224.3   131.8    74.4   121.0   134.9   220.8   244.1   256.5   266.2   276.2   291.5   315.9   416.1  1803.2  5997.4  23813.2    23787
read      274.7   456.3    68.9   102.0   111.8   220.9   275.2   308.1   330.9   356.6   387.5   433.5  1460.1  7176.4 11692.4  61736.4    61848
read      245.8   301.2    68.9   102.4   112.2   191.9   248.5   284.3   311.4   344.0   389.9   467.7  1189.7  4150.4  9261.5 101812.2   101968
read      241.2   267.2    68.9   103.2   113.2   189.5   243.1   278.1   305.3   338.9   386.4   472.8  1041.6  3623.8  8146.7 109231.4   108767
read      237.3   229.8    68.9   102.6   112.6   194.0   250.1   283.6   308.0   336.7   375.3   448.1   875.9  2980.9  7557.0  97242.8    97139
read      235.3   243.9    68.9   110.6   122.5   195.5   235.4   259.8   276.8   297.8   326.4   377.8  1361.5  2931.5  6419.4 158458.8   158594
read      208.8   197.9    63.8   104.6   114.7   179.4   218.1   242.9   262.1   284.7   312.9   355.7   550.6  2252.0  7990.6 141363.6   141240
read      248.7   285.9    68.9   108.0   119.2   222.5   261.6   282.0   296.3   314.2   338.2   379.8  1091.8  3810.9  7912.4  41575.6    41405
read      262.8   401.2    68.9   101.7   111.5   220.6   273.6   305.0   326.2   349.7   377.8   421.9   880.0  7006.5 10504.0  57921.0    57997
read      267.7   316.6    68.9   106.9   118.3   197.4   241.1   267.6   288.1   314.7   357.4   706.6  1553.8  3020.9  7911.1 133550.2   133577
read      252.2   379.1    74.4   103.5   113.6   217.4   263.3   287.4   304.8   325.0   352.3   397.0   966.9  6252.0 15199.2  53768.8    53832
read      303.3   395.0    68.9   110.3   123.2   211.5   250.9   274.5   294.5   321.9   376.8  1259.3  1672.2  4100.7  7644.5 139732.2   139832
read      224.4   212.2    68.9   114.1   127.2   196.4   232.8   255.3   272.1   292.1   317.6   360.0   671.1  2925.0  7369.3 170579.0   170515
read      209.4   162.0    68.9   103.0   112.7   178.6   220.5   247.6   268.0   291.9   320.3   365.3   677.8  2034.6  4379.9 128358.4   128494
read      214.7   114.6    74.4   118.0   131.8   212.2   234.0   246.4   254.5   265.9   279.3   303.2   371.6  1523.6  4118.6  20846.8    20789
read      282.6   442.1    68.9   102.8   113.0   222.7   279.9   314.1   338.8   366.8   400.9   461.0  1717.1  7443.5  8969.1  63793.4    63647
read      267.0   347.0    68.9   102.5   112.4   222.1   279.3   313.3   337.2   364.6   397.7   450.8  1242.0  5682.6  9384.8  64804.6    64802
read      287.7   528.8    74.4   103.8   114.0   225.6   279.6   311.6   334.2   359.4   389.9   436.7  1640.3  8356.1 12022.0  55737.0    55719
read      362.2   397.7    68.9   159.6   184.2   276.5   313.8   337.0   355.9   382.3   433.1  1296.6  1644.8  3965.1  9647.3 173830.0   174179
read      253.4   315.8    68.9   107.2   117.9   197.9   252.4   286.5   312.2   344.1   392.2   493.5  1261.1  3693.9 10780.9 106396.2   106356
read      327.9   338.9    74.4   155.3   177.7   285.5   329.5   355.0   373.6   397.8   431.0   496.5  1514.4  5098.4  8997.6 178505.4   178750
read      264.6   323.4    68.9   109.5   120.7   204.5   258.5   291.3   315.5   345.4   392.3   526.2  1384.4  3765.1  9573.0 106021.0   105831
read      246.9   250.6    68.9   105.2   115.7   193.3   244.8   277.0   301.7   333.1   381.0   517.4  1274.2  2787.5  7240.3 110725.2   110667
read      230.8   197.8    86.8   138.3   155.5   210.1   229.2   240.0   249.1   260.1   274.7   308.7   932.2  2480.4  7796.1   8828.8     8803
read      322.5   568.1    74.4   112.3   124.9   250.7   308.4   340.8   363.8   390.7   426.0   491.1  2507.1  8038.6 10412.2  45670.2    45662
read      280.8   369.4    74.4   114.2   127.3   240.0   284.1   307.5   323.3   342.9   370.1   422.8  1601.1  5463.3  8720.3  30645.2    30867
read      317.8   574.6    74.4   110.9   123.4   244.9   301.9   333.5   355.9   382.2   416.9   484.6  2279.7  8720.2 13012.2  45522.4    45656
read      300.6   382.8    68.9   117.8   131.5   227.4   287.5   324.4   353.6   392.0   454.8   646.4  1563.9  4659.1 11686.8 100721.6   100938
read      302.8   305.3    74.4   128.6   145.7   251.1   306.7   340.3   366.8   400.7   451.9   549.7  1521.1  3810.9  8423.4 132572.4   132360
read      279.7   250.3    74.4   118.4   131.3   240.2   302.9   335.5   359.1   388.0   427.7   504.4  1003.2  3489.4  7735.1  67510.4    67591
read      343.1   545.5    74.4   124.1   139.9   272.4   329.2   360.5   383.1   410.3   448.9   530.6  2453.1  8031.0 13125.3  33889.0    33910
read      313.9   355.3    68.9   118.0   132.1   238.3   306.9   350.9   387.4   433.5   503.8   674.3  1618.5  4259.0 10810.2  85882.8    85729
read      247.9    89.1    86.8   146.4   168.3   242.9   266.7   279.5   289.8   301.9   318.8   350.1   450.0  1072.5  2433.5  12960.6    12884
read      343.4   487.0    74.4   122.3   137.7   274.8   343.4   383.2   412.3   446.1   490.9   581.0  1885.7  7575.9 11493.6  45628.6    45621
read      333.6   521.7    80.4   121.3   136.6   270.4   329.2   361.2   384.4   412.0   449.2   516.8  1958.9  7788.1  9461.5  37005.2    36938
read      339.4   532.5    74.4   118.5   132.9   266.0   338.2   381.8   413.5   449.7   496.7   588.1  1688.9  8892.8 13697.6  56985.2    56902
read      318.0   351.2    74.4   127.8   143.6   250.2   309.5   344.7   372.1   407.1   460.1   599.3  1685.2  4200.1  9482.2 102193.2   102243
read      249.4   134.9    86.8   143.1   164.4   243.7   267.6   280.5   290.3   301.8   318.1   345.9   453.7  1637.8  5517.1  14108.8    14085
read      314.9   385.8    74.4   117.7   131.8   233.9   300.0   343.5   379.2   426.2   498.0   692.4  1612.1  5068.6 12213.3  93904.6    94103
read      272.6   311.4    74.4   116.0   128.7   241.8   296.4   323.9   343.9   368.4   400.7   460.0   745.7  5365.8 11206.8  58157.8    58175
read      437.4   369.2    80.4   194.5   223.7   368.6   444.3   491.3   527.5   573.0   638.1   790.0  1701.4  4326.9  9585.9 151378.8   151312
read      282.5   330.9    68.9   116.0   129.2   226.1   284.0   316.9   341.7   372.4   418.8   535.6  1443.9  3908.2 13476.5  83317.6    83333
read      416.2   325.5    80.4   190.0   218.7   354.0   419.2   459.8   492.6   536.0   600.3   754.0  1610.4  3560.8  8404.0 164948.8   165153
read      223.5   163.7    68.9   110.9   122.8   201.1   245.0   270.3   288.4   309.7   336.5   376.8   502.0  1761.7  6673.1 123899.4   123975
read      252.3   206.0    80.4   121.7   136.6   241.1   273.8   291.6   304.6   319.1   340.0   373.3   510.2  3351.8  7597.6  28372.2    28449
read      237.7   146.6    80.4   129.3   147.8   225.7   252.0   266.9   277.1   290.7   308.7   340.0   567.7  2187.8  4953.9  14922.2    14903
read      284.0   366.7    74.4   116.2   130.6   244.5   290.3   314.5   332.2   353.1   381.8   433.7  1308.8  5993.6  9702.4  31200.2    31189
read      316.9   470.4    74.4   116.8   131.6   257.3   315.1   346.5   369.4   397.0   433.5   508.4  1656.6  7545.3 10144.9  40555.0    40636
read      323.6   470.9    74.4   118.1   132.0   241.3   308.0   347.4   379.0   422.1   493.5   683.7  1679.4  7482.5 14233.6  80662.8    80574
read      422.2   265.1    86.8   213.0   240.6   391.0   466.4   508.5   539.9   577.2   625.1   700.7   873.6  3117.1 10439.1 168839.4   168820
read      384.7   234.0    74.4   192.8   221.1   357.5   418.6   455.8   484.2   519.7   567.3   640.5   815.7  2947.5  9206.7 162547.2   162621
read      254.0   202.6    74.4   116.8   130.8   223.0   276.3   307.6   330.1   357.7   395.6   466.5   689.9  1840.5  8322.9 101533.8   101621
read      246.4   202.1    74.4   112.2   123.9   228.9   282.0   307.5   324.8   344.9   370.9   411.4   540.6  2467.9  8122.6  58770.2    58592
read      434.2   371.6    80.4   187.3   216.8   356.0   425.8   469.0   505.0   552.2   628.7   919.5  1716.0  3999.9  9677.1 152781.2   153042
read      261.9   204.4    74.4   118.4   132.9   228.1   282.3   313.8   337.1   365.6   403.7   476.6   736.7  3011.5  6786.5 112452.6   112238
read      344.8   234.0    74.4   147.6   170.7   304.6   374.2   418.8   453.7   497.2   555.9   650.0   880.7  2659.6  8155.0 160246.6   160265
read      255.9   186.9    74.4   114.9   127.4   235.9   288.7   315.1   334.3   357.2   388.3   442.4   690.1  1844.7  6420.7  57041.8    57109
read      309.6   348.1    74.4   116.0   130.2   235.0   297.0   334.1   363.9   402.9   473.0   705.3  1662.3  4196.9  8110.6  88723.2    88551
read      227.8   150.0    86.8   142.9   159.4   214.9   235.1   247.9   256.6   268.5   284.7   314.3   547.5  1849.8  7315.8   8369.8     8385
read      272.0   355.5    74.4   111.4   124.8   238.1   284.5   309.0   325.6   344.5   369.4   409.1   855.0  6055.6  8085.0  34043.0    34088
read      299.7   356.4    74.4   115.8   130.7   226.7   276.7   307.2   330.8   361.9   411.5   623.7  1673.9  4276.9  7859.1 113524.4   113600
read      300.5   244.4    74.4   134.6   153.5   265.5   322.0   357.0   383.6   417.3   465.0   548.4   791.0  2860.5  8085.4 131621.8   131842
read      255.9   182.8    68.9   122.5   137.5   227.2   277.0   306.9   328.5   354.4   389.0   445.5   675.8  2078.5  4626.2 112072.8   112066
read      244.6   175.5    74.4   111.1   122.3   218.8   278.1   308.3   329.1   353.2   384.7   435.3   592.8  1810.7  6776.7  72462.8    72585
read      340.9   383.8    74.4   133.0   151.4   261.1   314.1   346.6   373.6   410.2   470.1   777.7  1737.1  4066.1  7987.4 133876.4   133669
read      236.2   120.0    86.8   145.7   166.3   230.5   250.2   261.4   269.3   278.5   292.2   314.1   390.9  2038.9  3808.5  11744.6    11820
read      232.5   156.1    80.4   132.6   151.1   220.1   243.8   257.0   267.2   278.7   295.3   320.9   530.5  2458.0  4689.7  12675.2    12639
read      428.0   534.6    74.4   134.7   155.0   280.3   341.3   384.6   424.6   496.7   964.9  1507.3  2413.3  7063.4 11096.0 118302.8   118548
read      373.6   248.7    74.4   182.8   209.3   343.5   411.1   450.4   478.4   511.9   556.1   625.4   785.1  3039.2  9530.5 165759.6   165754
read      255.0   179.1    68.9   118.5   131.7   225.5   281.5   312.7   335.1   361.7   396.0   453.0   667.6  2115.1  6240.8  86733.6    86823
read      260.2   124.1    80.4   141.2   162.3   253.3   281.3   296.4   308.5   321.0   340.6   371.6   516.7  1827.3  3165.3  16935.6    16898
read      379.4   382.5    74.4   144.4   167.0   303.3   372.3   418.0   455.4   504.6   581.6   762.4  1734.6  4753.8 10200.1 123012.4   123124
read      277.1   236.7    74.4   118.8   132.1   238.7   301.9   336.4   361.8   392.8   434.7   516.0   872.7  2749.9  7714.3  72412.0    72278
read      328.4   498.2    74.4   117.7   132.4   265.6   332.2   369.7   396.2   427.2   467.5   543.2  1518.9  8302.4 11567.9  47690.8    47757
read      333.4   467.4    74.4   116.5   131.1   261.3   337.1   383.7   416.6   455.6   506.0   615.0  1688.8  7718.6 13549.8  60456.8    60510
read      311.6   455.7    80.4   124.8   142.8   261.0   306.2   331.4   349.0   371.1   400.4   457.4  1813.4  7372.4  9325.7  25159.2    25237
read      452.3   601.6    74.4   130.8   150.2   282.8   353.0   401.1   449.1   541.9  1180.8  1596.2  2682.9  7505.2 12366.4  97901.8    97783
read      279.1   245.6    74.4   126.6   142.8   243.6   297.6   329.9   354.2   384.8   426.7   501.9   781.7  2845.9  8179.3 118825.4   118966
read      259.0   121.6    80.4   144.9   165.6   255.9   281.3   294.7   305.4   317.2   334.5   362.8   450.5  1925.1  3750.1  16570.2    16631
read      247.3   192.0    86.8   139.4   159.5   228.3   253.3   268.0   278.3   291.6   310.3   342.7   844.1  2813.0  7415.2  11735.2    11743
read      470.5   555.9    74.4   145.0   169.3   311.1   386.7   441.9   494.7   584.5  1056.4  1582.5  2670.4  5782.4 11634.5 114774.8   115026
read      268.0   208.6    68.9   125.7   141.6   236.7   288.1   317.8   340.6   368.3   404.3   469.1   683.3  3078.5  6174.0 122400.6   122371
read      237.8   138.9    93.8   155.0   171.6   225.9   245.7   256.6   266.0   275.5   291.7   317.5   523.6  2052.6  7079.8   7270.6     7198
read      284.0   346.9    80.4   123.1   139.4   249.3   291.2   313.4   329.3   347.4   372.4   416.4  1189.9  5447.5  8019.3  25081.2    25022
read      457.9   408.8    80.4   211.1   240.3   396.1   476.7   524.2   559.1   601.7   660.2   772.8  1677.7  5613.7 12859.4 157666.0   157513
read      432.9   284.1    80.4   212.8   241.0   397.3   474.8   520.0   552.7   592.8   644.5   730.5   934.8  3430.4  9752.7 171664.4   171975
read      432.5   293.8    80.4   208.4   237.0   395.0   471.9   517.4   550.5   592.8   649.8   744.4   979.0  3757.5 11466.0 155168.0   154918
read      438.3   300.9    86.8   210.3   239.1   399.1   479.2   526.2   561.8   606.7   668.4   768.1  1004.4  3273.9 10242.2 139137.0   139185
read      396.4   301.3    74.4   169.6   200.2   350.8   434.5   483.8   520.0   564.8   626.1   729.1   979.1  3585.1 12234.2 152638.2   152724
read      249.3   183.6    80.4   130.2   145.3   237.7   271.5   290.0   303.5   319.5   343.4   391.9   576.9  1377.7  9207.4  20813.6    20845
read      322.9   245.4    74.4   145.4   166.7   287.0   346.1   383.5   411.9   448.3   497.4   581.1   799.5  3357.0  7583.6 140228.6   140348
read      244.2   141.8    74.4   116.1   129.0   218.5   272.9   303.4   324.9   350.0   382.8   433.0   606.5  1543.6  2511.0  88652.6    88725
read      298.2   225.9    74.4   136.7   155.2   264.5   318.7   352.1   377.6   409.7   455.7   537.4   803.4  2806.3  8836.9 134304.2   134088
read      264.3   281.3    68.9   114.8   127.7   234.8   291.0   320.1   341.6   367.6   400.9   460.2   711.4  3182.2 12118.3  66011.4    66126
read      275.2   297.9    68.9   114.6   127.4   227.9   288.9   323.0   348.6   381.1   426.4   516.4  1091.9  3807.5 10336.8  78281.0    78214
read      318.0   463.1    74.4   116.2   131.0   260.3   326.7   366.1   394.9   427.8   470.2   547.6  1463.9  7714.4 14467.2  55214.0    55191
read      341.8   514.0    74.4   120.8   137.0   270.6   341.4   383.7   414.2   450.5   497.7   593.2  1716.9  9029.4 12914.9  54044.2    54081
read      340.7   336.6    74.4   136.4   155.1   271.6   330.9   366.7   395.1   432.9   495.1   663.7  1769.0  3685.5  7823.2 112593.8   112478
read      424.1   263.4    86.8   209.0   237.9   390.8   465.4   508.7   541.0   580.1   630.3   711.6   905.1  3673.9  9633.0 179714.2   179666
read      287.3   212.4    74.4   122.9   140.1   254.8   312.5   345.5   371.3   403.3   451.2   536.5   774.5  2873.5  6316.6 100456.4   100584
read      258.4   167.5    74.4   122.9   138.6   230.5   280.4   310.0   332.1   359.2   395.3   458.8   677.5  1939.3  4271.9 127869.6   127920
read      214.6   111.6    93.8   147.5   162.1   207.4   224.2   233.1   240.4   249.6   262.2   284.6   364.0  1330.7  4303.9   6573.8     6594
read      321.4   488.7    80.4   121.3   136.9   256.0   301.4   326.1   344.2   367.5   399.9   475.7  2536.1  6873.2  9200.7  24996.2    25020
read      470.7   528.4    74.4   171.5   199.4   339.2   418.5   471.6   516.5   579.2   702.3  1486.9  2552.8  7191.8  9909.9 129493.0   129587
read      245.8   287.8    80.4   141.4   161.2   222.0   242.5   254.1   264.2   274.8   292.1   321.2   692.4  5225.1  8057.5  10332.0    10277
read      505.0   536.7    80.4   189.2   218.4   368.4   453.6   508.0   554.4   622.5   774.5  1522.3  2733.2  7073.2  9425.0 148470.2   148458
read      252.9   162.1    74.4   115.3   128.3   232.2   287.2   315.8   336.5   361.0   393.5   450.1   619.5  1293.1  4393.8  66171.8    66114
read      300.6   420.9    74.4   113.7   126.5   254.2   314.5   349.4   374.4   404.6   444.1   506.0  1241.0  7517.6 12016.9  49340.4    49261
read      445.6   465.7    68.9   162.9   189.9   330.3   405.5   456.1   497.5   554.6   658.8  1426.4  2217.8  4528.9  9647.2 133099.0   133049
read      252.5   182.2    74.4   116.5   130.1   218.4   270.1   300.8   323.1   350.6   387.9   453.8   851.9  2056.6  3521.8 106665.8   106628
read      256.3   197.9    80.4   126.7   142.1   246.7   277.1   293.7   306.5   320.6   341.7   376.5   503.4  3418.9  7666.9  23499.6    23498
read      352.4   441.9    74.4   125.4   141.7   253.8   313.6   349.3   378.2   418.4   490.4  1081.7  2123.4  4310.6  9372.7 103496.8   103564
read      409.6   255.5    74.4   196.7   226.3   378.1   451.5   494.7   527.5   567.0   619.1   700.6   884.1  2558.7 11708.5 161839.0   161774
read      278.5   330.3    68.9   119.1   133.0   253.9   300.7   326.1   344.9   368.5   399.2   453.0   663.4  6770.7 10102.7  38927.2    39037
read      574.3   642.1    74.4   181.5   210.3   355.9   460.1   547.8   640.4   885.0  1453.0  1716.8  3184.3  6901.9 12354.8 163457.6   163622
read      397.3   212.6    80.4   197.2   225.8   371.8   434.6   472.9   503.9   542.0   591.7   671.3   843.1  2041.3  7413.3 132367.6   132405
read      328.5   186.6    74.4   163.4   186.9   306.9   360.2   390.8   413.8   442.3   483.0   553.5   730.0  1823.8  7140.5 131119.8   131596
read      304.3   146.1    74.4   160.9   182.5   288.2   335.1   363.3   384.7   410.3   445.1   498.7   610.7   785.2  3393.5 174319.2   174543
read      240.9   178.6    68.9   109.9   120.8   207.6   265.4   297.5   320.7   348.5   385.8   448.3   642.4  1739.0  5783.1  90204.2    90567
read      301.7   355.0    68.9   116.0   129.8   222.1   272.4   300.5   321.3   349.3   396.1   836.7  1726.3  3584.6  7650.3 116601.4   116582
read      232.2   178.4    80.4   134.6   153.7   224.8   245.9   257.5   266.8   276.4   291.2   314.5   391.8  2963.0  7739.8  13921.6    13888
read      426.1   475.8    68.9   133.0   151.2   254.0   325.7   423.8   536.2   705.0  1018.2  1420.7  2150.6  3908.1  8002.3 118959.2   119224
read      530.1   642.3    74.4   153.1   177.5   273.3   326.8   403.2   691.6  1260.7  1446.7  1660.1  3065.4  5564.0  9486.8 156588.4   156471
read      543.2   671.7    74.4   154.9   179.2   276.4   331.1   402.9   661.3  1285.0  1491.3  1727.1  3299.1  6000.9  8340.3 163968.6   164013
read      457.0   629.1    74.4   137.7   155.0   242.5   302.5   377.9   505.8   768.3  1185.8  1554.1  2908.8  7767.9 11372.9  41940.4    41909
read      537.0   676.0    74.4   154.5   178.9   274.8   326.8   394.5   638.6  1273.7  1466.0  1684.1  3270.8  6968.2  9421.7 128695.8   128280
read      412.6   464.2    74.4   132.8   151.2   251.4   324.8   420.9   521.8   666.6   904.1  1329.8  2278.3  3748.4  8084.1 107150.8   107066
read      238.7   131.9    68.9   110.1   121.8   231.1   278.2   302.2   318.1   336.4   358.4   390.8   462.4  1100.0  5174.7  46220.6    46119
read      211.2    76.6    86.8   132.9   150.8   208.4   226.7   235.9   244.5   253.3   266.8   287.8   340.1   634.5  4358.1  10241.0    10227
read      210.8    68.8    80.4   132.6   151.0   208.1   226.5   235.9   244.6   253.4   267.0   288.4   341.7   838.1  2084.7  10825.2    10870
read      516.5   633.8    74.4   152.7   176.2   265.5   313.3   377.7   621.1  1234.4  1437.0  1653.4  3000.0  5794.4  8995.4 146083.8   146664
read      254.1   315.6    74.4   118.9   132.9   217.8   246.3   262.6   273.9   290.4   314.6   392.2  1339.9  4765.2  8794.3  19966.2    19865
read      292.8   230.7    68.9   118.2   132.3   229.0   302.5   360.6   402.4   451.0   515.4   640.4  1082.7  1830.3  5568.9 113066.0   113409
read      243.5   207.2    68.9   107.1   118.2   221.4   277.0   307.8   328.7   351.9   380.2   422.4   530.8  2013.3  8427.2  70765.8    70623
read      238.7   130.6    68.9   113.4   125.4   232.6   278.7   300.7   315.5   333.0   354.7   388.9   466.9  1278.8  5352.6  52578.0    52633
read      233.4   138.8    68.9   111.6   123.3   206.1   259.1   291.0   314.2   341.3   376.3   431.9   575.8   877.0  1759.8 104500.6   104630
read      237.6    90.7    68.9   114.6   127.4   237.0   278.1   298.1   312.2   328.0   347.0   377.7   443.5   609.1  1489.7  42536.6    42594
read      243.1   153.8    63.8   112.0   123.9   214.8   273.4   308.3   333.3   362.3   397.4   451.5   589.4   931.2  2984.5  95120.6    95196
read      235.8   116.1    68.9   109.5   120.9   226.8   276.2   302.1   319.1   338.2   361.4   394.6   461.5   629.2  3038.4  52474.4    52243
read      233.2    87.1    74.4   113.8   126.7   231.7   271.2   291.0   304.8   319.7   339.1   367.2   426.1   565.7  1784.7  37043.6    37031
read      234.6   110.8    68.9   111.7   123.8   230.7   272.5   293.6   307.9   323.1   342.6   371.8   442.2   926.0  3847.4  39894.6    39878
read      248.1   172.6    68.9   113.5   126.2   210.3   264.5   299.5   326.8   360.4   404.7   485.5   756.5  1524.1  3831.8 110719.4   110750
read      209.3    70.1    80.4   142.6   159.5   206.4   222.6   231.5   237.7   246.9   257.2   274.6   328.1   578.6  2276.1   8264.2     8231
read      235.1   121.0    68.9   108.1   119.0   221.9   274.4   302.9   322.0   343.3   369.1   404.1   477.9   822.5  2443.0  63629.2    63638
read      243.7   159.5    68.9   109.8   120.9   217.3   278.9   315.0   339.9   367.2   398.7   445.4   547.9   995.6  4526.8  90220.0    90167
read      230.1   104.7    68.9   108.0   118.8   223.2   270.5   294.8   311.1   328.9   349.6   380.7   441.0   613.6  3409.0  50427.4    50555
read      219.3    69.0    74.4   127.1   143.1   218.4   240.0   251.9   261.0   271.5   286.7   311.1   373.1   654.9  1999.0  16002.6    15997
read      237.5    96.7    68.9   112.3   124.5   232.8   277.7   300.7   315.9   333.7   355.1   387.0   454.8   641.7  1919.7  43106.0    43089
read      215.2    68.4    80.4   133.4   151.1   213.1   232.4   243.6   251.5   261.8   274.1   295.7   348.1   579.1  2190.9  12218.0    12188
read      240.6   151.0    63.8   108.5   119.5   221.2   278.9   311.1   333.5   358.3   387.8   428.5   509.6   777.2  4136.0  76468.2    76615
read      360.6   401.1    68.9   136.4   156.1   264.0   316.1   353.5   386.8   434.4   514.6  1237.4  1868.5  3782.6  7997.8 143645.2   143480
read      234.9   107.7    68.9   110.2   121.1   222.7   275.5   301.9   319.5   340.4   366.2   402.9   485.9   742.1  2040.3  63531.4    63793
read      238.0   117.8    68.9   108.1   119.1   221.9   277.8   308.4   329.4   353.0   380.8   420.6   498.5   691.9  2259.7  71912.0    71996
read      234.5    94.4    68.9   111.6   123.5   230.8   274.4   296.4   311.4   328.0   347.4   378.1   439.0   612.8  1964.5  41836.8    41778
read      226.2    74.5    74.4   121.0   135.7   226.7   253.5   267.9   277.6   290.1   305.7   330.0   391.7   617.2  2570.6  21858.8    21860
read      237.7   116.8    68.9   111.2   123.2   231.5   277.6   300.9   316.7   335.0   357.2   389.9   455.5   846.4  3518.1  45607.8    45582
read      247.3   151.2    68.9   110.0   121.4   224.4   284.2   318.0   341.7   368.2   399.5   445.9   546.5  1194.6  5034.7  81962.2    81972
read      237.2   115.7    68.9   112.1   124.1   232.3   277.4   300.2   315.7   333.3   354.4   385.7   452.0   611.0  2080.9  42918.2    42852
read      237.9   115.7    68.9   110.1   121.4   228.9   278.5   304.4   321.6   341.5   365.6   400.2   469.8   694.3  3246.0  51892.8    51852
read      244.5   168.3    74.4   113.1   125.5   208.2   261.1   294.1   319.1   350.4   395.1   478.9   741.9  1297.8  5553.4 109242.4   109368
read      230.4   117.8    68.9   109.6   120.3   223.1   271.4   294.5   310.6   328.4   350.0   383.5   452.2   637.3  3779.6  55810.0    55794
read      226.6    79.2    68.9   112.8   124.8   226.7   263.2   281.7   294.2   308.9   326.1   351.8   404.0   538.9  1329.4  35538.2    35534
read      237.5   157.8    68.9   106.5   117.4   212.2   271.7   306.6   330.7   357.4   388.9   432.7   532.9  1127.1  5217.4  90650.0    90576
read      237.6   140.0    68.9   107.4   118.4   212.1   272.7   309.0   334.0   361.7   393.5   436.1   531.2   704.4  2914.5  95177.0    95085
read      221.3   136.8    68.9   107.5   118.0   195.4   247.9   278.3   299.7   323.7   354.4   400.4   518.3   950.0  2811.9  99788.8   100029
read      232.1   108.8    63.8   105.9   116.4   216.8   271.1   300.8   321.1   344.2   371.3   408.4   482.4   650.2  2317.1  72666.8    72551
read      236.5   144.4    68.9   106.7   117.5   214.7   273.0   306.4   329.3   354.7   384.6   426.4   508.1   770.4  4429.9  84518.6    84629
read      232.5   119.2    63.8   105.9   116.4   216.3   271.3   301.3   321.6   344.7   371.8   409.5   487.9   632.8  4296.3  74203.6    74136
read      290.9   343.5    68.9   116.0   129.9   215.7   259.0   285.6   306.6   334.6   380.0   778.0  1695.1  3321.9  7460.4 130692.6   130756
read      224.5   102.7    68.9   107.0   117.2   209.4   264.1   289.2   306.3   325.4   349.6   389.8   483.8   671.4  2694.9  69937.2    69916
read      246.0   157.9    68.9   105.5   116.0   222.3   283.4   318.0   342.4   371.2   404.9   455.5   563.6  1378.9  4831.1  71842.0    72019
read      213.5   131.6    68.9   104.3   113.9   196.5   250.4   276.0   292.8   311.0   332.4   363.5   428.5   593.1  3282.4  78116.8    78070
read      205.9   104.3    68.9   104.3   113.8   183.9   234.1   263.6   283.0   303.8   327.1   360.0   421.5   527.6  3237.9  99647.2    99548
read      226.7    94.5    74.4   118.7   131.2   232.9   262.7   276.2   286.2   296.1   310.8   331.5   373.0   506.6  2685.5  36501.4    36393
read      213.6    99.7    68.9   119.6   133.1   200.7   233.5   253.8   269.1   287.4   310.8   345.4   417.5   535.9  3079.6 172196.0   172591
read      205.8    66.7    86.8   142.9   159.5   204.0   218.2   226.7   232.0   238.7   249.1   265.0   300.8   579.3  3144.7   8385.6     8325
read      215.6   114.0    68.9   106.8   116.6   201.0   255.4   279.5   295.1   312.1   332.1   361.1   415.9   501.6  3931.7  73568.4    73684
read      224.6   104.1    68.9   112.5   124.1   226.7   265.6   282.9   294.1   307.3   321.5   344.6   393.5   493.3  5106.0  48485.2    48420
read      206.9    96.7    80.4   147.9   161.5   202.6   216.5   224.9   230.7   236.9   248.5   265.9   312.1  1131.5  4261.3   6835.0     6828
read      201.7   121.2    68.9   104.8   114.4   179.8   223.3   251.4   271.6   294.2   319.5   354.8   419.0   523.5  2803.1 118554.6   118747
read      201.1    81.4    86.8   142.9   157.4   197.5   211.7   218.8   225.5   232.1   241.7   256.9   299.3   624.9  4027.2   7179.0     7123
read      202.1   123.0    68.9   113.7   125.9   188.5   219.9   239.0   253.9   272.0   295.1   330.6   399.1   508.9  2627.2 175441.4   175577
read      192.3   139.1    68.9   103.9   113.6   173.5   209.0   232.0   250.4   271.9   298.1   333.9   395.3   486.1  3930.1 147506.8   147498
read      210.6    64.2    68.9   113.1   124.6   215.9   242.8   255.7   264.9   274.0   287.8   307.4   345.7   458.4  1285.7  35742.4    35814
read      205.9    86.7    68.9   104.2   114.0   200.6   243.2   262.3   274.1   287.9   304.0   326.8   371.6   472.3  2368.7  59521.8    59488
read      195.3   134.5    68.9   109.0   119.5   180.0   212.3   232.4   248.6   268.0   292.6   328.2   394.3   489.3  1982.9 167570.8   167483
read      197.9    94.4    68.9   100.4   109.5   179.5   228.1   255.0   272.2   290.6   311.5   339.6   391.7   468.0  2138.3  89097.0    88988
read      189.8   107.4    80.4   130.3   144.4   187.4   200.3   208.1   213.5   219.1   228.8   242.5   285.0   592.9  3779.0   9940.2     9869
read      194.1   109.5    68.9    99.8   108.7   172.9   216.1   243.6   263.3   284.4   308.5   340.5   401.0   591.0  3289.6 111779.8   111786
read      196.0    83.5    68.9    99.4   108.2   177.6   225.7   252.9   270.4   288.8   309.9   338.6   393.0   463.9  1370.1  92518.8    92736
read      197.4   120.2    68.9   111.4   122.8   183.9   214.6   233.2   248.2   266.3   289.5   323.5   390.7   487.5  3028.9 178376.0   178657
read      194.9   128.7    68.9    99.6   108.6   173.4   218.0   245.8   265.4   286.4   310.5   342.5   402.6   525.7  2528.0 108756.2   108877
read      203.2    78.6    74.4   121.2   134.3   205.4   223.7   232.9   240.1   248.9   259.8   275.7   316.3   537.5  2058.5  19200.6    19091
read      203.5    82.9    68.9   102.7   112.2   194.2   239.9   261.3   274.5   289.5   307.3   332.8   380.6   460.6  1579.0  65793.8    65772
read      200.5    99.0    68.9   100.1   109.2   184.4   234.0   258.9   274.3   291.2   310.8   338.0   392.0   528.9  3307.5  78928.8    79060
read      196.4   121.4    68.9    99.7   108.6   175.9   223.0   250.6   269.3   289.3   312.2   342.6   399.8   497.3  1798.6 100251.6    99953
read      207.5    70.3    74.4   119.3   131.6   211.3   231.6   242.3   249.8   258.5   269.8   287.6   323.0   525.5  2190.2  24353.0    24354
read      193.1   126.5    68.9   103.8   113.5   174.0   210.1   233.3   251.8   273.4   299.7   335.8   398.8   505.5  4259.5 144388.6   144236
read      196.0   136.4    68.9   109.1   119.7   180.6   213.1   233.1   249.1   268.4   292.9   328.8   396.3   508.4  3138.9 167791.8   168093
read      203.7    62.8    74.4   120.4   133.0   207.9   226.2   234.8   242.2   250.3   260.9   275.2   312.7   486.3  1288.4  21904.4    22028
read      201.3   102.0    68.9   100.9   109.9   186.2   235.3   259.6   274.6   291.0   310.2   337.2   392.0   587.9  2656.2  77594.2    77499
read      193.8   113.6    68.9   101.8   111.2   173.9   213.8   239.1   258.4   279.9   305.2   339.7   405.6   521.5  1612.0 128486.2   128271
read      192.6   101.8    68.9   101.7   110.8   172.4   212.0   237.8   257.8   280.1   306.0   339.6   398.1   473.3  2736.7 126350.6   126673
read      209.0    74.0    68.9   109.5   120.1   211.7   243.9   259.0   268.9   280.1   293.6   314.3   354.9   453.0  1820.0  43666.6    43605
read      194.9   102.5    68.9    99.7   108.5   174.2   220.3   248.2   267.2   287.3   310.1   340.2   396.0   489.9  3210.1 103290.2   103217
read      199.2   102.5    68.9   100.8   109.7   179.3   228.4   256.4   274.5   293.8   315.7   345.0   401.9   494.1  2174.3  93699.8    93706
read      207.6    73.7    74.4   120.0   132.6   211.1   230.8   241.1   248.7   256.9   268.6   285.9   320.1   529.8  3351.8  23373.0    23247
read      203.5    86.8    63.8   102.1   111.2   188.7   238.9   263.4   278.9   295.4   315.0   342.0   394.9   480.9  2027.8  77440.6    77378
read      192.8    63.8    80.4   130.3   145.5   192.1   205.5   212.9   217.6   224.9   232.8   247.5   283.9   575.3  3076.3  10511.4    10495
read      192.4   121.2    68.9   102.6   112.0   172.7   210.5   234.7   254.1   276.1   302.8   338.0   399.2   485.8  3050.6 134616.6   134841
read      193.0   126.5    68.9   101.1   110.0   172.3   212.9   238.9   259.1   281.2   306.7   340.4   400.5   502.4  2901.8 121028.4   120602
read      210.7    72.3    74.4   112.8   124.3   215.7   242.7   255.7   265.0   274.2   288.1   307.7   346.2   467.9  1984.1  36795.2    36975
read      192.9   111.7    68.9   105.3   115.1   174.8   209.7   232.1   249.9   271.1   296.9   333.4   397.8   525.0  2997.8 151198.4   151323
read      194.5   115.8    68.9    99.8   108.5   173.9   219.8   247.6   266.6   286.7   309.7   340.5   397.5   478.3  1180.2 105129.8   105217
read      193.8   110.8    68.9    99.6   108.4   172.7   217.2   244.7   264.2   284.9   308.2   339.6   398.0   510.7  4147.0 110904.4   110653
read      192.3   121.0    63.8   101.6   110.6   171.7   211.5   237.0   257.0   278.9   304.4   338.1   398.6   498.6  3184.1 127613.6   127593

Total QPS = 87962.6 (105555168 / 1200.0s)

Total connections = 64
Misses = 0 (0.0%)
Skipped TXs = 0 (0.0%)

RX 26072126743 bytes :   20.7 MB/s
TX          0 bytes :    0.0 MB/s
Warning! Detected max cpu usage > 95%
CPU Usage Stats (avg/min/max): 99.85%,7.07%,100.00%
