Random waveform, supplied seed
Total number of intervals = 240 (8195, 158594, 149766, 10382, 170548, 150565, 137144, 143496, 144743, 116745, 129314, 144723, 117379, 119931, 132052, 143350, 143518, 172981, 94027, 170019, 179090, 47130, 19439, 128963, 23787, 61848, 101968, 108767, 97139, 158594, 141240, 41405, 57997, 133577, 53832, 139832, 170515, 128494, 20789, 63647, 64802, 55719, 174179, 106356, 178750, 105831, 110667, 8803, 45662, 30867, 45656, 100938, 132360, 67591, 33910, 85729, 12884, 45621, 36938, 56902, 102243, 14085, 94103, 58175, 151312, 83333, 165153, 123975, 28449, 14903, 31189, 40636, 80574, 168820, 162621, 101621, 58592, 153042, 112238, 160265, 57109, 88551, 8385, 34088, 113600, 131842, 112066, 72585, 133669, 11820, 12639, 118548, 165754, 86823, 16898, 123124, 72278, 47757, 60510, 25237, 97783, 118966, 16631, 11743, 115026, 122371, 7198, 25022, 157513, 171975, 154918, 139185, 152724, 20845, 140348, 88725, 134088, 66126, 78214, 55191, 54081, 112478, 179666, 100584, 127920, 6594, 25020, 129587, 10277, 148458, 66114, 49261, 133049, 106628, 23498, 103564, 161774, 39037, 163622, 132405, 131596, 174543, 90567, 116582, 13888, 119224, 156471, 164013, 41909, 128280, 107066, 46119, 10227, 10870, 146664, 19865, 113409, 70623, 52633, 104630, 42594, 95196, 52243, 37031, 39878, 110750, 8231, 63638, 90167, 50555, 15997, 43089, 12188, 76615, 143480, 63793, 71996, 41778, 21860, 45582, 81972, 42852, 51852, 109368, 55794, 35534, 90576, 95085, 100029, 72551, 84629, 74136, 130756, 69916, 72019, 78070, 99548, 36393, 172591, 8325, 73684, 48420, 6828, 118747, 7123, 175577, 147498, 35814, 59488, 167483, 88988, 9869, 111786, 92736, 178657, 108877, 19091, 65772, 79060, 99953, 24354, 144236, 168093, 22028, 77499, 128271, 126673, 43605, 103217, 93706, 23247, 77378, 10495, 134841, 120602, 36975, 151323, 105217, 110653, 127593)
Average QPS expected = 87982
Timestamp start: 1747077108141
Timestamp end: 1747078308492

#type       avg     std     min      p5     p10     p50     p67     p75     p80     p85     p90     p95     p99    p999   p9999      QPS   target
read      188.8    58.4    86.8   131.6   144.9   186.1   199.6   207.7   213.6   220.1   229.9   245.1   288.5   545.9  2553.1   8268.2     8195
read      198.8   173.2    63.8   105.4   115.4   175.8   210.1   231.5   248.7   269.6   296.3   337.0   446.8  2023.8  4742.2 158607.2   158594
read      202.2   187.8    68.9   103.5   113.2   174.9   210.9   233.1   251.0   272.2   299.4   340.7   539.4  2281.0  6973.4 150124.8   149766
read      203.7   164.2    86.8   127.9   143.1   191.1   207.2   216.1   223.1   231.5   243.7   267.1   470.2  2581.9  7613.7  10458.8    10382
read      341.5   413.2    68.9   134.1   156.8   239.8   270.7   290.6   307.7   334.3   424.5  1323.0  1668.7  3954.6  8708.5 170286.8   170548
read      201.7   192.2    68.9   103.8   113.6   176.0   212.1   234.4   252.1   273.2   300.0   340.4   457.5  2798.7  7469.8 150380.8   150565
read      209.4   191.0    68.9   102.0   111.4   174.9   214.2   238.6   258.3   281.8   312.3   362.0   887.3  2273.2  7037.5 137228.6   137144
read      200.9   211.4    68.9   102.2   111.6   172.4   209.1   232.4   250.8   272.8   300.8   342.8   509.1  2165.5  7825.0 143597.6   143496
read      203.2   203.1    68.9   102.6   112.0   173.9   210.9   233.6   251.6   273.2   301.1   342.1   517.6  3029.3  5862.9 144797.8   144743
read      219.9   251.8    68.9   100.9   110.1   178.2   223.8   252.6   274.0   299.3   331.6   387.3   868.7  3476.0  9427.3 116635.4   116745
read      243.6   263.8    68.9   103.7   114.1   185.6   229.2   259.0   283.8   316.8   372.4   561.5  1316.4  3122.1  7234.9 129433.8   129314
read      205.9   201.9    68.9   102.7   112.2   174.7   211.7   234.1   252.1   273.7   302.2   344.9   711.7  3141.0  4276.9 144619.8   144723
read      223.6   241.0    68.9   102.0   111.4   180.6   226.7   256.3   279.1   307.1   343.2   413.2   866.5  3335.6  7715.7 117482.2   117379
read      240.3   236.6    68.9   106.4   116.8   189.8   236.4   267.4   291.3   321.2   365.9   480.3  1230.0  2694.6  5537.0 120104.2   119931
read      210.6   201.0    68.9   103.6   113.3   178.0   218.4   244.5   264.2   287.3   315.7   360.2   670.4  2802.2  5660.6 132169.0   132052
read      210.7   233.3    68.9   104.8   114.8   179.4   217.8   242.0   260.8   282.8   311.0   353.8   614.8  2833.5  7775.7 143056.6   143350
read      216.4   244.3    68.9   105.7   115.9   182.2   220.7   244.8   263.3   285.3   313.5   358.6   717.1  3469.6  7380.7 143075.4   143518
read      212.5   199.6    68.9   112.5   124.6   190.7   224.4   244.3   259.5   277.3   301.5   339.9   456.2  2688.2  7346.0 173221.0   172981
read      230.5   268.5    68.9   101.7   111.0   188.3   242.9   274.7   297.2   324.0   359.4   418.0   680.9  3775.3  9775.9  94050.0    94027
read      251.1   270.9    68.9   120.2   134.8   215.4   254.0   275.9   292.7   313.0   340.7   393.7  1339.7  3441.4  7649.8 169920.6   170019
read      253.3   201.2    68.9   129.4   146.0   231.8   272.1   295.4   313.3   335.2   365.2   415.9   551.1  2844.1  7128.3 179153.8   179090
read      250.8   265.7    74.4   108.2   119.1   225.4   269.6   292.3   308.8   328.0   353.1   396.4  1026.9  3460.7  9867.1  47274.2    47130
read      245.2   231.0    80.4   118.5   134.0   223.2   252.1   267.8   278.8   292.4   311.8   346.6   995.7  3250.2  7735.1  19382.6    19439
read      252.9   299.6    68.9   106.4   117.1   191.2   235.2   264.4   287.0   315.9   361.6   541.7  1439.3  3458.4  7987.2 129125.0   128963
read      229.2   156.5    74.4   117.3   130.7   220.3   247.0   261.4   271.6   284.6   300.6   329.9   558.4  2237.3  5568.5  23736.8    23787
read      278.6   413.2    68.9   103.6   113.6   222.9   279.3   313.1   336.8   363.7   396.2   451.3  1560.7  6482.9  8959.4  61977.8    61848
read      240.3   267.4    74.4   106.3   116.3   192.5   246.3   277.9   300.8   327.5   363.1   427.4  1156.4  4100.1  7604.8 102087.2   101968
read      265.7   310.0    68.9   108.8   119.6   201.7   254.5   290.0   318.7   357.8   417.6   554.1  1426.6  3746.9  8855.5 108803.6   108767
read      251.7   312.9    68.9   105.6   115.5   198.1   256.4   291.2   316.5   347.3   390.5   464.9  1260.1  4415.1 11568.5  97161.6    97139
read      239.5   270.5    68.9   117.9   131.8   208.7   248.4   271.9   289.6   311.0   339.6   388.5   625.3  3650.4  9258.4 158821.0   158594
read      223.4   253.0    68.9   111.1   122.3   191.8   232.6   258.3   277.0   299.8   328.7   371.8   500.2  3462.5  8012.4 141031.4   141240
read      250.3   247.5    74.4   112.5   124.4   232.3   272.6   293.2   308.2   325.2   348.1   390.5   661.5  3561.7  8919.8  41368.0    41405
read      292.1   480.8    68.9   106.3   117.0   230.7   289.2   322.8   347.0   374.9   408.3   466.1  1663.9  7920.1 11374.2  57846.4    57997
read      311.8   399.1    68.9   114.0   127.9   221.6   267.1   293.4   314.7   343.7   399.5  1241.3  1706.0  3707.3  9705.7 133471.0   133577
read      257.3   300.1    74.4   107.8   118.3   226.7   276.0   301.4   319.2   340.9   368.6   415.3   982.5  5149.5  7815.7  53992.2    53832
read      342.8   451.7    68.9   119.5   135.6   235.2   278.4   306.7   330.2   365.5   453.3  1351.8  1761.7  5316.2  9840.4 139755.0   139832
read      241.5   233.5    68.9   123.8   138.9   216.1   254.7   277.5   294.6   315.4   342.5   387.3   512.7  3535.9  7999.4 170261.4   170515
read      227.2   266.3    68.9   108.1   118.4   188.2   231.7   258.9   278.5   302.0   331.7   376.8   752.4  3485.0  7949.3 128454.0   128494
read      228.2   128.2    80.4   123.5   138.5   224.3   248.4   261.4   270.5   281.9   296.0   320.5   418.4  1893.7  4698.9  20856.2    20789
read      303.4   548.8    68.9   105.7   116.0   228.4   287.4   322.3   347.3   376.5   411.9   472.3  2376.8  8124.8 10966.6  63574.6    63647
read      280.8   442.1    68.9   105.2   115.3   226.7   287.1   322.4   348.0   376.9   411.7   467.7  1316.0  7540.6 13306.6  64822.4    64802
read      282.4   464.4    74.4   106.2   116.7   229.3   286.1   318.4   340.9   366.0   397.3   447.8  1379.7  7564.2 13177.1  55841.8    55719
read      395.4   445.3    74.4   166.8   192.2   290.2   332.0   359.1   381.7   416.3   504.0  1369.8  1815.9  4427.6 11072.1 174075.6   174179
read      225.7   215.6    68.9   107.3   117.7   195.1   241.7   268.7   288.2   311.3   340.8   389.7   635.5  3246.2  8011.1 106629.6   106356
read      293.4   234.9    74.4   145.3   165.6   269.2   314.0   340.5   361.3   386.9   421.9   478.9   626.3  3640.9  7009.9 178630.6   178750
read      250.8   255.4    68.9   109.6   120.3   199.9   252.3   284.5   308.5   337.4   377.5   480.2  1203.5  2766.4  7559.6 105913.6   105831
read      284.1   307.0    68.9   111.5   123.5   209.0   263.3   297.8   326.0   364.8   436.7   734.4  1513.3  3439.3  7687.4 110922.4   110667
read      221.6   149.1    86.8   141.4   158.2   209.0   226.9   235.7   244.0   252.4   266.0   289.5   628.9  1979.1  7412.2   8888.6     8803
read      297.8   463.6    68.9   110.5   121.9   240.5   297.0   328.3   350.0   375.3   406.7   463.2  1844.5  7107.1  8898.5  45538.6    45662
read      282.1   364.7    74.4   115.3   128.3   240.2   285.6   309.4   325.7   344.6   370.7   420.3  1624.1  5776.7  8463.6  31043.8    30867
read      324.1   600.5    74.4   111.1   123.1   244.6   301.3   332.8   354.8   380.1   413.2   477.1  3017.0  8449.6 10468.2  45503.6    45656
read      283.5   370.1    68.9   110.6   122.2   211.6   270.0   307.2   336.1   373.5   432.4   584.3  1557.5  5527.5 11092.3 100924.6   100938
read      239.7   274.6    68.9   111.9   123.8   200.3   246.5   274.3   295.1   319.5   351.6   403.6   905.0  3348.8  9587.5 132267.8   132360
read      248.9   258.1    68.9   108.9   118.8   215.2   271.0   297.6   316.1   337.7   365.8   415.6   943.2  3744.5  7713.5  67538.0    67591
read      280.8   351.7    74.4   113.4   126.3   240.8   288.9   314.1   331.6   351.5   377.3   426.1  1393.4  5296.2  8027.8  33880.6    33910
read      294.3   419.9    68.9   109.5   120.2   217.2   281.4   320.5   350.5   387.5   439.4   554.9  1823.0  4859.6 11881.4  85543.4    85729
read      230.5   147.8    86.8   134.0   152.1   217.9   238.6   250.9   260.0   270.7   286.0   312.9   675.9  2133.4  7041.7  12859.8    12884
read      305.8   527.9    74.4   111.7   123.7   243.1   297.9   327.6   347.8   372.0   403.2   463.6  1807.3  8013.1 11709.3  45484.4    45621
read      258.1   219.6    74.4   113.6   126.4   239.7   285.5   309.0   325.2   344.2   370.7   414.8   655.4  3385.7  7614.1  37093.6    36938
read      277.1   369.1    74.4   108.1   118.7   236.3   297.9   333.3   358.3   386.6   421.7   475.1   849.7  6499.2 11411.8  56952.4    56902
read      246.6   220.1    63.8   109.9   120.4   200.1   254.5   288.5   313.6   343.8   387.9   485.1   972.9  2689.7  7354.9 102188.0   102243
read      225.3   120.6    86.8   130.0   147.5   216.9   238.0   250.9   260.4   271.3   287.1   313.3   462.1  1975.3  2936.7  14023.2    14085
read      254.6   289.3    74.4   109.3   119.5   202.0   259.5   293.4   318.4   348.1   390.7   482.1  1214.1  4143.4  9899.1  94115.6    94103
read      289.1   445.3    74.4   109.1   119.7   235.3   297.0   333.0   358.6   388.0   424.9   486.8  1298.7  7653.9 11619.5  58098.2    58175
read      344.6   375.7    68.9   134.7   154.4   268.5   321.5   354.9   381.0   416.2   471.2   822.7  1669.6  4037.1  8506.0 151184.8   151312
read      232.6   213.9    68.9   108.6   118.3   199.7   257.4   288.2   309.4   333.5   363.6   411.5   588.4  2607.6  9533.2  83284.2    83333
read      385.2   357.5    80.4   172.7   197.5   311.8   364.6   397.0   423.1   457.2   510.0   884.4  1691.9  3695.2  7771.0 165283.8   165153
read      223.5   193.3    74.4   111.6   123.0   196.1   238.6   266.1   286.1   309.6   339.2   384.8   521.3  2069.0  8224.1 124083.6   123975
read      242.7   181.1    80.4   122.0   135.6   237.2   267.9   283.9   294.8   309.0   326.4   356.4   441.0  2733.0  7421.4  28468.4    28449
read      234.4   162.4    80.4   127.0   144.0   221.9   248.0   262.7   272.8   286.2   302.8   332.3   611.1  2108.3  3934.5  14909.2    14903
read      284.2   344.8    80.4   115.6   129.5   240.1   286.7   310.9   327.8   347.1   374.8   434.3  1591.0  5023.3  7990.9  31216.6    31189
read      273.6   375.6    74.4   111.3   123.2   237.8   290.9   318.9   338.1   359.8   386.8   429.3   782.9  6669.0  9681.7  40617.2    40636
read      258.9   308.6    68.9   108.5   118.7   210.6   273.3   308.9   334.5   366.1   408.8   489.0   906.5  4094.4 11694.7  80597.0    80574
read      265.2   207.9    74.4   135.5   153.0   243.7   285.9   310.5   328.9   351.7   383.5   434.8   570.7  2405.6  8548.6 168908.4   168820
read      254.6   199.5    68.9   127.8   143.5   229.9   272.6   297.7   317.0   340.6   372.2   427.0   587.7  2687.6  4823.1 162659.2   162621
read      253.5   228.2    74.4   110.1   121.0   202.7   258.4   293.5   320.1   355.4   406.3   542.9  1043.9  2093.5  5228.7 101630.2   101621
read      285.9   427.7    68.9   108.5   119.0   235.7   298.4   334.4   360.0   389.6   426.8   488.4  1146.1  7557.6 13344.8  58713.8    58592
read      379.9   392.0    74.4   152.7   176.4   296.5   350.3   384.9   412.1   449.8   511.4  1214.0  1724.5  4251.6  8004.6 153121.0   153042
read      218.1   137.2    68.9   109.6   119.8   191.9   237.8   267.2   288.4   312.6   342.1   386.5   502.7  1497.1  3574.5 112404.6   112238
read      254.1   200.8    74.4   128.3   143.9   230.4   273.1   298.0   317.1   340.7   372.2   426.6   579.8  2556.9  7848.2 160271.4   160265
read      255.8   258.6    74.4   111.3   122.1   230.9   284.4   311.7   331.0   353.5   382.4   428.7   585.4  4622.6  7570.9  57124.4    57109
read      257.7   285.7    68.9   109.8   120.2   209.0   269.9   305.7   331.8   363.6   405.6   487.7   950.6  3712.1  9978.7  88333.2    88551
read      211.2   104.6    86.8   138.8   153.5   203.0   221.3   231.2   238.1   248.1   260.6   281.4   391.6  1907.8  3218.6   8452.6     8385
read      278.2   386.3    74.4   114.2   127.0   237.4   285.6   310.5   327.6   346.8   371.9   414.5  1226.7  6381.8  8647.7  34189.2    34088
read      296.3   368.5    68.9   112.4   124.7   213.9   266.3   297.1   320.7   351.6   400.8   871.2  1666.9  3420.2  8876.7 113891.0   113600
read      219.3   172.4    68.9   111.3   122.6   193.5   234.3   260.7   280.1   303.3   332.8   376.1   500.7  1892.7  4485.0 132011.6   131842
read      218.4   149.9    74.4   108.4   118.5   189.7   236.0   265.7   287.0   311.5   341.7   387.1   520.2  1805.2  4118.0 112295.2   112066
read      247.0   256.0    74.4   106.5   116.4   212.4   271.1   302.7   325.2   351.7   386.8   442.9   669.9  3197.9  9689.6  72574.2    72585
read      305.7   375.3    68.9   114.3   128.1   222.5   271.9   299.4   320.3   348.2   396.0  1138.1  1696.0  3642.4  8680.3 134078.4   133669
read      213.8    81.7    80.4   132.4   149.8   209.8   228.7   238.5   246.6   254.7   268.2   289.1   359.6  1295.8  2846.9  11897.6    11820
read      220.8   128.5    86.8   128.9   145.8   212.0   234.3   247.3   255.9   267.6   282.3   307.9   423.8  2076.0  4310.6  12661.6    12639
read      395.9   483.7    68.9   123.2   140.6   255.1   309.9   346.8   384.0   453.7   986.9  1470.4  1877.1  4667.0  8087.3 118307.2   118548
read      294.8   211.9    74.4   143.8   164.0   269.2   319.0   349.5   373.0   401.8   440.6   503.5   644.3  2337.2  8987.5 166000.4   165754
read      239.4   230.9    68.9   110.8   121.3   203.7   259.6   290.5   312.2   336.9   367.8   418.1   662.5  3368.2  8050.2  86783.4    86823
read      236.3   122.8    86.8   127.6   144.5   228.0   255.6   271.1   282.4   294.9   312.5   340.4   477.6  1956.8  3127.8  16872.2    16898
read      286.3   349.2    68.9   114.7   128.3   215.3   264.3   293.1   314.6   341.8   382.4   518.5  1669.5  3853.4  7897.7 122844.0   123124
read      229.7   147.3    68.9   106.7   116.8   208.1   262.9   290.3   309.3   331.4   360.6   406.8   533.6  1467.5  4373.8  72190.4    72278
read      277.3   381.7    68.9   110.0   121.9   236.7   293.3   324.3   345.7   370.3   399.4   446.1   906.3  6744.8  9937.6  47965.4    47757
read      289.9   401.7    74.4   110.3   121.8   238.0   302.8   340.4   367.9   398.5   436.0   499.0  1187.7  7327.8  9444.7  60410.8    60510
read      260.4   242.4    80.4   119.7   134.0   235.7   274.9   295.5   310.5   327.4   348.5   389.2  1016.7  3436.9  7757.8  25181.0    25237
read      307.2   404.5    68.9   113.6   126.5   220.8   280.1   318.0   349.2   394.6   484.6   768.1  1609.4  5124.6 12125.3  97747.4    97783
read      227.5   157.8    68.9   113.1   125.3   201.6   247.1   274.5   295.2   319.3   349.9   397.1   525.8  1752.1  3745.9 118861.4   118966
read      235.9   110.0    80.4   134.9   153.6   233.1   256.0   269.1   278.1   289.6   303.7   325.5   394.2  1333.5  4476.9  16643.0    16631
read      217.3   135.5    86.8   129.7   146.9   207.3   228.7   240.5   249.7   260.8   274.3   298.8   471.1  1890.1  7548.5  11756.4    11743
read      407.0   541.8    74.4   125.9   143.1   256.9   310.3   346.3   382.0   450.8  1134.2  1481.4  2055.6  7096.3 12053.7 114661.8   115026
read      232.6   189.5    74.4   114.7   127.6   204.4   249.0   276.3   296.8   320.8   351.5   399.2   564.7  2234.5  5349.2 122248.2   122371
read      219.3   123.6    93.8   147.1   162.4   211.2   228.4   237.3   245.6   253.9   266.7   287.1   369.5  2001.8  3977.6   7246.4     7198
read      262.8   243.6    74.4   120.5   135.1   239.5   278.4   298.7   313.5   330.6   352.0   390.6  1057.1  3479.0  7744.4  24955.0    25022
read      310.7   305.0    74.4   134.2   153.1   261.3   312.3   342.4   366.1   395.5   436.4   524.8  1560.8  3402.6  7966.4 157293.0   157513
read      278.3   171.2    74.4   139.0   157.6   254.6   300.7   328.2   348.9   375.2   412.4   471.9   631.8  2189.7  4253.6 171828.8   171975
read      261.4   199.0    68.9   130.3   147.0   235.8   280.6   306.9   326.3   350.3   383.2   437.4   607.7  2748.9  7190.9 155015.0   154918
read      233.7   178.9    68.9   118.2   131.9   208.8   249.7   274.5   293.5   316.0   344.9   392.7   549.9  2095.9  4451.2 139245.2   139185
read      238.6   194.1    74.4   120.8   135.3   214.5   254.9   279.5   297.4   319.4   348.6   397.4   546.3  2519.5  7493.4 153068.2   152724
read      234.7   124.1    80.4   129.0   144.8   233.4   258.1   271.0   280.5   291.9   306.8   329.7   396.2  1379.3  4030.0  20828.4    20845
read      299.4   342.4    68.9   119.7   134.9   230.5   280.4   310.4   334.0   365.2   413.3   570.8  1636.7  3575.2  7902.6 140168.4   140348
read      237.0   197.5    68.9   109.4   119.5   201.4   257.9   290.1   312.7   338.6   371.2   427.2   684.6  2335.8  7893.0  88695.6    88725
read      297.0   372.9    68.9   112.8   126.4   219.0   270.3   298.4   319.5   347.0   392.9   798.6  1639.8  3623.4  9460.7 133864.4   134088
read      238.3   213.4    74.4   109.4   119.6   215.4   270.2   297.3   315.7   337.0   364.2   405.0   533.1  2878.4  9346.1  66288.8    66126
read      272.9   382.2    68.9   106.8   117.3   220.7   289.3   330.3   359.9   392.7   432.0   495.1  1031.0  5323.3 14951.2  78119.0    78214
read      263.3   324.7    74.4   107.2   117.7   228.9   285.5   317.3   340.2   365.8   395.4   438.1   632.4  6470.5  8469.0  55284.2    55191
read      258.1   333.5    68.9   104.9   115.1   223.5   278.2   309.2   330.5   354.4   383.0   425.0   706.6  6302.8  9583.7  53963.4    54081
read      260.5   314.2    68.9   107.1   118.0   196.4   249.3   286.8   318.7   364.5   433.4   553.1  1301.2  4320.4  9356.5 112541.2   112478
read      219.1   169.7    68.9   119.9   133.8   202.1   234.5   254.0   268.7   286.3   309.5   345.6   448.1  1895.8  5956.6 179743.4   179666
read      210.4   150.4    68.9   102.3   111.4   181.3   231.2   261.6   283.0   307.1   336.1   381.2   532.2  1522.0  3386.6 100600.0   100584
read      309.4   403.0    68.9   109.0   120.9   209.0   249.9   274.9   297.1   331.8   418.3  1291.9  1646.2  3684.0  7903.5 127872.2   127920
read      191.4    91.1    80.4   133.5   146.1   185.0   199.0   207.2   213.3   220.1   230.6   247.7   313.9  1283.1  3127.9   6613.8     6594
read      246.0   234.5    74.4   111.4   123.8   222.5   258.5   277.1   290.8   306.7   327.0   365.5  1072.3  3294.6  7767.9  24938.2    25020
read      332.7   437.2    68.9   109.8   123.0   217.1   255.3   280.8   304.5   344.4   547.2  1357.0  1793.8  3838.5  8006.6 129438.0   129587
read      215.7   262.4    74.4   127.0   143.1   193.4   210.2   219.3   227.1   234.9   248.2   270.8   771.2  4061.8  8006.7  10349.8    10277
read      280.1   373.9    68.9   111.2   124.0   211.6   252.9   275.1   292.8   315.1   349.7   534.7  1634.6  4393.4  8036.9 148365.4   148458
read      214.2   130.6    68.9   101.4   110.4   198.2   248.0   271.8   288.1   306.4   328.9   365.1   460.3  1635.3  3606.9  66177.4    66114
read      272.1   377.0    74.4   103.8   114.3   224.1   277.3   307.5   327.7   350.2   378.2   427.5  1436.5  5885.3  8168.8  49272.2    49261
read      351.1   485.3    68.9   113.6   128.9   227.5   265.8   290.8   313.9   354.5   593.3  1390.6  2020.3  4726.8  9182.2 133082.2   133049
read      225.2   215.5    68.9   102.8   112.5   185.4   237.7   271.8   297.2   328.3   371.2   447.2   635.5  1688.8  8058.4 106678.6   106628
read      239.7   162.7    74.4   113.4   127.3   226.6   261.9   280.4   293.6   309.8   330.5   366.2   646.2  2263.6  6102.7  23497.8    23498
read      240.3   277.6    68.9   103.7   113.8   191.9   245.4   278.6   303.6   334.3   376.1   456.6   968.6  4226.4  9568.4 103663.0   103564
read      207.6   161.7    68.9   110.5   121.8   186.9   221.2   242.2   258.6   278.1   304.1   343.9   457.1  1850.8  4234.1 162051.8   161774
read      222.6   155.5    74.4   112.1   123.6   221.7   253.3   268.5   278.8   291.0   306.6   331.0   400.0  1530.4  6702.7  39043.8    39037
read      207.8   169.1    68.9   111.7   123.4   188.6   222.7   243.4   259.3   278.1   303.6   342.5   442.2  1649.7  7556.2 163153.4   163622
read      200.8   147.6    68.9   104.1   113.7   176.5   215.1   240.0   259.7   282.5   310.8   351.1   459.7  1476.3  4531.0 132558.2   132405
read      200.7   146.9    68.9   104.5   114.1   176.9   216.1   241.4   261.5   284.9   313.3   354.6   471.0  1040.1  3057.2 131694.0   131596
read      211.7   172.4    68.9   115.9   128.8   194.4   226.5   245.7   260.4   277.8   301.6   339.7   441.8  1544.6  5425.5 174657.2   174543
read      212.9   125.2    68.9   102.7   111.9   187.8   242.0   272.1   292.5   314.7   341.3   381.9   476.4   989.9  4044.9  90652.8    90567
read      230.3   172.1    68.9   111.7   123.1   197.2   244.1   274.8   297.9   324.7   359.7   419.3   710.6  1474.6  7036.8 116521.8   116582
read      225.6    96.9    80.4   137.0   154.8   223.9   243.3   254.0   262.9   272.2   286.2   307.8   367.7   795.1  4087.4  13903.0    13888
read      229.7   181.4    68.9   108.4   118.8   189.9   237.0   269.3   293.6   322.9   364.6   456.3   809.6  1486.2  3178.6 118974.8   119224
read      209.9   137.9    68.9   113.5   125.8   191.6   227.3   249.5   266.5   286.9   313.0   351.8   439.9   967.2  3426.3 156459.6   156471
read      219.7   141.8    68.9   119.0   132.5   202.7   238.0   260.1   275.8   295.6   320.8   361.8   462.8  1021.5  2908.8 163914.4   164013
read      227.5    92.3    74.4   113.7   125.5   229.4   265.5   282.7   294.3   308.5   325.1   352.4   412.1   543.3  2292.2  41795.8    41909
read      284.7   334.8    74.4   112.5   125.1   206.7   247.2   272.4   293.4   321.4   368.2   928.4  1660.3  3278.5  7420.8 128475.6   128280
read      215.3   130.8    68.9   107.2   117.0   187.1   236.5   267.6   289.4   314.1   343.7   391.5   538.4   962.3  2781.3 107261.4   107066
read      228.8    98.6    68.9   109.7   120.4   224.6   269.8   292.1   307.2   323.2   342.9   371.3   427.9   522.2  2843.6  46075.4    46119
read      202.1    55.4    86.8   131.6   147.2   200.4   218.0   227.9   234.2   243.4   253.8   272.0   313.8   535.8  2154.6  10217.6    10227
read      203.6    80.0    80.4   130.6   146.0   200.2   218.0   227.9   234.2   243.7   254.5   273.2   321.2   924.7  3437.5  10882.2    10870
read      367.3   440.2    68.9   130.8   150.3   249.1   288.5   315.7   341.5   387.4   555.8  1407.8  1838.9  3737.5  8071.5 146390.2   146664
read      229.9    81.3    80.4   130.1   145.6   229.6   253.0   266.1   274.5   287.2   302.4   328.6   393.9   720.5  3772.2  19926.2    19865
read      265.0   300.6    74.4   111.2   122.4   202.9   253.9   283.9   305.6   331.5   367.2   450.8  1604.9  2988.0  7360.4 113417.6   113409
read      225.2   114.7    68.9   109.1   118.9   209.3   264.2   290.1   307.5   326.8   350.7   388.0   465.2   703.9  3578.3  70475.4    70623
read      232.6   112.7    74.4   108.5   118.9   223.9   273.2   298.4   315.3   334.2   356.9   389.7   453.7   684.5  3476.8  52649.4    52633
read      230.3   149.4    68.9   109.5   119.8   198.8   253.9   288.5   313.3   341.7   377.9   433.6   576.5  1038.7  4014.7 104754.4   104630
read      231.0    86.5    68.9   112.0   123.5   229.2   271.5   292.0   306.1   320.8   341.0   369.9   429.9   566.2  1369.1  42673.6    42594
read      232.4   152.8    68.9   108.7   119.0   203.3   262.4   296.8   320.6   348.0   381.8   431.5   551.2   883.4  3109.9  95148.8    95196
read      231.0    98.9    68.9   109.5   119.9   223.6   272.5   297.3   313.8   332.0   353.4   384.6   441.5   546.0  2177.5  52273.0    52243
read      229.7    96.7    74.4   112.7   124.6   228.2   267.5   287.0   300.0   314.7   333.1   360.5   418.4   711.1  2017.0  37053.2    37031
read      231.8   119.0    74.4   112.5   124.2   228.4   270.5   291.4   305.7   320.7   340.3   368.1   426.8   594.7  3897.4  39777.0    39878
read      243.7   161.4    74.4   111.2   122.5   201.4   257.8   296.0   326.7   364.9   415.5   503.1   741.0  1182.9  2353.1 110836.6   110750
read      203.5    54.0    86.8   141.7   157.3   201.5   216.3   224.9   230.7   237.0   248.3   265.1   307.6   541.0  2015.5   8282.8     8231
read      231.7   123.5    68.9   107.4   117.7   218.4   271.6   299.6   318.5   339.7   364.8   399.1   467.3   614.3  3911.1  63579.4    63638
read      241.4   130.7    68.9   108.6   119.3   213.3   277.5   315.1   340.9   368.9   401.0   448.6   548.9   940.3  3160.6  90187.2    90167
read      228.0   110.1    68.9   107.1   117.7   220.2   268.1   291.9   307.7   324.5   345.0   375.0   436.7   914.7  3610.6  50552.2    50555
read      202.4    69.4    80.4   120.0   134.2   202.2   222.7   233.1   241.1   250.6   263.1   281.2   323.6   552.9  3109.8  16044.4    15997
read      218.9    82.0    68.9   106.9   117.4   216.4   258.3   278.2   291.5   306.5   323.5   348.8   400.7   504.3  1126.3  43063.0    43089
read      192.8    50.9    68.9   122.5   137.2   191.7   209.5   218.6   226.0   233.3   244.8   262.2   297.7   526.9  1957.4  12212.0    12188
read      220.5   133.7    68.9   102.2   111.7   203.2   257.5   286.7   306.2   327.2   351.9   387.5   453.7   578.3  6035.1  76680.6    76615
read      322.8   414.7    68.9   114.7   129.6   218.6   253.4   276.2   296.6   330.2   420.0  1331.5  1746.1  3636.7  8072.7 143462.2   143480
read      216.1   114.1    68.9   104.2   114.0   204.1   253.0   276.2   291.9   309.5   331.0   363.1   432.0   834.3  3374.4  63799.4    63793
read      220.3   110.5    68.9   102.3   112.1   205.3   258.6   286.9   305.8   326.2   350.1   384.7   449.1   569.2  2361.8  72315.8    71996
read      222.3   111.0    68.9   107.8   118.6   219.4   260.3   280.1   293.3   308.6   326.4   353.1   408.2   715.9  2344.4  41780.4    41778
read      210.4    69.4    74.4   116.7   129.6   212.1   235.9   248.8   257.5   267.9   280.5   299.9   342.2   518.5  2994.0  21947.8    21860
read      218.7   103.2    68.9   106.1   116.4   213.0   255.9   277.0   291.2   306.8   324.5   350.6   406.7   686.3  3388.7  45578.4    45582
read      220.6   114.7    68.9   102.2   111.7   202.6   257.8   288.2   308.5   330.6   356.6   392.4   462.0   608.0  1732.6  81685.8    81972
read      218.2    89.8    74.4   107.0   117.4   215.3   256.3   275.9   289.3   303.9   320.4   345.9   398.4   531.8  2185.8  42858.2    42852
read      219.5    97.4    68.9   104.9   115.1   211.3   258.0   281.1   296.3   313.2   333.5   363.0   422.6   768.5  2651.0  51847.4    51852
read      210.6   122.4    68.9   102.5   111.8   182.6   234.1   266.4   289.1   314.8   346.1   394.4   501.4   720.8  2357.3 109137.2   109368
read      229.2   102.1    68.9   104.1   114.2   218.5   267.6   294.5   314.1   336.4   363.5   399.5   465.9   611.6  2125.7  55825.2    55794
read      221.7   114.0    74.4   112.9   124.6   222.9   254.4   269.5   279.9   292.0   307.8   331.7   387.8   999.3  5077.6  35519.0    35534
read      203.1   100.2    68.9   101.6   110.5   183.8   234.2   261.0   277.8   296.2   317.7   348.7   418.3   835.7  2479.9  90407.6    90576
read      202.5   106.9    68.9   102.2   111.3   181.6   232.0   260.6   279.3   299.1   321.1   352.8   410.9   498.9  3283.3  94857.6    95085
read      208.6   116.7    68.9   104.8   114.7   186.5   236.1   265.6   285.3   306.8   331.4   365.3   429.7   555.4  4236.0  99924.6   100029
read      221.7   117.5    74.4   109.3   119.2   205.9   261.3   286.5   303.0   320.4   341.7   371.4   431.2   575.2  4277.7  72734.8    72551
read      214.0   101.8    68.9   106.2   116.0   194.8   250.0   277.7   295.5   314.6   336.9   368.0   429.0   529.0  2534.1  84333.8    84629
read      218.7   114.2    68.9   108.4   118.4   203.3   258.4   283.6   299.9   317.2   338.1   367.2   424.6   510.2  3299.2  73774.4    74136
read      214.0   139.3    68.9   111.4   122.7   193.5   235.3   262.7   282.2   304.7   332.0   370.4   450.1   630.4  3678.4 130591.6   130756
read      221.5    96.4    74.4   109.6   119.8   209.3   263.1   287.0   302.5   318.6   338.8   367.5   423.9   513.3  2878.4  69906.2    69916
read      219.4    93.9    68.9   108.6   118.6   205.4   260.2   284.9   300.9   317.7   338.3   367.4   423.9   514.0  2675.6  71959.0    72019
read      218.7   107.7    68.9   108.7   118.7   201.1   256.7   282.9   299.9   317.9   339.8   370.7   432.0   531.3  3117.1  77922.2    78070
read      210.4    99.7    68.9   106.8   116.6   188.5   238.1   267.8   287.7   309.4   334.7   369.6   433.3   537.1  2659.8  99921.6    99548
read      231.6    87.1    74.4   120.5   133.2   237.3   268.6   283.5   293.4   305.4   318.9   341.8   389.4   516.9  2172.4  36349.0    36393
read      271.0   143.9    68.9   135.6   153.3   248.6   296.0   325.0   347.2   375.5   415.4   479.9   624.1   828.2  4491.7 172734.6   172591
read      215.0   101.6    86.8   147.8   163.0   212.1   227.8   235.6   242.9   250.6   261.2   276.6   320.8   765.4  5465.3   8361.2     8325
read      219.2   102.0    68.9   108.6   118.6   204.4   258.8   283.7   299.8   317.2   338.7   368.7   428.2   512.0  3028.6  73302.4    73684
read      230.3   105.8    74.4   114.6   126.5   231.7   271.9   289.8   301.8   315.2   332.0   356.2   404.1   572.2  3229.4  48455.2    48420
read      210.5   129.1    86.8   147.4   161.6   205.9   221.5   229.9   235.2   244.0   253.7   271.3   317.0  1054.1  7297.8   6854.2     6828
read      208.6    98.7    68.9   108.1   118.4   187.6   232.1   260.5   280.7   303.2   329.6   366.5   432.7   538.6  1797.6 118324.6   118747
read      209.7    75.9    93.8   147.7   162.2   206.8   222.0   230.5   235.7   244.9   254.3   271.2   313.7   582.5  3099.0   7112.8     7123
read      295.2   161.9    74.4   146.2   166.5   272.7   324.5   356.6   380.9   410.2   450.2   513.4   657.2   865.1  4248.0 175005.6   175577
read      215.2   105.9    68.9   113.9   126.5   197.0   236.1   261.5   279.6   301.2   328.1   367.8   451.5   629.1  2663.3 147454.2   147498
read      232.7    96.9    74.4   121.2   134.1   239.2   269.1   283.4   292.9   304.4   317.6   339.6   386.6   528.1  2349.6  35855.6    35814
read      222.8   105.3    68.9   108.9   119.4   217.6   261.3   281.1   294.5   310.5   330.2   361.9   436.1  1054.9  2168.1  59437.4    59488
read      248.9   126.1    68.9   128.4   144.1   230.2   273.4   298.8   317.8   341.4   372.8   426.4   558.2   785.0  3568.5 167316.0   167483
read      213.3   115.4    68.9   106.8   116.6   192.8   246.3   274.8   293.3   313.0   336.3   368.5   429.8   535.2  2326.1  88964.6    88988
read      213.2    55.7    86.8   143.3   160.2   211.6   227.9   235.8   243.4   251.1   262.3   278.6   321.2   829.8  1962.5   9881.4     9869
read      210.0   112.7    68.9   108.1   118.2   188.0   234.5   263.9   284.2   306.6   332.4   368.2   434.6   546.4  2607.8 111545.4   111786
read      212.4   102.0    68.9   106.5   116.4   191.1   244.1   273.2   292.0   312.3   335.9   368.3   431.2   546.1  3238.4  92845.0    92736
read      291.9   155.5    74.4   149.0   169.0   271.5   320.5   350.7   373.5   401.5   438.8   498.9   625.6   823.2  4238.0 178410.4   178657
read      210.0   113.3    68.9   107.2   117.3   187.9   235.6   265.4   285.6   307.7   333.5   369.1   434.5   547.1  2333.6 108876.2   108877
read      223.0    58.5    74.4   132.0   146.6   226.5   246.3   256.4   264.5   272.7   285.2   303.1   344.1   541.3  1715.0  18967.4    19091
read      216.8    92.9    68.9   107.3   117.3   208.9   259.3   280.6   294.0   309.3   326.8   351.9   400.7   495.4  2324.2  65616.4    65772
read      212.2   127.2    68.9   104.6   114.0   194.5   248.9   274.7   291.1   309.0   330.1   360.7   421.6   566.8  4268.1  79108.4    79060
read      205.2   156.2    68.9   103.6   112.8   182.2   232.2   261.7   281.3   302.3   326.2   359.7   420.6   531.0  5340.8  99677.8    99953
read      221.6    67.6    74.4   124.8   138.0   227.2   249.4   260.8   268.6   277.0   289.8   308.5   345.5   486.3  2183.1  24408.6    24354
read      201.1   157.0    68.9   108.2   118.5   182.0   218.9   242.9   261.4   283.1   309.7   345.7   412.9   520.5  4378.2 144345.2   144236
read      214.7   135.6    68.9   118.1   131.3   200.4   234.8   256.4   272.2   291.4   315.5   351.2   424.4   549.0  3288.8 168175.8   168093
read      217.8    60.3    80.4   125.2   138.6   223.0   243.4   253.7   261.8   270.5   282.0   297.3   337.2   508.5  1535.8  22122.0    22028
read      210.0    95.8    68.9   104.3   113.6   193.8   248.1   273.2   289.5   306.8   326.6   355.7   407.8   492.1  2098.0  77747.2    77499
read      199.8   131.5    68.9   105.2   114.9   178.7   218.9   245.6   266.0   288.9   315.5   351.0   414.4   509.2  3297.4 128415.4   128271
read      200.4   121.2    68.9   105.2   114.9   179.2   220.6   248.0   268.5   291.3   317.4   352.4   413.4   503.3  3064.8 126796.8   126673
read      221.5    92.8    74.4   113.5   125.1   226.6   260.6   275.5   286.3   297.2   312.3   333.6   373.1   460.0  1367.9  43568.0    43605
read      204.5   126.1    68.9   104.1   113.4   182.0   230.9   260.6   280.4   301.7   325.7   359.2   418.0   506.9  3455.8 103352.0   103217
read      206.1   106.4    68.9   103.8   113.1   184.7   236.8   265.7   284.4   304.3   327.0   358.9   416.2   503.8  3499.2  93635.6    93706
read      222.5    77.5    74.4   125.8   139.4   227.0   248.8   260.0   267.8   275.7   289.0   307.5   345.3   544.8  2587.5  23364.8    23247
read      211.1    97.0    68.9   104.6   114.0   194.6   249.0   274.5   291.0   308.6   328.9   357.8   410.6   521.9  2286.7  77370.8    77378
read      208.1    73.5    80.4   138.6   154.8   207.7   223.3   231.3   236.4   245.0   253.6   270.4   308.9   555.8  3697.3  10520.8    10495
read      199.2   131.7    68.9   105.9   115.8   178.8   217.7   243.4   263.3   285.9   312.6   347.7   412.3   511.6  3246.6 134884.4   134841
read      198.1   106.1    68.9   103.6   112.9   176.8   218.9   246.6   266.9   289.3   315.2   349.7   410.7   504.0  3110.6 120702.2   120602
read      220.5    80.3    74.4   115.2   127.1   226.2   256.0   269.9   279.5   290.9   305.0   325.0   369.8   498.8  1952.7  37114.8    36975
read      203.6   151.5    68.9   110.7   121.5   185.6   221.9   245.3   263.3   284.5   310.5   346.3   413.6   504.9  3900.7 151133.2   151323
read      203.6   107.7    68.9   103.7   112.9   181.1   230.0   259.8   279.8   301.4   325.8   360.0   421.1   508.7  2185.1 104898.4   105217
read      205.2   123.9    68.9   104.6   114.1   182.3   229.3   258.6   278.9   301.4   327.5   363.8   430.8   605.7  3178.3 110755.8   110653
read      205.1   105.8    68.9   107.5   117.7   183.8   225.9   252.9   273.0   295.8   322.4   360.9   431.0   587.0  3144.4 127471.0   127593

Total QPS = 87975.3 (105570320 / 1200.0s)

Total connections = 64
Misses = 0 (0.0%)
Skipped TXs = 0 (0.0%)

RX 26075868546 bytes :   20.7 MB/s
TX          0 bytes :    0.0 MB/s
Warning! Detected max cpu usage > 95%
CPU Usage Stats (avg/min/max): 99.84%,5.61%,100.00%
